
===========================================================================
report_checks -unconstrained
===========================================================================
======================= Fastest Corner ===================================

Startpoint: A[2] (input port clocked by __VIRTUAL_CLK__)
Endpoint: zero_flag (output port clocked by __VIRTUAL_CLK__)
Path Group: __VIRTUAL_CLK__
Path Type: max
Corner: Fastest

Fanout     Cap    Slew   Delay    Time   Description
-----------------------------------------------------------------------------
                  0.00    0.00    0.00   clock __VIRTUAL_CLK__ (rise edge)
                          0.00    0.00   clock network delay (ideal)
                          2.00    2.00 ^ input external delay
                  0.02    0.02    2.02 ^ A[2] (in)
     1    0.01                           A[2] (net)
                  0.02    0.00    2.02 ^ input23/A (sky130_fd_sc_hd__buf_6)
                  0.12    0.12    2.14 ^ input23/X (sky130_fd_sc_hd__buf_6)
     5    0.08                           net23 (net)
                  0.12    0.01    2.15 ^ _3759_/A (sky130_fd_sc_hd__buf_8)
                  0.07    0.11    2.26 ^ _3759_/X (sky130_fd_sc_hd__buf_8)
    10    0.05                           _0314_ (net)
                  0.07    0.00    2.27 ^ _3760_/A (sky130_fd_sc_hd__buf_6)
                  0.08    0.12    2.38 ^ _3760_/X (sky130_fd_sc_hd__buf_6)
    10    0.05                           _0324_ (net)
                  0.08    0.00    2.38 ^ _3798_/A (sky130_fd_sc_hd__buf_6)
                  0.09    0.13    2.51 ^ _3798_/X (sky130_fd_sc_hd__buf_6)
    10    0.06                           _0739_ (net)
                  0.09    0.00    2.51 ^ _4946_/B (sky130_fd_sc_hd__and4_1)
                  0.08    0.16    2.67 ^ _4946_/X (sky130_fd_sc_hd__and4_1)
     3    0.01                           _0341_ (net)
                  0.08    0.00    2.67 ^ _4948_/B_N (sky130_fd_sc_hd__and4bb_1)
                  0.04    0.15    2.82 v _4948_/X (sky130_fd_sc_hd__and4bb_1)
     2    0.00                           _0343_ (net)
                  0.04    0.00    2.82 v _4949_/B (sky130_fd_sc_hd__or2_4)
                  0.05    0.17    2.99 v _4949_/X (sky130_fd_sc_hd__or2_4)
     2    0.02                           _0344_ (net)
                  0.05    0.00    2.99 v _4957_/A (sky130_fd_sc_hd__xnor2_2)
                  0.05    0.11    3.10 v _4957_/Y (sky130_fd_sc_hd__xnor2_2)
     2    0.01                           _0353_ (net)
                  0.05    0.00    3.10 v _4958_/B1 (sky130_fd_sc_hd__o21a_1)
                  0.05    0.09    3.20 v _4958_/X (sky130_fd_sc_hd__o21a_1)
     3    0.01                           _0354_ (net)
                  0.05    0.00    3.20 v _4961_/A1 (sky130_fd_sc_hd__o211a_1)
                  0.05    0.18    3.37 v _4961_/X (sky130_fd_sc_hd__o211a_1)
     2    0.01                           _0358_ (net)
                  0.05    0.00    3.37 v _4998_/B (sky130_fd_sc_hd__nor4_2)
                  0.16    0.19    3.56 ^ _4998_/Y (sky130_fd_sc_hd__nor4_2)
     2    0.00                           _0398_ (net)
                  0.16    0.00    3.56 ^ max_cap6/A (sky130_fd_sc_hd__clkbuf_1)
                  0.06    0.08    3.65 ^ max_cap6/X (sky130_fd_sc_hd__clkbuf_1)
     2    0.01                           net202 (net)
                  0.06    0.00    3.65 ^ max_cap115/A (sky130_fd_sc_hd__clkbuf_2)
                  0.04    0.08    3.73 ^ max_cap115/X (sky130_fd_sc_hd__clkbuf_2)
     2    0.01                           net115 (net)
                  0.04    0.00    3.73 ^ rebuffer48/A (sky130_fd_sc_hd__clkbuf_2)
                  0.05    0.09    3.82 ^ rebuffer48/X (sky130_fd_sc_hd__clkbuf_2)
     1    0.01                           net172 (net)
                  0.05    0.00    3.82 ^ _5000_/B1 (sky130_fd_sc_hd__a211oi_4)
                  0.07    0.04    3.86 v _5000_/Y (sky130_fd_sc_hd__a211oi_4)
     5    0.02                           _0400_ (net)
                  0.07    0.00    3.86 v _5002_/B (sky130_fd_sc_hd__or3_4)
                  0.05    0.25    4.11 v _5002_/X (sky130_fd_sc_hd__or3_4)
     3    0.01                           _0403_ (net)
                  0.05    0.00    4.11 v _5005_/A (sky130_fd_sc_hd__and3_1)
                  0.04    0.11    4.23 v _5005_/X (sky130_fd_sc_hd__and3_1)
     2    0.01                           _0406_ (net)
                  0.04    0.00    4.23 v _5007_/B (sky130_fd_sc_hd__or3_4)
                  0.07    0.27    4.50 v _5007_/X (sky130_fd_sc_hd__or3_4)
     5    0.03                           _0408_ (net)
                  0.07    0.00    4.50 v rebuffer57/A (sky130_fd_sc_hd__clkbuf_1)
                  0.02    0.07    4.57 v rebuffer57/X (sky130_fd_sc_hd__clkbuf_1)
     1    0.00                           net181 (net)
                  0.02    0.00    4.57 v rebuffer56/A (sky130_fd_sc_hd__clkbuf_1)
                  0.03    0.06    4.63 v rebuffer56/X (sky130_fd_sc_hd__clkbuf_1)
     1    0.00                           net180 (net)
                  0.03    0.00    4.63 v _5009_/A (sky130_fd_sc_hd__nand2_2)
                  0.07    0.06    4.69 ^ _5009_/Y (sky130_fd_sc_hd__nand2_2)
     2    0.01                           _0410_ (net)
                  0.07    0.00    4.69 ^ _5012_/A (sky130_fd_sc_hd__xnor2_2)
                  0.15    0.10    4.79 ^ _5012_/Y (sky130_fd_sc_hd__xnor2_2)
     3    0.01                           _0414_ (net)
                  0.15    0.00    4.79 ^ _5013_/B (sky130_fd_sc_hd__xnor2_1)
                  0.07    0.06    4.86 v _5013_/Y (sky130_fd_sc_hd__xnor2_1)
     2    0.01                           _0415_ (net)
                  0.07    0.00    4.86 v _5138_/B (sky130_fd_sc_hd__or2_1)
                  0.04    0.15    5.01 v _5138_/X (sky130_fd_sc_hd__or2_1)
     2    0.01                           _0551_ (net)
                  0.04    0.00    5.01 v _5139_/B (sky130_fd_sc_hd__or4bb_4)
                  0.07    0.35    5.36 v _5139_/X (sky130_fd_sc_hd__or4bb_4)
     4    0.02                           _0552_ (net)
                  0.07    0.00    5.36 v _6116_/A2 (sky130_fd_sc_hd__a311o_4)
                  0.07    0.30    5.65 v _6116_/X (sky130_fd_sc_hd__a311o_4)
     2    0.03                           _1619_ (net)
                  0.07    0.00    5.65 v rebuffer29/A (sky130_fd_sc_hd__clkbuf_1)
                  0.03    0.08    5.74 v rebuffer29/X (sky130_fd_sc_hd__clkbuf_1)
     2    0.00                           net153 (net)
                  0.03    0.00    5.74 v _6121_/A (sky130_fd_sc_hd__and3_1)
                  0.05    0.11    5.85 v _6121_/X (sky130_fd_sc_hd__and3_1)
     3    0.01                           _1625_ (net)
                  0.05    0.00    5.85 v _6240_/A1 (sky130_fd_sc_hd__o21a_1)
                  0.03    0.13    5.97 v _6240_/X (sky130_fd_sc_hd__o21a_1)
     1    0.00                           _1755_ (net)
                  0.03    0.00    5.97 v _6241_/B1_N (sky130_fd_sc_hd__a21boi_1)
                  0.05    0.08    6.06 v _6241_/Y (sky130_fd_sc_hd__a21boi_1)
     1    0.00                           _1757_ (net)
                  0.05    0.00    6.06 v _6267_/B (sky130_fd_sc_hd__or4_4)
                  0.06    0.32    6.38 v _6267_/X (sky130_fd_sc_hd__or4_4)
     1    0.01                           _1785_ (net)
                  0.06    0.00    6.38 v _6268_/A (sky130_fd_sc_hd__buf_6)
                  0.02    0.09    6.48 v _6268_/X (sky130_fd_sc_hd__buf_6)
     2    0.01                           net85 (net)
                  0.02    0.00    6.48 v _7493_/A_N (sky130_fd_sc_hd__and4b_1)
                  0.04    0.14    6.62 ^ _7493_/X (sky130_fd_sc_hd__and4b_1)
     1    0.00                           _3121_ (net)
                  0.04    0.00    6.62 ^ _7494_/D (sky130_fd_sc_hd__and4bb_1)
                  0.10    0.17    6.79 ^ _7494_/X (sky130_fd_sc_hd__and4bb_1)
     1    0.01                           _3122_ (net)
                  0.10    0.00    6.79 ^ _7496_/C (sky130_fd_sc_hd__and4bb_1)
                  0.04    0.12    6.91 ^ _7496_/X (sky130_fd_sc_hd__and4bb_1)
     1    0.00                           _3124_ (net)
                  0.04    0.00    6.91 ^ _7497_/D (sky130_fd_sc_hd__and4b_2)
                  0.17    0.25    7.16 ^ _7497_/X (sky130_fd_sc_hd__and4b_2)
     1    0.04                           _3125_ (net)
                  0.17    0.00    7.16 ^ _7498_/A (sky130_fd_sc_hd__buf_6)
                  0.04    0.09    7.25 ^ _7498_/X (sky130_fd_sc_hd__buf_6)
     1    0.02                           net101 (net)
                  0.04    0.00    7.25 ^ output101/A (sky130_fd_sc_hd__buf_8)
                  0.05    0.08    7.34 ^ output101/X (sky130_fd_sc_hd__buf_8)
     1    0.03                           zero_flag (net)
                  0.05    0.00    7.34 ^ zero_flag (out)
                                  7.34   data arrival time

                  0.00   10.00   10.00   clock __VIRTUAL_CLK__ (rise edge)
                          0.00   10.00   clock network delay (ideal)
                         -0.25    9.75   clock uncertainty
                          0.00    9.75   clock reconvergence pessimism
                         -2.00    7.75   output external delay
                                  7.75   data required time
-----------------------------------------------------------------------------
                                  7.75   data required time
                                 -7.34   data arrival time
-----------------------------------------------------------------------------
                                  0.41   slack (MET)



======================= Slowest Corner ===================================

Startpoint: A[10] (input port clocked by __VIRTUAL_CLK__)
Endpoint: zero_flag (output port clocked by __VIRTUAL_CLK__)
Path Group: __VIRTUAL_CLK__
Path Type: max
Corner: Slowest

Fanout     Cap    Slew   Delay    Time   Description
-----------------------------------------------------------------------------
                  0.00    0.00    0.00   clock __VIRTUAL_CLK__ (rise edge)
                          0.00    0.00   clock network delay (ideal)
                          2.00    2.00 v input external delay
                  0.02    0.01    2.01 v A[10] (in)
     1    0.00                           A[10] (net)
                  0.02    0.00    2.01 v input2/A (sky130_fd_sc_hd__clkbuf_4)
                  0.20    0.36    2.37 v input2/X (sky130_fd_sc_hd__clkbuf_4)
     5    0.05                           net2 (net)
                  0.20    0.01    2.38 v _3932_/A (sky130_fd_sc_hd__clkbuf_4)
                  0.21    0.46    2.84 v _3932_/X (sky130_fd_sc_hd__clkbuf_4)
    10    0.06                           _2204_ (net)
                  0.21    0.00    2.84 v _3933_/A (sky130_fd_sc_hd__clkbuf_4)
                  0.21    0.46    3.31 v _3933_/X (sky130_fd_sc_hd__clkbuf_4)
    10    0.06                           _2215_ (net)
                  0.21    0.00    3.31 v _3934_/A (sky130_fd_sc_hd__buf_2)
                  0.19    0.45    3.76 v _3934_/X (sky130_fd_sc_hd__buf_2)
    10    0.04                           _2226_ (net)
                  0.19    0.00    3.76 v _3935_/A (sky130_fd_sc_hd__clkbuf_4)
                  0.21    0.46    4.22 v _3935_/X (sky130_fd_sc_hd__clkbuf_4)
    10    0.06                           _2237_ (net)
                  0.21    0.01    4.23 v _3939_/A0 (sky130_fd_sc_hd__mux2_1)
                  0.14    0.76    4.99 v _3939_/X (sky130_fd_sc_hd__mux2_1)
     2    0.01                           _2281_ (net)
                  0.14    0.00    4.99 v _3940_/A1 (sky130_fd_sc_hd__mux2_1)
                  0.16    0.78    5.77 v _3940_/X (sky130_fd_sc_hd__mux2_1)
     2    0.01                           _2292_ (net)
                  0.16    0.00    5.77 v _3988_/A0 (sky130_fd_sc_hd__mux4_1)
                  0.19    1.24    7.01 v _3988_/X (sky130_fd_sc_hd__mux4_1)
     1    0.01                           _2817_ (net)
                  0.19    0.00    7.01 v _3989_/A1 (sky130_fd_sc_hd__mux2_1)
                  0.12    0.74    7.75 v _3989_/X (sky130_fd_sc_hd__mux2_1)
     1    0.00                           _2828_ (net)
                  0.12    0.00    7.75 v _3990_/B1 (sky130_fd_sc_hd__a41o_1)
                  0.13    0.46    8.22 v _3990_/X (sky130_fd_sc_hd__a41o_1)
     1    0.01                           _2839_ (net)
                  0.13    0.00    8.22 v _3991_/B2 (sky130_fd_sc_hd__a32o_1)
                  0.06    0.41    8.62 v _3991_/X (sky130_fd_sc_hd__a32o_1)
     1    0.00                           _2850_ (net)
                  0.06    0.00    8.62 v _3992_/D (sky130_fd_sc_hd__or4_1)
                  0.18    1.00    9.63 v _3992_/X (sky130_fd_sc_hd__or4_1)
     1    0.00                           _2861_ (net)
                  0.18    0.00    9.63 v _3993_/B1 (sky130_fd_sc_hd__a31o_1)
                  0.16    0.50   10.13 v _3993_/X (sky130_fd_sc_hd__a31o_1)
     2    0.01                           net95 (net)
                  0.16    0.00   10.13 v _7486_/A (sky130_fd_sc_hd__or4_4)
                  0.18    1.19   11.32 v _7486_/X (sky130_fd_sc_hd__or4_4)
     1    0.01                           _3113_ (net)
                  0.18    0.00   11.32 v _7487_/D (sky130_fd_sc_hd__or4_1)
                  0.18    1.04   12.35 v _7487_/X (sky130_fd_sc_hd__or4_1)
     1    0.00                           _3114_ (net)
                  0.18    0.00   12.35 v _7488_/C (sky130_fd_sc_hd__or3_1)
                  0.16    0.83   13.19 v _7488_/X (sky130_fd_sc_hd__or3_1)
     1    0.01                           _3115_ (net)
                  0.16    0.00   13.19 v _7489_/C (sky130_fd_sc_hd__or3_1)
                  0.18    0.86   14.04 v _7489_/X (sky130_fd_sc_hd__or3_1)
     1    0.01                           _3116_ (net)
                  0.18    0.00   14.04 v _7490_/D (sky130_fd_sc_hd__or4_1)
                  0.18    1.04   15.08 v _7490_/X (sky130_fd_sc_hd__or4_1)
     1    0.00                           _3117_ (net)
                  0.18    0.00   15.08 v _7491_/D (sky130_fd_sc_hd__or4_4)
                  0.20    1.01   16.09 v _7491_/X (sky130_fd_sc_hd__or4_4)
     1    0.02                           _3119_ (net)
                  0.20    0.00   16.09 v _7492_/D (sky130_fd_sc_hd__nor4_2)
                  0.35    0.31   16.40 ^ _7492_/Y (sky130_fd_sc_hd__nor4_2)
     1    0.00                           _3120_ (net)
                  0.35    0.00   16.40 ^ _7494_/C (sky130_fd_sc_hd__and4bb_1)
                  0.23    0.63   17.02 ^ _7494_/X (sky130_fd_sc_hd__and4bb_1)
     1    0.01                           _3122_ (net)
                  0.23    0.00   17.02 ^ _7496_/C (sky130_fd_sc_hd__and4bb_1)
                  0.10    0.45   17.48 ^ _7496_/X (sky130_fd_sc_hd__and4bb_1)
     1    0.00                           _3124_ (net)
                  0.10    0.00   17.48 ^ _7497_/D (sky130_fd_sc_hd__and4b_2)
                  0.38    0.80   18.28 ^ _7497_/X (sky130_fd_sc_hd__and4b_2)
     1    0.04                           _3125_ (net)
                  0.38    0.00   18.28 ^ _7498_/A (sky130_fd_sc_hd__buf_6)
                  0.08    0.33   18.61 ^ _7498_/X (sky130_fd_sc_hd__buf_6)
     1    0.02                           net101 (net)
                  0.08    0.00   18.61 ^ output101/A (sky130_fd_sc_hd__buf_8)
                  0.10    0.22   18.83 ^ output101/X (sky130_fd_sc_hd__buf_8)
     1    0.03                           zero_flag (net)
                  0.10    0.00   18.83 ^ zero_flag (out)
                                 18.83   data arrival time

                  0.00   10.00   10.00   clock __VIRTUAL_CLK__ (rise edge)
                          0.00   10.00   clock network delay (ideal)
                         -0.25    9.75   clock uncertainty
                          0.00    9.75   clock reconvergence pessimism
                         -2.00    7.75   output external delay
                                  7.75   data required time
-----------------------------------------------------------------------------
                                  7.75   data required time
                                -18.83   data arrival time
-----------------------------------------------------------------------------
                                -11.08   slack (VIOLATED)



======================= Typical Corner ===================================

Startpoint: B[1] (input port clocked by __VIRTUAL_CLK__)
Endpoint: zero_flag (output port clocked by __VIRTUAL_CLK__)
Path Group: __VIRTUAL_CLK__
Path Type: max
Corner: Typical

Fanout     Cap    Slew   Delay    Time   Description
-----------------------------------------------------------------------------
                  0.00    0.00    0.00   clock __VIRTUAL_CLK__ (rise edge)
                          0.00    0.00   clock network delay (ideal)
                          2.00    2.00 ^ input external delay
                  0.03    0.02    2.02 ^ B[1] (in)
     1    0.01                           B[1] (net)
                  0.03    0.00    2.02 ^ input44/A (sky130_fd_sc_hd__buf_6)
                  0.15    0.18    2.20 ^ input44/X (sky130_fd_sc_hd__buf_6)
     9    0.07                           net44 (net)
                  0.15    0.01    2.21 ^ _3766_/A (sky130_fd_sc_hd__clkbuf_4)
                  0.15    0.26    2.47 ^ _3766_/X (sky130_fd_sc_hd__clkbuf_4)
    10    0.05                           _0390_ (net)
                  0.15    0.00    2.47 ^ _3767_/A (sky130_fd_sc_hd__buf_4)
                  0.20    0.27    2.74 ^ _3767_/X (sky130_fd_sc_hd__buf_4)
    10    0.07                           _0401_ (net)
                  0.20    0.00    2.74 ^ _6457_/B (sky130_fd_sc_hd__nand4_1)
                  0.14    0.18    2.92 v _6457_/Y (sky130_fd_sc_hd__nand4_1)
     3    0.01                           _1992_ (net)
                  0.14    0.00    2.93 v _6461_/A1 (sky130_fd_sc_hd__a21o_1)
                  0.05    0.22    3.15 v _6461_/X (sky130_fd_sc_hd__a21o_1)
     2    0.01                           _1997_ (net)
                  0.05    0.00    3.15 v _6464_/A2 (sky130_fd_sc_hd__a21o_1)
                  0.06    0.22    3.36 v _6464_/X (sky130_fd_sc_hd__a21o_1)
     3    0.01                           _2000_ (net)
                  0.06    0.00    3.36 v _6471_/A2 (sky130_fd_sc_hd__a21o_1)
                  0.05    0.21    3.57 v _6471_/X (sky130_fd_sc_hd__a21o_1)
     2    0.01                           _2008_ (net)
                  0.05    0.00    3.57 v _6473_/B (sky130_fd_sc_hd__and3_1)
                  0.07    0.21    3.78 v _6473_/X (sky130_fd_sc_hd__and3_1)
     1    0.01                           _2010_ (net)
                  0.07    0.00    3.78 v _6474_/A (sky130_fd_sc_hd__buf_2)
                  0.08    0.19    3.97 v _6474_/X (sky130_fd_sc_hd__buf_2)
     6    0.03                           _2011_ (net)
                  0.08    0.00    3.97 v _6485_/A (sky130_fd_sc_hd__or3_4)
                  0.10    0.46    4.44 v _6485_/X (sky130_fd_sc_hd__or3_4)
     2    0.02                           _2023_ (net)
                  0.10    0.00    4.44 v _6487_/B1 (sky130_fd_sc_hd__o211a_1)
                  0.07    0.19    4.63 v _6487_/X (sky130_fd_sc_hd__o211a_1)
     3    0.01                           _2025_ (net)
                  0.07    0.00    4.63 v _6511_/A (sky130_fd_sc_hd__nor4_2)
                  0.27    0.34    4.96 ^ _6511_/Y (sky130_fd_sc_hd__nor4_2)
     2    0.01                           _2052_ (net)
                  0.27    0.00    4.96 ^ wire4/A (sky130_fd_sc_hd__buf_2)
                  0.08    0.21    5.17 ^ wire4/X (sky130_fd_sc_hd__buf_2)
     2    0.01                           net200 (net)
                  0.08    0.00    5.17 ^ _6513_/B1 (sky130_fd_sc_hd__a211oi_4)
                  0.09    0.06    5.23 v _6513_/Y (sky130_fd_sc_hd__a211oi_4)
     3    0.02                           _2054_ (net)
                  0.09    0.00    5.23 v _6547_/A (sky130_fd_sc_hd__or4bb_4)
                  0.10    0.61    5.84 v _6547_/X (sky130_fd_sc_hd__or4bb_4)
     3    0.01                           _2091_ (net)
                  0.10    0.00    5.84 v _6550_/A1 (sky130_fd_sc_hd__a211o_1)
                  0.06    0.30    6.14 v _6550_/X (sky130_fd_sc_hd__a211o_1)
     2    0.01                           _2094_ (net)
                  0.06    0.00    6.14 v _6551_/C (sky130_fd_sc_hd__and3_1)
                  0.06    0.22    6.36 v _6551_/X (sky130_fd_sc_hd__and3_1)
     3    0.01                           _2096_ (net)
                  0.06    0.00    6.36 v _6553_/B1 (sky130_fd_sc_hd__a211o_1)
                  0.08    0.32    6.68 v _6553_/X (sky130_fd_sc_hd__a211o_1)
     3    0.01                           _2098_ (net)
                  0.08    0.00    6.68 v _6556_/A1 (sky130_fd_sc_hd__a211o_1)
                  0.07    0.30    6.98 v _6556_/X (sky130_fd_sc_hd__a211o_1)
     2    0.01                           _2101_ (net)
                  0.07    0.00    6.98 v _6558_/A2 (sky130_fd_sc_hd__a211o_1)
                  0.04    0.30    7.28 v _6558_/X (sky130_fd_sc_hd__a211o_1)
     1    0.00                           _2103_ (net)
                  0.04    0.00    7.28 v _6559_/B (sky130_fd_sc_hd__and2_2)
                  0.08    0.25    7.53 v _6559_/X (sky130_fd_sc_hd__and2_2)
     2    0.02                           _2104_ (net)
                  0.08    0.00    7.53 v _6560_/B (sky130_fd_sc_hd__xnor2_4)
                  0.12    0.18    7.71 v _6560_/Y (sky130_fd_sc_hd__xnor2_4)
     4    0.03                           _2105_ (net)
                  0.12    0.00    7.71 v _6913_/C (sky130_fd_sc_hd__or4_4)
                  0.09    0.52    8.24 v _6913_/X (sky130_fd_sc_hd__or4_4)
     1    0.01                           _2492_ (net)
                  0.09    0.00    8.24 v _6914_/B1 (sky130_fd_sc_hd__a31oi_2)
                  0.17    0.19    8.43 ^ _6914_/Y (sky130_fd_sc_hd__a31oi_2)
     2    0.01                           _2493_ (net)
                  0.17    0.00    8.43 ^ rebuffer44/A (sky130_fd_sc_hd__clkbuf_1)
                  0.08    0.14    8.57 ^ rebuffer44/X (sky130_fd_sc_hd__clkbuf_1)
     1    0.01                           net168 (net)
                  0.08    0.00    8.57 ^ _6918_/A1 (sky130_fd_sc_hd__o31ai_2)
                  0.10    0.11    8.68 v _6918_/Y (sky130_fd_sc_hd__o31ai_2)
     4    0.01                           _2497_ (net)
                  0.10    0.00    8.68 v _7254_/B1 (sky130_fd_sc_hd__o2bb2a_2)
                  0.06    0.32    8.99 v _7254_/X (sky130_fd_sc_hd__o2bb2a_2)
     3    0.01                           _2865_ (net)
                  0.06    0.00    8.99 v _7255_/A2 (sky130_fd_sc_hd__o21ai_1)
                  0.11    0.13    9.12 ^ _7255_/Y (sky130_fd_sc_hd__o21ai_1)
     1    0.00                           _2866_ (net)
                  0.11    0.00    9.12 ^ _7256_/B1 (sky130_fd_sc_hd__a21oi_1)
                  0.07    0.07    9.20 v _7256_/Y (sky130_fd_sc_hd__a21oi_1)
     1    0.01                           _2867_ (net)
                  0.07    0.00    9.20 v _7268_/B1 (sky130_fd_sc_hd__a311o_1)
                  0.06    0.35    9.55 v _7268_/X (sky130_fd_sc_hd__a311o_1)
     1    0.00                           _2879_ (net)
                  0.06    0.00    9.55 v _7269_/B1 (sky130_fd_sc_hd__a31o_4)
                  0.12    0.31    9.86 v _7269_/X (sky130_fd_sc_hd__a31o_4)
     6    0.08                           net92 (net)
                  0.12    0.00    9.86 v _7497_/A_N (sky130_fd_sc_hd__and4b_2)
                  0.23    0.48   10.34 ^ _7497_/X (sky130_fd_sc_hd__and4b_2)
     1    0.04                           _3125_ (net)
                  0.23    0.00   10.34 ^ _7498_/A (sky130_fd_sc_hd__buf_6)
                  0.05    0.16   10.50 ^ _7498_/X (sky130_fd_sc_hd__buf_6)
     1    0.02                           net101 (net)
                  0.05    0.00   10.51 ^ output101/A (sky130_fd_sc_hd__buf_8)
                  0.07    0.12   10.63 ^ output101/X (sky130_fd_sc_hd__buf_8)
     1    0.03                           zero_flag (net)
                  0.07    0.00   10.63 ^ zero_flag (out)
                                 10.63   data arrival time

                  0.00   10.00   10.00   clock __VIRTUAL_CLK__ (rise edge)
                          0.00   10.00   clock network delay (ideal)
                         -0.25    9.75   clock uncertainty
                          0.00    9.75   clock reconvergence pessimism
                         -2.00    7.75   output external delay
                                  7.75   data required time
-----------------------------------------------------------------------------
                                  7.75   data required time
                                -10.63   data arrival time
-----------------------------------------------------------------------------
                                 -2.88   slack (VIOLATED)




===========================================================================
report_checks --slack_max -0.01
============================================================================
======================= Fastest Corner ===================================

No paths found.

======================= Slowest Corner ===================================

Startpoint: A[10] (input port clocked by __VIRTUAL_CLK__)
Endpoint: zero_flag (output port clocked by __VIRTUAL_CLK__)
Path Group: __VIRTUAL_CLK__
Path Type: max
Corner: Slowest

Fanout     Cap    Slew   Delay    Time   Description
-----------------------------------------------------------------------------
                  0.00    0.00    0.00   clock __VIRTUAL_CLK__ (rise edge)
                          0.00    0.00   clock network delay (ideal)
                          2.00    2.00 v input external delay
                  0.02    0.01    2.01 v A[10] (in)
     1    0.00                           A[10] (net)
                  0.02    0.00    2.01 v input2/A (sky130_fd_sc_hd__clkbuf_4)
                  0.20    0.36    2.37 v input2/X (sky130_fd_sc_hd__clkbuf_4)
     5    0.05                           net2 (net)
                  0.20    0.01    2.38 v _3932_/A (sky130_fd_sc_hd__clkbuf_4)
                  0.21    0.46    2.84 v _3932_/X (sky130_fd_sc_hd__clkbuf_4)
    10    0.06                           _2204_ (net)
                  0.21    0.00    2.84 v _3933_/A (sky130_fd_sc_hd__clkbuf_4)
                  0.21    0.46    3.31 v _3933_/X (sky130_fd_sc_hd__clkbuf_4)
    10    0.06                           _2215_ (net)
                  0.21    0.00    3.31 v _3934_/A (sky130_fd_sc_hd__buf_2)
                  0.19    0.45    3.76 v _3934_/X (sky130_fd_sc_hd__buf_2)
    10    0.04                           _2226_ (net)
                  0.19    0.00    3.76 v _3935_/A (sky130_fd_sc_hd__clkbuf_4)
                  0.21    0.46    4.22 v _3935_/X (sky130_fd_sc_hd__clkbuf_4)
    10    0.06                           _2237_ (net)
                  0.21    0.01    4.23 v _3939_/A0 (sky130_fd_sc_hd__mux2_1)
                  0.14    0.76    4.99 v _3939_/X (sky130_fd_sc_hd__mux2_1)
     2    0.01                           _2281_ (net)
                  0.14    0.00    4.99 v _3940_/A1 (sky130_fd_sc_hd__mux2_1)
                  0.16    0.78    5.77 v _3940_/X (sky130_fd_sc_hd__mux2_1)
     2    0.01                           _2292_ (net)
                  0.16    0.00    5.77 v _3988_/A0 (sky130_fd_sc_hd__mux4_1)
                  0.19    1.24    7.01 v _3988_/X (sky130_fd_sc_hd__mux4_1)
     1    0.01                           _2817_ (net)
                  0.19    0.00    7.01 v _3989_/A1 (sky130_fd_sc_hd__mux2_1)
                  0.12    0.74    7.75 v _3989_/X (sky130_fd_sc_hd__mux2_1)
     1    0.00                           _2828_ (net)
                  0.12    0.00    7.75 v _3990_/B1 (sky130_fd_sc_hd__a41o_1)
                  0.13    0.46    8.22 v _3990_/X (sky130_fd_sc_hd__a41o_1)
     1    0.01                           _2839_ (net)
                  0.13    0.00    8.22 v _3991_/B2 (sky130_fd_sc_hd__a32o_1)
                  0.06    0.41    8.62 v _3991_/X (sky130_fd_sc_hd__a32o_1)
     1    0.00                           _2850_ (net)
                  0.06    0.00    8.62 v _3992_/D (sky130_fd_sc_hd__or4_1)
                  0.18    1.00    9.63 v _3992_/X (sky130_fd_sc_hd__or4_1)
     1    0.00                           _2861_ (net)
                  0.18    0.00    9.63 v _3993_/B1 (sky130_fd_sc_hd__a31o_1)
                  0.16    0.50   10.13 v _3993_/X (sky130_fd_sc_hd__a31o_1)
     2    0.01                           net95 (net)
                  0.16    0.00   10.13 v _7486_/A (sky130_fd_sc_hd__or4_4)
                  0.18    1.19   11.32 v _7486_/X (sky130_fd_sc_hd__or4_4)
     1    0.01                           _3113_ (net)
                  0.18    0.00   11.32 v _7487_/D (sky130_fd_sc_hd__or4_1)
                  0.18    1.04   12.35 v _7487_/X (sky130_fd_sc_hd__or4_1)
     1    0.00                           _3114_ (net)
                  0.18    0.00   12.35 v _7488_/C (sky130_fd_sc_hd__or3_1)
                  0.16    0.83   13.19 v _7488_/X (sky130_fd_sc_hd__or3_1)
     1    0.01                           _3115_ (net)
                  0.16    0.00   13.19 v _7489_/C (sky130_fd_sc_hd__or3_1)
                  0.18    0.86   14.04 v _7489_/X (sky130_fd_sc_hd__or3_1)
     1    0.01                           _3116_ (net)
                  0.18    0.00   14.04 v _7490_/D (sky130_fd_sc_hd__or4_1)
                  0.18    1.04   15.08 v _7490_/X (sky130_fd_sc_hd__or4_1)
     1    0.00                           _3117_ (net)
                  0.18    0.00   15.08 v _7491_/D (sky130_fd_sc_hd__or4_4)
                  0.20    1.01   16.09 v _7491_/X (sky130_fd_sc_hd__or4_4)
     1    0.02                           _3119_ (net)
                  0.20    0.00   16.09 v _7492_/D (sky130_fd_sc_hd__nor4_2)
                  0.35    0.31   16.40 ^ _7492_/Y (sky130_fd_sc_hd__nor4_2)
     1    0.00                           _3120_ (net)
                  0.35    0.00   16.40 ^ _7494_/C (sky130_fd_sc_hd__and4bb_1)
                  0.23    0.63   17.02 ^ _7494_/X (sky130_fd_sc_hd__and4bb_1)
     1    0.01                           _3122_ (net)
                  0.23    0.00   17.02 ^ _7496_/C (sky130_fd_sc_hd__and4bb_1)
                  0.10    0.45   17.48 ^ _7496_/X (sky130_fd_sc_hd__and4bb_1)
     1    0.00                           _3124_ (net)
                  0.10    0.00   17.48 ^ _7497_/D (sky130_fd_sc_hd__and4b_2)
                  0.38    0.80   18.28 ^ _7497_/X (sky130_fd_sc_hd__and4b_2)
     1    0.04                           _3125_ (net)
                  0.38    0.00   18.28 ^ _7498_/A (sky130_fd_sc_hd__buf_6)
                  0.08    0.33   18.61 ^ _7498_/X (sky130_fd_sc_hd__buf_6)
     1    0.02                           net101 (net)
                  0.08    0.00   18.61 ^ output101/A (sky130_fd_sc_hd__buf_8)
                  0.10    0.22   18.83 ^ output101/X (sky130_fd_sc_hd__buf_8)
     1    0.03                           zero_flag (net)
                  0.10    0.00   18.83 ^ zero_flag (out)
                                 18.83   data arrival time

                  0.00   10.00   10.00   clock __VIRTUAL_CLK__ (rise edge)
                          0.00   10.00   clock network delay (ideal)
                         -0.25    9.75   clock uncertainty
                          0.00    9.75   clock reconvergence pessimism
                         -2.00    7.75   output external delay
                                  7.75   data required time
-----------------------------------------------------------------------------
                                  7.75   data required time
                                -18.83   data arrival time
-----------------------------------------------------------------------------
                                -11.08   slack (VIOLATED)



======================= Typical Corner ===================================

Startpoint: B[1] (input port clocked by __VIRTUAL_CLK__)
Endpoint: zero_flag (output port clocked by __VIRTUAL_CLK__)
Path Group: __VIRTUAL_CLK__
Path Type: max
Corner: Typical

Fanout     Cap    Slew   Delay    Time   Description
-----------------------------------------------------------------------------
                  0.00    0.00    0.00   clock __VIRTUAL_CLK__ (rise edge)
                          0.00    0.00   clock network delay (ideal)
                          2.00    2.00 ^ input external delay
                  0.03    0.02    2.02 ^ B[1] (in)
     1    0.01                           B[1] (net)
                  0.03    0.00    2.02 ^ input44/A (sky130_fd_sc_hd__buf_6)
                  0.15    0.18    2.20 ^ input44/X (sky130_fd_sc_hd__buf_6)
     9    0.07                           net44 (net)
                  0.15    0.01    2.21 ^ _3766_/A (sky130_fd_sc_hd__clkbuf_4)
                  0.15    0.26    2.47 ^ _3766_/X (sky130_fd_sc_hd__clkbuf_4)
    10    0.05                           _0390_ (net)
                  0.15    0.00    2.47 ^ _3767_/A (sky130_fd_sc_hd__buf_4)
                  0.20    0.27    2.74 ^ _3767_/X (sky130_fd_sc_hd__buf_4)
    10    0.07                           _0401_ (net)
                  0.20    0.00    2.74 ^ _6457_/B (sky130_fd_sc_hd__nand4_1)
                  0.14    0.18    2.92 v _6457_/Y (sky130_fd_sc_hd__nand4_1)
     3    0.01                           _1992_ (net)
                  0.14    0.00    2.93 v _6461_/A1 (sky130_fd_sc_hd__a21o_1)
                  0.05    0.22    3.15 v _6461_/X (sky130_fd_sc_hd__a21o_1)
     2    0.01                           _1997_ (net)
                  0.05    0.00    3.15 v _6464_/A2 (sky130_fd_sc_hd__a21o_1)
                  0.06    0.22    3.36 v _6464_/X (sky130_fd_sc_hd__a21o_1)
     3    0.01                           _2000_ (net)
                  0.06    0.00    3.36 v _6471_/A2 (sky130_fd_sc_hd__a21o_1)
                  0.05    0.21    3.57 v _6471_/X (sky130_fd_sc_hd__a21o_1)
     2    0.01                           _2008_ (net)
                  0.05    0.00    3.57 v _6473_/B (sky130_fd_sc_hd__and3_1)
                  0.07    0.21    3.78 v _6473_/X (sky130_fd_sc_hd__and3_1)
     1    0.01                           _2010_ (net)
                  0.07    0.00    3.78 v _6474_/A (sky130_fd_sc_hd__buf_2)
                  0.08    0.19    3.97 v _6474_/X (sky130_fd_sc_hd__buf_2)
     6    0.03                           _2011_ (net)
                  0.08    0.00    3.97 v _6485_/A (sky130_fd_sc_hd__or3_4)
                  0.10    0.46    4.44 v _6485_/X (sky130_fd_sc_hd__or3_4)
     2    0.02                           _2023_ (net)
                  0.10    0.00    4.44 v _6487_/B1 (sky130_fd_sc_hd__o211a_1)
                  0.07    0.19    4.63 v _6487_/X (sky130_fd_sc_hd__o211a_1)
     3    0.01                           _2025_ (net)
                  0.07    0.00    4.63 v _6511_/A (sky130_fd_sc_hd__nor4_2)
                  0.27    0.34    4.96 ^ _6511_/Y (sky130_fd_sc_hd__nor4_2)
     2    0.01                           _2052_ (net)
                  0.27    0.00    4.96 ^ wire4/A (sky130_fd_sc_hd__buf_2)
                  0.08    0.21    5.17 ^ wire4/X (sky130_fd_sc_hd__buf_2)
     2    0.01                           net200 (net)
                  0.08    0.00    5.17 ^ _6513_/B1 (sky130_fd_sc_hd__a211oi_4)
                  0.09    0.06    5.23 v _6513_/Y (sky130_fd_sc_hd__a211oi_4)
     3    0.02                           _2054_ (net)
                  0.09    0.00    5.23 v _6547_/A (sky130_fd_sc_hd__or4bb_4)
                  0.10    0.61    5.84 v _6547_/X (sky130_fd_sc_hd__or4bb_4)
     3    0.01                           _2091_ (net)
                  0.10    0.00    5.84 v _6550_/A1 (sky130_fd_sc_hd__a211o_1)
                  0.06    0.30    6.14 v _6550_/X (sky130_fd_sc_hd__a211o_1)
     2    0.01                           _2094_ (net)
                  0.06    0.00    6.14 v _6551_/C (sky130_fd_sc_hd__and3_1)
                  0.06    0.22    6.36 v _6551_/X (sky130_fd_sc_hd__and3_1)
     3    0.01                           _2096_ (net)
                  0.06    0.00    6.36 v _6553_/B1 (sky130_fd_sc_hd__a211o_1)
                  0.08    0.32    6.68 v _6553_/X (sky130_fd_sc_hd__a211o_1)
     3    0.01                           _2098_ (net)
                  0.08    0.00    6.68 v _6556_/A1 (sky130_fd_sc_hd__a211o_1)
                  0.07    0.30    6.98 v _6556_/X (sky130_fd_sc_hd__a211o_1)
     2    0.01                           _2101_ (net)
                  0.07    0.00    6.98 v _6558_/A2 (sky130_fd_sc_hd__a211o_1)
                  0.04    0.30    7.28 v _6558_/X (sky130_fd_sc_hd__a211o_1)
     1    0.00                           _2103_ (net)
                  0.04    0.00    7.28 v _6559_/B (sky130_fd_sc_hd__and2_2)
                  0.08    0.25    7.53 v _6559_/X (sky130_fd_sc_hd__and2_2)
     2    0.02                           _2104_ (net)
                  0.08    0.00    7.53 v _6560_/B (sky130_fd_sc_hd__xnor2_4)
                  0.12    0.18    7.71 v _6560_/Y (sky130_fd_sc_hd__xnor2_4)
     4    0.03                           _2105_ (net)
                  0.12    0.00    7.71 v _6913_/C (sky130_fd_sc_hd__or4_4)
                  0.09    0.52    8.24 v _6913_/X (sky130_fd_sc_hd__or4_4)
     1    0.01                           _2492_ (net)
                  0.09    0.00    8.24 v _6914_/B1 (sky130_fd_sc_hd__a31oi_2)
                  0.17    0.19    8.43 ^ _6914_/Y (sky130_fd_sc_hd__a31oi_2)
     2    0.01                           _2493_ (net)
                  0.17    0.00    8.43 ^ rebuffer44/A (sky130_fd_sc_hd__clkbuf_1)
                  0.08    0.14    8.57 ^ rebuffer44/X (sky130_fd_sc_hd__clkbuf_1)
     1    0.01                           net168 (net)
                  0.08    0.00    8.57 ^ _6918_/A1 (sky130_fd_sc_hd__o31ai_2)
                  0.10    0.11    8.68 v _6918_/Y (sky130_fd_sc_hd__o31ai_2)
     4    0.01                           _2497_ (net)
                  0.10    0.00    8.68 v _7254_/B1 (sky130_fd_sc_hd__o2bb2a_2)
                  0.06    0.32    8.99 v _7254_/X (sky130_fd_sc_hd__o2bb2a_2)
     3    0.01                           _2865_ (net)
                  0.06    0.00    8.99 v _7255_/A2 (sky130_fd_sc_hd__o21ai_1)
                  0.11    0.13    9.12 ^ _7255_/Y (sky130_fd_sc_hd__o21ai_1)
     1    0.00                           _2866_ (net)
                  0.11    0.00    9.12 ^ _7256_/B1 (sky130_fd_sc_hd__a21oi_1)
                  0.07    0.07    9.20 v _7256_/Y (sky130_fd_sc_hd__a21oi_1)
     1    0.01                           _2867_ (net)
                  0.07    0.00    9.20 v _7268_/B1 (sky130_fd_sc_hd__a311o_1)
                  0.06    0.35    9.55 v _7268_/X (sky130_fd_sc_hd__a311o_1)
     1    0.00                           _2879_ (net)
                  0.06    0.00    9.55 v _7269_/B1 (sky130_fd_sc_hd__a31o_4)
                  0.12    0.31    9.86 v _7269_/X (sky130_fd_sc_hd__a31o_4)
     6    0.08                           net92 (net)
                  0.12    0.00    9.86 v _7497_/A_N (sky130_fd_sc_hd__and4b_2)
                  0.23    0.48   10.34 ^ _7497_/X (sky130_fd_sc_hd__and4b_2)
     1    0.04                           _3125_ (net)
                  0.23    0.00   10.34 ^ _7498_/A (sky130_fd_sc_hd__buf_6)
                  0.05    0.16   10.50 ^ _7498_/X (sky130_fd_sc_hd__buf_6)
     1    0.02                           net101 (net)
                  0.05    0.00   10.51 ^ output101/A (sky130_fd_sc_hd__buf_8)
                  0.07    0.12   10.63 ^ output101/X (sky130_fd_sc_hd__buf_8)
     1    0.03                           zero_flag (net)
                  0.07    0.00   10.63 ^ zero_flag (out)
                                 10.63   data arrival time

                  0.00   10.00   10.00   clock __VIRTUAL_CLK__ (rise edge)
                          0.00   10.00   clock network delay (ideal)
                         -0.25    9.75   clock uncertainty
                          0.00    9.75   clock reconvergence pessimism
                         -2.00    7.75   output external delay
                                  7.75   data required time
-----------------------------------------------------------------------------
                                  7.75   data required time
                                -10.63   data arrival time
-----------------------------------------------------------------------------
                                 -2.88   slack (VIOLATED)




===========================================================================
 report_check_types -max_slew -max_cap -max_fanout -violators
============================================================================
======================= Fastest Corner ===================================

max fanout

Pin                                   Limit Fanout  Slack
---------------------------------------------------------
_3938_/X                                 10     12     -2 (VIOLATED)
_3951_/X                                 10     11        (VIOLATED)


======================= Slowest Corner ===================================

max slew

Pin                                    Limit    Slew   Slack
------------------------------------------------------------
_4049_/Y                                0.75    0.80   -0.05 (VIOLATED)
_4051_/A1                               0.75    0.80   -0.05 (VIOLATED)
_7461_/A2                               0.75    0.80   -0.05 (VIOLATED)
_7480_/A2                               0.75    0.80   -0.05 (VIOLATED)
max_cap124/A                            0.75    0.80   -0.05 (VIOLATED)
_7266_/A1                               0.75    0.80   -0.05 (VIOLATED)
_5578_/B2                               0.75    0.80   -0.05 (VIOLATED)
_5451_/B1                               0.75    0.80   -0.05 (VIOLATED)
_5405_/A                                0.75    0.80   -0.05 (VIOLATED)
_5161_/B2                               0.75    0.80   -0.05 (VIOLATED)
_6759_/B2                               0.75    0.80   -0.05 (VIOLATED)
_5160_/Y                                0.75    0.80   -0.05 (VIOLATED)
output74/A                              0.75    0.79   -0.04 (VIOLATED)
ANTENNA_6/DIODE                         0.75    0.79   -0.04 (VIOLATED)
_7490_/C                                0.75    0.79   -0.04 (VIOLATED)
_4926_/Y                                0.75    0.79   -0.04 (VIOLATED)

max fanout

Pin                                   Limit Fanout  Slack
---------------------------------------------------------
_3938_/X                                 10     12     -2 (VIOLATED)
_3951_/X                                 10     11        (VIOLATED)


======================= Typical Corner ===================================

max fanout

Pin                                   Limit Fanout  Slack
---------------------------------------------------------
_3938_/X                                 10     12     -2 (VIOLATED)
_3951_/X                                 10     11        (VIOLATED)



===========================================================================
report_parasitic_annotation -report_unannotated
============================================================================
Found 0 unannotated drivers.
Found 0 partially unannotated drivers.

===========================================================================
max slew violation count 16
max fanout violation count 2
max cap violation count 0
============================================================================

===========================================================================
check_setup -verbose -unconstrained_endpoints -multiple_clock -no_clock -no_input_delay -loops -generated_clocks
===========================================================================
