
===========================================================================
report_checks -path_delay min (Hold)
============================================================================
======================= Typical Corner ===================================

Startpoint: B[31] (input port clocked by __VIRTUAL_CLK__)
Endpoint: result[0] (output port clocked by __VIRTUAL_CLK__)
Path Group: __VIRTUAL_CLK__
Path Type: min

Fanout     Cap    Slew   Delay    Time   Description
-----------------------------------------------------------------------------
                  0.00    0.00    0.00   clock __VIRTUAL_CLK__ (rise edge)
                          0.00    0.00   clock network delay (ideal)
                          2.00    2.00 ^ input external delay
                  0.02    0.01    2.01 ^ B[31] (in)
     1    0.00                           B[31] (net)
                  0.02    0.00    2.01 ^ input57/A (sky130_fd_sc_hd__clkbuf_4)
                  0.04    0.11    2.13 ^ input57/X (sky130_fd_sc_hd__clkbuf_4)
     4    0.01                           net57 (net)
                  0.04    0.00    2.13 ^ _7441_/A (sky130_fd_sc_hd__or2b_1)
                  0.04    0.09    2.21 ^ _7441_/X (sky130_fd_sc_hd__or2b_1)
     1    0.00                           _3067_ (net)
                  0.04    0.00    2.21 ^ _7443_/A2 (sky130_fd_sc_hd__a21o_1)
                  0.13    0.17    2.38 ^ _7443_/X (sky130_fd_sc_hd__a21o_1)
     2    0.01                           _3069_ (net)
                  0.13    0.00    2.38 ^ _7455_/A (sky130_fd_sc_hd__nand3_4)
                  0.04    0.06    2.44 v _7455_/Y (sky130_fd_sc_hd__nand3_4)
     1    0.00                           net69 (net)
                  0.04    0.00    2.44 v output69/A (sky130_fd_sc_hd__clkbuf_4)
                  0.08    0.17    2.61 v output69/X (sky130_fd_sc_hd__clkbuf_4)
     1    0.03                           result[0] (net)
                  0.08    0.00    2.61 v result[0] (out)
                                  2.61   data arrival time

                  0.00    0.00    0.00   clock __VIRTUAL_CLK__ (rise edge)
                          0.00    0.00   clock network delay (ideal)
                          0.25    0.25   clock uncertainty
                          0.00    0.25   clock reconvergence pessimism
                         -2.00   -1.75   output external delay
                                 -1.75   data required time
-----------------------------------------------------------------------------
                                 -1.75   data required time
                                 -2.61   data arrival time
-----------------------------------------------------------------------------
                                  4.36   slack (MET)


Startpoint: B[30] (input port clocked by __VIRTUAL_CLK__)
Endpoint: result[31] (output port clocked by __VIRTUAL_CLK__)
Path Group: __VIRTUAL_CLK__
Path Type: min

Fanout     Cap    Slew   Delay    Time   Description
-----------------------------------------------------------------------------
                  0.00    0.00    0.00   clock __VIRTUAL_CLK__ (rise edge)
                          0.00    0.00   clock network delay (ideal)
                          2.00    2.00 ^ input external delay
                  0.03    0.02    2.02 ^ B[30] (in)
     1    0.01                           B[30] (net)
                  0.03    0.00    2.02 ^ input56/A (sky130_fd_sc_hd__clkbuf_8)
                  0.04    0.11    2.13 ^ input56/X (sky130_fd_sc_hd__clkbuf_8)
     6    0.01                           net56 (net)
                  0.04    0.00    2.13 ^ _7260_/B (sky130_fd_sc_hd__nand2_1)
                  0.08    0.08    2.21 v _7260_/Y (sky130_fd_sc_hd__nand2_1)
     3    0.01                           _2871_ (net)
                  0.08    0.00    2.21 v _7273_/A1 (sky130_fd_sc_hd__a21oi_1)
                  0.09    0.12    2.33 ^ _7273_/Y (sky130_fd_sc_hd__a21oi_1)
     1    0.00                           _2884_ (net)
                  0.09    0.00    2.33 ^ _7275_/A (sky130_fd_sc_hd__or2_1)
                  0.11    0.15    2.48 ^ _7275_/X (sky130_fd_sc_hd__or2_1)
     2    0.01                           _2886_ (net)
                  0.11    0.00    2.48 ^ _7421_/A (sky130_fd_sc_hd__nand2_2)
                  0.03    0.04    2.52 v _7421_/Y (sky130_fd_sc_hd__nand2_2)
     1    0.00                           net93 (net)
                  0.03    0.00    2.52 v output93/A (sky130_fd_sc_hd__clkbuf_4)
                  0.08    0.17    2.69 v output93/X (sky130_fd_sc_hd__clkbuf_4)
     1    0.03                           result[31] (net)
                  0.08    0.00    2.69 v result[31] (out)
                                  2.69   data arrival time

                  0.00    0.00    0.00   clock __VIRTUAL_CLK__ (rise edge)
                          0.00    0.00   clock network delay (ideal)
                          0.25    0.25   clock uncertainty
                          0.00    0.25   clock reconvergence pessimism
                         -2.00   -1.75   output external delay
                                 -1.75   data required time
-----------------------------------------------------------------------------
                                 -1.75   data required time
                                 -2.69   data arrival time
-----------------------------------------------------------------------------
                                  4.44   slack (MET)


Startpoint: control[0] (input port clocked by __VIRTUAL_CLK__)
Endpoint: result[5] (output port clocked by __VIRTUAL_CLK__)
Path Group: __VIRTUAL_CLK__
Path Type: min

Fanout     Cap    Slew   Delay    Time   Description
-----------------------------------------------------------------------------
                  0.00    0.00    0.00   clock __VIRTUAL_CLK__ (rise edge)
                          0.00    0.00   clock network delay (ideal)
                          2.00    2.00 ^ input external delay
                  0.02    0.01    2.01 ^ control[0] (in)
     1    0.00                           control[0] (net)
                  0.02    0.00    2.01 ^ input65/A (sky130_fd_sc_hd__clkbuf_4)
                  0.08    0.15    2.16 ^ input65/X (sky130_fd_sc_hd__clkbuf_4)
     9    0.02                           net65 (net)
                  0.08    0.00    2.16 ^ _3788_/A (sky130_fd_sc_hd__inv_2)
                  0.06    0.07    2.23 v _3788_/Y (sky130_fd_sc_hd__inv_2)
     5    0.02                           _0630_ (net)
                  0.06    0.00    2.23 v _3790_/A (sky130_fd_sc_hd__nor2_4)
                  0.14    0.15    2.38 ^ _3790_/Y (sky130_fd_sc_hd__nor2_4)
     8    0.02                           _0652_ (net)
                  0.14    0.00    2.38 ^ _4085_/A1 (sky130_fd_sc_hd__a211o_2)
                  0.03    0.14    2.52 ^ _4085_/X (sky130_fd_sc_hd__a211o_2)
     2    0.00                           net96 (net)
                  0.03    0.00    2.52 ^ output96/A (sky130_fd_sc_hd__clkbuf_4)
                  0.11    0.17    2.69 ^ output96/X (sky130_fd_sc_hd__clkbuf_4)
     1    0.03                           result[5] (net)
                  0.11    0.00    2.69 ^ result[5] (out)
                                  2.69   data arrival time

                  0.00    0.00    0.00   clock __VIRTUAL_CLK__ (rise edge)
                          0.00    0.00   clock network delay (ideal)
                          0.25    0.25   clock uncertainty
                          0.00    0.25   clock reconvergence pessimism
                         -2.00   -1.75   output external delay
                                 -1.75   data required time
-----------------------------------------------------------------------------
                                 -1.75   data required time
                                 -2.69   data arrival time
-----------------------------------------------------------------------------
                                  4.44   slack (MET)


Startpoint: A[31] (input port clocked by __VIRTUAL_CLK__)
Endpoint: result[3] (output port clocked by __VIRTUAL_CLK__)
Path Group: __VIRTUAL_CLK__
Path Type: min

Fanout     Cap    Slew   Delay    Time   Description
-----------------------------------------------------------------------------
                  0.00    0.00    0.00   clock __VIRTUAL_CLK__ (rise edge)
                          0.00    0.00   clock network delay (ideal)
                          2.00    2.00 ^ input external delay
                  0.02    0.01    2.01 ^ A[31] (in)
     1    0.00                           A[31] (net)
                  0.02    0.00    2.01 ^ input25/A (sky130_fd_sc_hd__buf_4)
                  0.05    0.10    2.11 ^ input25/X (sky130_fd_sc_hd__buf_4)
     6    0.01                           net25 (net)
                  0.05    0.00    2.11 ^ _7459_/A2 (sky130_fd_sc_hd__a41o_1)
                  0.04    0.14    2.26 ^ _7459_/X (sky130_fd_sc_hd__a41o_1)
     1    0.00                           _3085_ (net)
                  0.04    0.00    2.26 ^ _7469_/A2 (sky130_fd_sc_hd__a21bo_1)
                  0.03    0.09    2.35 ^ _7469_/X (sky130_fd_sc_hd__a21bo_1)
     1    0.00                           _3096_ (net)
                  0.03    0.00    2.35 ^ _7470_/A (sky130_fd_sc_hd__buf_2)
                  0.13    0.16    2.50 ^ _7470_/X (sky130_fd_sc_hd__buf_2)
     2    0.03                           net94 (net)
                  0.13    0.00    2.51 ^ output94/A (sky130_fd_sc_hd__clkbuf_4)
                  0.11    0.21    2.71 ^ output94/X (sky130_fd_sc_hd__clkbuf_4)
     1    0.03                           result[3] (net)
                  0.11    0.00    2.71 ^ result[3] (out)
                                  2.71   data arrival time

                  0.00    0.00    0.00   clock __VIRTUAL_CLK__ (rise edge)
                          0.00    0.00   clock network delay (ideal)
                          0.25    0.25   clock uncertainty
                          0.00    0.25   clock reconvergence pessimism
                         -2.00   -1.75   output external delay
                                 -1.75   data required time
-----------------------------------------------------------------------------
                                 -1.75   data required time
                                 -2.71   data arrival time
-----------------------------------------------------------------------------
                                  4.46   slack (MET)


Startpoint: control[2] (input port clocked by __VIRTUAL_CLK__)
Endpoint: result[23] (output port clocked by __VIRTUAL_CLK__)
Path Group: __VIRTUAL_CLK__
Path Type: min

Fanout     Cap    Slew   Delay    Time   Description
-----------------------------------------------------------------------------
                  0.00    0.00    0.00   clock __VIRTUAL_CLK__ (rise edge)
                          0.00    0.00   clock network delay (ideal)
                          2.00    2.00 ^ input external delay
                  0.02    0.01    2.01 ^ control[2] (in)
     1    0.00                           control[2] (net)
                  0.02    0.00    2.01 ^ input67/A (sky130_fd_sc_hd__buf_4)
                  0.05    0.10    2.11 ^ input67/X (sky130_fd_sc_hd__buf_4)
     6    0.01                           net67 (net)
                  0.05    0.00    2.11 ^ _3789_/B (sky130_fd_sc_hd__or3_4)
                  0.06    0.13    2.24 ^ _3789_/X (sky130_fd_sc_hd__or3_4)
     5    0.02                           _0641_ (net)
                  0.06    0.00    2.24 ^ _3790_/B (sky130_fd_sc_hd__nor2_4)
                  0.03    0.04    2.29 v _3790_/Y (sky130_fd_sc_hd__nor2_4)
     8    0.02                           _0652_ (net)
                  0.03    0.00    2.29 v _4467_/A (sky130_fd_sc_hd__buf_4)
                  0.06    0.15    2.44 v _4467_/X (sky130_fd_sc_hd__buf_4)
    10    0.03                           _3571_ (net)
                  0.06    0.00    2.44 v _6104_/A1 (sky130_fd_sc_hd__a31o_1)
                  0.04    0.17    2.61 v _6104_/X (sky130_fd_sc_hd__a31o_1)
     2    0.00                           net84 (net)
                  0.04    0.00    2.61 v output84/A (sky130_fd_sc_hd__clkbuf_4)
                  0.08    0.17    2.78 v output84/X (sky130_fd_sc_hd__clkbuf_4)
     1    0.03                           result[23] (net)
                  0.08    0.00    2.78 v result[23] (out)
                                  2.78   data arrival time

                  0.00    0.00    0.00   clock __VIRTUAL_CLK__ (rise edge)
                          0.00    0.00   clock network delay (ideal)
                          0.25    0.25   clock uncertainty
                          0.00    0.25   clock reconvergence pessimism
                         -2.00   -1.75   output external delay
                                 -1.75   data required time
-----------------------------------------------------------------------------
                                 -1.75   data required time
                                 -2.78   data arrival time
-----------------------------------------------------------------------------
                                  4.53   slack (MET)


Startpoint: control[2] (input port clocked by __VIRTUAL_CLK__)
Endpoint: result[21] (output port clocked by __VIRTUAL_CLK__)
Path Group: __VIRTUAL_CLK__
Path Type: min

Fanout     Cap    Slew   Delay    Time   Description
-----------------------------------------------------------------------------
                  0.00    0.00    0.00   clock __VIRTUAL_CLK__ (rise edge)
                          0.00    0.00   clock network delay (ideal)
                          2.00    2.00 ^ input external delay
                  0.02    0.01    2.01 ^ control[2] (in)
     1    0.00                           control[2] (net)
                  0.02    0.00    2.01 ^ input67/A (sky130_fd_sc_hd__buf_4)
                  0.05    0.10    2.11 ^ input67/X (sky130_fd_sc_hd__buf_4)
     6    0.01                           net67 (net)
                  0.05    0.00    2.11 ^ _3835_/A (sky130_fd_sc_hd__buf_2)
                  0.12    0.15    2.26 ^ _3835_/X (sky130_fd_sc_hd__buf_2)
    10    0.02                           _1144_ (net)
                  0.12    0.00    2.26 ^ _4083_/B (sky130_fd_sc_hd__or4bb_4)
                  0.07    0.16    2.43 ^ _4083_/X (sky130_fd_sc_hd__or4bb_4)
     8    0.02                           _3192_ (net)
                  0.07    0.00    2.43 ^ _5795_/B1 (sky130_fd_sc_hd__a31o_1)
                  0.10    0.13    2.56 ^ _5795_/X (sky130_fd_sc_hd__a31o_1)
     1    0.01                           _1269_ (net)
                  0.10    0.00    2.56 ^ _5818_/A2 (sky130_fd_sc_hd__o21ai_4)
                  0.03    0.05    2.61 v _5818_/Y (sky130_fd_sc_hd__o21ai_4)
     2    0.00                           net82 (net)
                  0.03    0.00    2.61 v output82/A (sky130_fd_sc_hd__clkbuf_4)
                  0.09    0.17    2.78 v output82/X (sky130_fd_sc_hd__clkbuf_4)
     1    0.04                           result[21] (net)
                  0.09    0.00    2.78 v result[21] (out)
                                  2.78   data arrival time

                  0.00    0.00    0.00   clock __VIRTUAL_CLK__ (rise edge)
                          0.00    0.00   clock network delay (ideal)
                          0.25    0.25   clock uncertainty
                          0.00    0.25   clock reconvergence pessimism
                         -2.00   -1.75   output external delay
                                 -1.75   data required time
-----------------------------------------------------------------------------
                                 -1.75   data required time
                                 -2.78   data arrival time
-----------------------------------------------------------------------------
                                  4.53   slack (MET)


Startpoint: control[2] (input port clocked by __VIRTUAL_CLK__)
Endpoint: result[17] (output port clocked by __VIRTUAL_CLK__)
Path Group: __VIRTUAL_CLK__
Path Type: min

Fanout     Cap    Slew   Delay    Time   Description
-----------------------------------------------------------------------------
                  0.00    0.00    0.00   clock __VIRTUAL_CLK__ (rise edge)
                          0.00    0.00   clock network delay (ideal)
                          2.00    2.00 ^ input external delay
                  0.02    0.01    2.01 ^ control[2] (in)
     1    0.00                           control[2] (net)
                  0.02    0.00    2.01 ^ input67/A (sky130_fd_sc_hd__buf_4)
                  0.05    0.10    2.11 ^ input67/X (sky130_fd_sc_hd__buf_4)
     6    0.01                           net67 (net)
                  0.05    0.00    2.11 ^ _3789_/B (sky130_fd_sc_hd__or3_4)
                  0.06    0.13    2.24 ^ _3789_/X (sky130_fd_sc_hd__or3_4)
     5    0.02                           _0641_ (net)
                  0.06    0.00    2.24 ^ _3790_/B (sky130_fd_sc_hd__nor2_4)
                  0.03    0.04    2.29 v _3790_/Y (sky130_fd_sc_hd__nor2_4)
     8    0.02                           _0652_ (net)
                  0.03    0.00    2.29 v _4467_/A (sky130_fd_sc_hd__buf_4)
                  0.06    0.15    2.44 v _4467_/X (sky130_fd_sc_hd__buf_4)
    10    0.03                           _3571_ (net)
                  0.06    0.00    2.44 v _5272_/A (sky130_fd_sc_hd__nand2_2)
                  0.11    0.11    2.54 ^ _5272_/Y (sky130_fd_sc_hd__nand2_2)
     1    0.02                           _0698_ (net)
                  0.11    0.00    2.54 ^ _5290_/B1 (sky130_fd_sc_hd__o211ai_4)
                  0.04    0.08    2.62 v _5290_/Y (sky130_fd_sc_hd__o211ai_4)
     2    0.00                           net77 (net)
                  0.04    0.00    2.62 v output77/A (sky130_fd_sc_hd__clkbuf_4)
                  0.08    0.17    2.79 v output77/X (sky130_fd_sc_hd__clkbuf_4)
     1    0.03                           result[17] (net)
                  0.08    0.00    2.79 v result[17] (out)
                                  2.79   data arrival time

                  0.00    0.00    0.00   clock __VIRTUAL_CLK__ (rise edge)
                          0.00    0.00   clock network delay (ideal)
                          0.25    0.25   clock uncertainty
                          0.00    0.25   clock reconvergence pessimism
                         -2.00   -1.75   output external delay
                                 -1.75   data required time
-----------------------------------------------------------------------------
                                 -1.75   data required time
                                 -2.79   data arrival time
-----------------------------------------------------------------------------
                                  4.54   slack (MET)


Startpoint: control[0] (input port clocked by __VIRTUAL_CLK__)
Endpoint: result[7] (output port clocked by __VIRTUAL_CLK__)
Path Group: __VIRTUAL_CLK__
Path Type: min

Fanout     Cap    Slew   Delay    Time   Description
-----------------------------------------------------------------------------
                  0.00    0.00    0.00   clock __VIRTUAL_CLK__ (rise edge)
                          0.00    0.00   clock network delay (ideal)
                          2.00    2.00 ^ input external delay
                  0.02    0.01    2.01 ^ control[0] (in)
     1    0.00                           control[0] (net)
                  0.02    0.00    2.01 ^ input65/A (sky130_fd_sc_hd__clkbuf_4)
                  0.08    0.15    2.16 ^ input65/X (sky130_fd_sc_hd__clkbuf_4)
     9    0.02                           net65 (net)
                  0.08    0.00    2.16 ^ _3788_/A (sky130_fd_sc_hd__inv_2)
                  0.06    0.07    2.23 v _3788_/Y (sky130_fd_sc_hd__inv_2)
     5    0.02                           _0630_ (net)
                  0.06    0.00    2.23 v _3790_/A (sky130_fd_sc_hd__nor2_4)
                  0.14    0.15    2.38 ^ _3790_/Y (sky130_fd_sc_hd__nor2_4)
     8    0.02                           _0652_ (net)
                  0.14    0.00    2.38 ^ _4173_/B1 (sky130_fd_sc_hd__o21a_1)
                  0.06    0.15    2.53 ^ _4173_/X (sky130_fd_sc_hd__o21a_1)
     1    0.01                           _3280_ (net)
                  0.06    0.00    2.53 ^ _4233_/A2 (sky130_fd_sc_hd__a211o_4)
                  0.03    0.11    2.64 ^ _4233_/X (sky130_fd_sc_hd__a211o_4)
     2    0.00                           net98 (net)
                  0.03    0.00    2.64 ^ output98/A (sky130_fd_sc_hd__clkbuf_4)
                  0.11    0.17    2.81 ^ output98/X (sky130_fd_sc_hd__clkbuf_4)
     1    0.03                           result[7] (net)
                  0.11    0.00    2.81 ^ result[7] (out)
                                  2.81   data arrival time

                  0.00    0.00    0.00   clock __VIRTUAL_CLK__ (rise edge)
                          0.00    0.00   clock network delay (ideal)
                          0.25    0.25   clock uncertainty
                          0.00    0.25   clock reconvergence pessimism
                         -2.00   -1.75   output external delay
                                 -1.75   data required time
-----------------------------------------------------------------------------
                                 -1.75   data required time
                                 -2.81   data arrival time
-----------------------------------------------------------------------------
                                  4.56   slack (MET)


Startpoint: control[2] (input port clocked by __VIRTUAL_CLK__)
Endpoint: result[4] (output port clocked by __VIRTUAL_CLK__)
Path Group: __VIRTUAL_CLK__
Path Type: min

Fanout     Cap    Slew   Delay    Time   Description
-----------------------------------------------------------------------------
                  0.00    0.00    0.00   clock __VIRTUAL_CLK__ (rise edge)
                          0.00    0.00   clock network delay (ideal)
                          2.00    2.00 ^ input external delay
                  0.02    0.01    2.01 ^ control[2] (in)
     1    0.00                           control[2] (net)
                  0.02    0.00    2.01 ^ input67/A (sky130_fd_sc_hd__buf_4)
                  0.05    0.10    2.11 ^ input67/X (sky130_fd_sc_hd__buf_4)
     6    0.01                           net67 (net)
                  0.05    0.00    2.11 ^ _3789_/B (sky130_fd_sc_hd__or3_4)
                  0.06    0.13    2.24 ^ _3789_/X (sky130_fd_sc_hd__or3_4)
     5    0.02                           _0641_ (net)
                  0.06    0.00    2.24 ^ _3790_/B (sky130_fd_sc_hd__nor2_4)
                  0.03    0.04    2.29 v _3790_/Y (sky130_fd_sc_hd__nor2_4)
     8    0.02                           _0652_ (net)
                  0.03    0.00    2.29 v _3993_/A2 (sky130_fd_sc_hd__a31o_1)
                  0.04    0.18    2.47 v _3993_/X (sky130_fd_sc_hd__a31o_1)
     2    0.00                           net95 (net)
                  0.04    0.00    2.47 v rebuffer41/A (sky130_fd_sc_hd__buf_2)
                  0.09    0.16    2.63 v rebuffer41/X (sky130_fd_sc_hd__buf_2)
     1    0.03                           net165 (net)
                  0.09    0.01    2.64 v output95/A (sky130_fd_sc_hd__clkbuf_4)
                  0.08    0.19    2.83 v output95/X (sky130_fd_sc_hd__clkbuf_4)
     1    0.03                           result[4] (net)
                  0.08    0.00    2.83 v result[4] (out)
                                  2.83   data arrival time

                  0.00    0.00    0.00   clock __VIRTUAL_CLK__ (rise edge)
                          0.00    0.00   clock network delay (ideal)
                          0.25    0.25   clock uncertainty
                          0.00    0.25   clock reconvergence pessimism
                         -2.00   -1.75   output external delay
                                 -1.75   data required time
-----------------------------------------------------------------------------
                                 -1.75   data required time
                                 -2.83   data arrival time
-----------------------------------------------------------------------------
                                  4.58   slack (MET)


Startpoint: control[2] (input port clocked by __VIRTUAL_CLK__)
Endpoint: result[27] (output port clocked by __VIRTUAL_CLK__)
Path Group: __VIRTUAL_CLK__
Path Type: min

Fanout     Cap    Slew   Delay    Time   Description
-----------------------------------------------------------------------------
                  0.00    0.00    0.00   clock __VIRTUAL_CLK__ (rise edge)
                          0.00    0.00   clock network delay (ideal)
                          2.00    2.00 ^ input external delay
                  0.02    0.01    2.01 ^ control[2] (in)
     1    0.00                           control[2] (net)
                  0.02    0.00    2.01 ^ input67/A (sky130_fd_sc_hd__buf_4)
                  0.05    0.10    2.11 ^ input67/X (sky130_fd_sc_hd__buf_4)
     6    0.01                           net67 (net)
                  0.05    0.00    2.11 ^ _3835_/A (sky130_fd_sc_hd__buf_2)
                  0.12    0.15    2.26 ^ _3835_/X (sky130_fd_sc_hd__buf_2)
    10    0.02                           _1144_ (net)
                  0.12    0.00    2.26 ^ _4083_/B (sky130_fd_sc_hd__or4bb_4)
                  0.07    0.16    2.43 ^ _4083_/X (sky130_fd_sc_hd__or4bb_4)
     8    0.02                           _3192_ (net)
                  0.07    0.00    2.43 ^ _6717_/C1 (sky130_fd_sc_hd__a311o_1)
                  0.12    0.16    2.58 ^ _6717_/X (sky130_fd_sc_hd__a311o_1)
     1    0.01                           _2277_ (net)
                  0.12    0.00    2.58 ^ _6737_/A (sky130_fd_sc_hd__nand4_4)
                  0.07    0.08    2.66 v _6737_/Y (sky130_fd_sc_hd__nand4_4)
     2    0.00                           net88 (net)
                  0.07    0.00    2.66 v output88/A (sky130_fd_sc_hd__clkbuf_4)
                  0.08    0.18    2.84 v output88/X (sky130_fd_sc_hd__clkbuf_4)
     1    0.03                           result[27] (net)
                  0.08    0.00    2.84 v result[27] (out)
                                  2.84   data arrival time

                  0.00    0.00    0.00   clock __VIRTUAL_CLK__ (rise edge)
                          0.00    0.00   clock network delay (ideal)
                          0.25    0.25   clock uncertainty
                          0.00    0.25   clock reconvergence pessimism
                         -2.00   -1.75   output external delay
                                 -1.75   data required time
-----------------------------------------------------------------------------
                                 -1.75   data required time
                                 -2.84   data arrival time
-----------------------------------------------------------------------------
                                  4.59   slack (MET)


Startpoint: control[2] (input port clocked by __VIRTUAL_CLK__)
Endpoint: result[18] (output port clocked by __VIRTUAL_CLK__)
Path Group: __VIRTUAL_CLK__
Path Type: min

Fanout     Cap    Slew   Delay    Time   Description
-----------------------------------------------------------------------------
                  0.00    0.00    0.00   clock __VIRTUAL_CLK__ (rise edge)
                          0.00    0.00   clock network delay (ideal)
                          2.00    2.00 ^ input external delay
                  0.02    0.01    2.01 ^ control[2] (in)
     1    0.00                           control[2] (net)
                  0.02    0.00    2.01 ^ input67/A (sky130_fd_sc_hd__buf_4)
                  0.05    0.10    2.11 ^ input67/X (sky130_fd_sc_hd__buf_4)
     6    0.01                           net67 (net)
                  0.05    0.00    2.11 ^ _3835_/A (sky130_fd_sc_hd__buf_2)
                  0.12    0.15    2.26 ^ _3835_/X (sky130_fd_sc_hd__buf_2)
    10    0.02                           _1144_ (net)
                  0.12    0.00    2.26 ^ _4083_/B (sky130_fd_sc_hd__or4bb_4)
                  0.07    0.16    2.43 ^ _4083_/X (sky130_fd_sc_hd__or4bb_4)
     8    0.02                           _3192_ (net)
                  0.07    0.00    2.43 ^ _5389_/A (sky130_fd_sc_hd__or2_1)
                  0.10    0.13    2.56 ^ _5389_/X (sky130_fd_sc_hd__or2_1)
     1    0.01                           _0825_ (net)
                  0.10    0.00    2.56 ^ _5421_/A2 (sky130_fd_sc_hd__o21ai_4)
                  0.08    0.09    2.66 v _5421_/Y (sky130_fd_sc_hd__o21ai_4)
     2    0.03                           net78 (net)
                  0.08    0.00    2.66 v output78/A (sky130_fd_sc_hd__clkbuf_4)
                  0.08    0.19    2.85 v output78/X (sky130_fd_sc_hd__clkbuf_4)
     1    0.03                           result[18] (net)
                  0.08    0.00    2.85 v result[18] (out)
                                  2.85   data arrival time

                  0.00    0.00    0.00   clock __VIRTUAL_CLK__ (rise edge)
                          0.00    0.00   clock network delay (ideal)
                          0.25    0.25   clock uncertainty
                          0.00    0.25   clock reconvergence pessimism
                         -2.00   -1.75   output external delay
                                 -1.75   data required time
-----------------------------------------------------------------------------
                                 -1.75   data required time
                                 -2.85   data arrival time
-----------------------------------------------------------------------------
                                  4.60   slack (MET)


Startpoint: control[2] (input port clocked by __VIRTUAL_CLK__)
Endpoint: result[11] (output port clocked by __VIRTUAL_CLK__)
Path Group: __VIRTUAL_CLK__
Path Type: min

Fanout     Cap    Slew   Delay    Time   Description
-----------------------------------------------------------------------------
                  0.00    0.00    0.00   clock __VIRTUAL_CLK__ (rise edge)
                          0.00    0.00   clock network delay (ideal)
                          2.00    2.00 ^ input external delay
                  0.02    0.01    2.01 ^ control[2] (in)
     1    0.00                           control[2] (net)
                  0.02    0.00    2.01 ^ input67/A (sky130_fd_sc_hd__buf_4)
                  0.05    0.10    2.11 ^ input67/X (sky130_fd_sc_hd__buf_4)
     6    0.01                           net67 (net)
                  0.05    0.00    2.11 ^ _3789_/B (sky130_fd_sc_hd__or3_4)
                  0.06    0.13    2.24 ^ _3789_/X (sky130_fd_sc_hd__or3_4)
     5    0.02                           _0641_ (net)
                  0.06    0.00    2.24 ^ _3790_/B (sky130_fd_sc_hd__nor2_4)
                  0.03    0.04    2.29 v _3790_/Y (sky130_fd_sc_hd__nor2_4)
     8    0.02                           _0652_ (net)
                  0.03    0.00    2.29 v _4614_/A1 (sky130_fd_sc_hd__a31o_1)
                  0.07    0.19    2.47 v _4614_/X (sky130_fd_sc_hd__a31o_1)
     1    0.01                           _3717_ (net)
                  0.07    0.00    2.47 v _4615_/B1 (sky130_fd_sc_hd__a31o_2)
                  0.04    0.21    2.68 v _4615_/X (sky130_fd_sc_hd__a31o_2)
     2    0.00                           net71 (net)
                  0.04    0.00    2.68 v output71/A (sky130_fd_sc_hd__clkbuf_4)
                  0.09    0.17    2.85 v output71/X (sky130_fd_sc_hd__clkbuf_4)
     1    0.04                           result[11] (net)
                  0.09    0.00    2.86 v result[11] (out)
                                  2.86   data arrival time

                  0.00    0.00    0.00   clock __VIRTUAL_CLK__ (rise edge)
                          0.00    0.00   clock network delay (ideal)
                          0.25    0.25   clock uncertainty
                          0.00    0.25   clock reconvergence pessimism
                         -2.00   -1.75   output external delay
                                 -1.75   data required time
-----------------------------------------------------------------------------
                                 -1.75   data required time
                                 -2.86   data arrival time
-----------------------------------------------------------------------------
                                  4.61   slack (MET)


Startpoint: control[2] (input port clocked by __VIRTUAL_CLK__)
Endpoint: result[14] (output port clocked by __VIRTUAL_CLK__)
Path Group: __VIRTUAL_CLK__
Path Type: min

Fanout     Cap    Slew   Delay    Time   Description
-----------------------------------------------------------------------------
                  0.00    0.00    0.00   clock __VIRTUAL_CLK__ (rise edge)
                          0.00    0.00   clock network delay (ideal)
                          2.00    2.00 ^ input external delay
                  0.02    0.01    2.01 ^ control[2] (in)
     1    0.00                           control[2] (net)
                  0.02    0.00    2.01 ^ input67/A (sky130_fd_sc_hd__buf_4)
                  0.05    0.10    2.11 ^ input67/X (sky130_fd_sc_hd__buf_4)
     6    0.01                           net67 (net)
                  0.05    0.00    2.11 ^ _3835_/A (sky130_fd_sc_hd__buf_2)
                  0.12    0.15    2.26 ^ _3835_/X (sky130_fd_sc_hd__buf_2)
    10    0.02                           _1144_ (net)
                  0.12    0.00    2.26 ^ _4083_/B (sky130_fd_sc_hd__or4bb_4)
                  0.07    0.16    2.43 ^ _4083_/X (sky130_fd_sc_hd__or4bb_4)
     8    0.02                           _3192_ (net)
                  0.07    0.00    2.43 ^ _4900_/B1 (sky130_fd_sc_hd__a21o_1)
                  0.09    0.12    2.55 ^ _4900_/X (sky130_fd_sc_hd__a21o_1)
     1    0.01                           _0291_ (net)
                  0.09    0.00    2.55 ^ _4926_/A2 (sky130_fd_sc_hd__o21ai_4)
                  0.10    0.11    2.65 v _4926_/Y (sky130_fd_sc_hd__o21ai_4)
     2    0.04                           net74 (net)
                  0.10    0.00    2.66 v output74/A (sky130_fd_sc_hd__clkbuf_4)
                  0.09    0.20    2.86 v output74/X (sky130_fd_sc_hd__clkbuf_4)
     1    0.04                           result[14] (net)
                  0.09    0.00    2.86 v result[14] (out)
                                  2.86   data arrival time

                  0.00    0.00    0.00   clock __VIRTUAL_CLK__ (rise edge)
                          0.00    0.00   clock network delay (ideal)
                          0.25    0.25   clock uncertainty
                          0.00    0.25   clock reconvergence pessimism
                         -2.00   -1.75   output external delay
                                 -1.75   data required time
-----------------------------------------------------------------------------
                                 -1.75   data required time
                                 -2.86   data arrival time
-----------------------------------------------------------------------------
                                  4.61   slack (MET)


Startpoint: B[29] (input port clocked by __VIRTUAL_CLK__)
Endpoint: result[30] (output port clocked by __VIRTUAL_CLK__)
Path Group: __VIRTUAL_CLK__
Path Type: min

Fanout     Cap    Slew   Delay    Time   Description
-----------------------------------------------------------------------------
                  0.00    0.00    0.00   clock __VIRTUAL_CLK__ (rise edge)
                          0.00    0.00   clock network delay (ideal)
                          2.00    2.00 ^ input external delay
                  0.02    0.01    2.01 ^ B[29] (in)
     1    0.00                           B[29] (net)
                  0.02    0.00    2.01 ^ input54/A (sky130_fd_sc_hd__buf_4)
                  0.06    0.11    2.12 ^ input54/X (sky130_fd_sc_hd__buf_4)
     9    0.02                           net54 (net)
                  0.06    0.00    2.12 ^ _7076_/B (sky130_fd_sc_hd__and2_2)
                  0.12    0.19    2.32 ^ _7076_/X (sky130_fd_sc_hd__and2_2)
     5    0.02                           _2670_ (net)
                  0.12    0.00    2.32 ^ _7104_/A1 (sky130_fd_sc_hd__o21ai_2)
                  0.06    0.09    2.41 v _7104_/Y (sky130_fd_sc_hd__o21ai_2)
     3    0.01                           _2700_ (net)
                  0.06    0.00    2.41 v _7269_/A3 (sky130_fd_sc_hd__a31o_4)
                  0.08    0.28    2.69 v _7269_/X (sky130_fd_sc_hd__a31o_4)
     2    0.04                           net92 (net)
                  0.08    0.00    2.70 v output92/A (sky130_fd_sc_hd__buf_2)
                  0.09    0.19    2.88 v output92/X (sky130_fd_sc_hd__buf_2)
     1    0.03                           result[30] (net)
                  0.09    0.00    2.88 v result[30] (out)
                                  2.88   data arrival time

                  0.00    0.00    0.00   clock __VIRTUAL_CLK__ (rise edge)
                          0.00    0.00   clock network delay (ideal)
                          0.25    0.25   clock uncertainty
                          0.00    0.25   clock reconvergence pessimism
                         -2.00   -1.75   output external delay
                                 -1.75   data required time
-----------------------------------------------------------------------------
                                 -1.75   data required time
                                 -2.88   data arrival time
-----------------------------------------------------------------------------
                                  4.63   slack (MET)


Startpoint: control[2] (input port clocked by __VIRTUAL_CLK__)
Endpoint: result[8] (output port clocked by __VIRTUAL_CLK__)
Path Group: __VIRTUAL_CLK__
Path Type: min

Fanout     Cap    Slew   Delay    Time   Description
-----------------------------------------------------------------------------
                  0.00    0.00    0.00   clock __VIRTUAL_CLK__ (rise edge)
                          0.00    0.00   clock network delay (ideal)
                          2.00    2.00 ^ input external delay
                  0.02    0.01    2.01 ^ control[2] (in)
     1    0.00                           control[2] (net)
                  0.02    0.00    2.01 ^ input67/A (sky130_fd_sc_hd__buf_4)
                  0.05    0.10    2.11 ^ input67/X (sky130_fd_sc_hd__buf_4)
     6    0.01                           net67 (net)
                  0.05    0.00    2.11 ^ _3789_/B (sky130_fd_sc_hd__or3_4)
                  0.06    0.13    2.24 ^ _3789_/X (sky130_fd_sc_hd__or3_4)
     5    0.02                           _0641_ (net)
                  0.06    0.00    2.24 ^ _3790_/B (sky130_fd_sc_hd__nor2_4)
                  0.03    0.04    2.29 v _3790_/Y (sky130_fd_sc_hd__nor2_4)
     8    0.02                           _0652_ (net)
                  0.03    0.00    2.29 v _4312_/A1 (sky130_fd_sc_hd__a31o_1)
                  0.03    0.15    2.44 v _4312_/X (sky130_fd_sc_hd__a31o_1)
     1    0.00                           _3418_ (net)
                  0.03    0.00    2.44 v _4313_/B1 (sky130_fd_sc_hd__a31o_2)
                  0.10    0.26    2.70 v _4313_/X (sky130_fd_sc_hd__a31o_2)
     2    0.03                           net99 (net)
                  0.10    0.00    2.70 v output99/A (sky130_fd_sc_hd__clkbuf_4)
                  0.08    0.20    2.90 v output99/X (sky130_fd_sc_hd__clkbuf_4)
     1    0.03                           result[8] (net)
                  0.08    0.00    2.90 v result[8] (out)
                                  2.90   data arrival time

                  0.00    0.00    0.00   clock __VIRTUAL_CLK__ (rise edge)
                          0.00    0.00   clock network delay (ideal)
                          0.25    0.25   clock uncertainty
                          0.00    0.25   clock reconvergence pessimism
                         -2.00   -1.75   output external delay
                                 -1.75   data required time
-----------------------------------------------------------------------------
                                 -1.75   data required time
                                 -2.90   data arrival time
-----------------------------------------------------------------------------
                                  4.65   slack (MET)


Startpoint: A[31] (input port clocked by __VIRTUAL_CLK__)
Endpoint: result[25] (output port clocked by __VIRTUAL_CLK__)
Path Group: __VIRTUAL_CLK__
Path Type: min

Fanout     Cap    Slew   Delay    Time   Description
-----------------------------------------------------------------------------
                  0.00    0.00    0.00   clock __VIRTUAL_CLK__ (rise edge)
                          0.00    0.00   clock network delay (ideal)
                          2.00    2.00 ^ input external delay
                  0.02    0.01    2.01 ^ A[31] (in)
     1    0.00                           A[31] (net)
                  0.02    0.00    2.01 ^ input25/A (sky130_fd_sc_hd__buf_4)
                  0.05    0.10    2.11 ^ input25/X (sky130_fd_sc_hd__buf_4)
     6    0.01                           net25 (net)
                  0.05    0.00    2.11 ^ _4052_/A (sky130_fd_sc_hd__and3_4)
                  0.09    0.20    2.31 ^ _4052_/X (sky130_fd_sc_hd__and3_4)
    10    0.02                           _3161_ (net)
                  0.09    0.00    2.31 ^ _6250_/B1 (sky130_fd_sc_hd__o31a_1)
                  0.06    0.14    2.45 ^ _6250_/X (sky130_fd_sc_hd__o31a_1)
     2    0.00                           _1766_ (net)
                  0.06    0.00    2.45 ^ _6415_/A (sky130_fd_sc_hd__or4b_1)
                  0.07    0.12    2.57 ^ _6415_/X (sky130_fd_sc_hd__or4b_1)
     1    0.01                           _1947_ (net)
                  0.07    0.00    2.57 ^ _6416_/B1 (sky130_fd_sc_hd__a31o_1)
                  0.04    0.09    2.66 ^ _6416_/X (sky130_fd_sc_hd__a31o_1)
     1    0.00                           _1948_ (net)
                  0.04    0.00    2.66 ^ _6417_/C1 (sky130_fd_sc_hd__a211o_2)
                  0.03    0.08    2.74 ^ _6417_/X (sky130_fd_sc_hd__a211o_2)
     2    0.00                           net86 (net)
                  0.03    0.00    2.74 ^ output86/A (sky130_fd_sc_hd__clkbuf_4)
                  0.12    0.18    2.92 ^ output86/X (sky130_fd_sc_hd__clkbuf_4)
     1    0.04                           result[25] (net)
                  0.12    0.00    2.92 ^ result[25] (out)
                                  2.92   data arrival time

                  0.00    0.00    0.00   clock __VIRTUAL_CLK__ (rise edge)
                          0.00    0.00   clock network delay (ideal)
                          0.25    0.25   clock uncertainty
                          0.00    0.25   clock reconvergence pessimism
                         -2.00   -1.75   output external delay
                                 -1.75   data required time
-----------------------------------------------------------------------------
                                 -1.75   data required time
                                 -2.92   data arrival time
-----------------------------------------------------------------------------
                                  4.67   slack (MET)


Startpoint: control[2] (input port clocked by __VIRTUAL_CLK__)
Endpoint: result[1] (output port clocked by __VIRTUAL_CLK__)
Path Group: __VIRTUAL_CLK__
Path Type: min

Fanout     Cap    Slew   Delay    Time   Description
-----------------------------------------------------------------------------
                  0.00    0.00    0.00   clock __VIRTUAL_CLK__ (rise edge)
                          0.00    0.00   clock network delay (ideal)
                          2.00    2.00 ^ input external delay
                  0.02    0.01    2.01 ^ control[2] (in)
     1    0.00                           control[2] (net)
                  0.02    0.00    2.01 ^ input67/A (sky130_fd_sc_hd__buf_4)
                  0.05    0.10    2.11 ^ input67/X (sky130_fd_sc_hd__buf_4)
     6    0.01                           net67 (net)
                  0.05    0.00    2.11 ^ _3808_/C (sky130_fd_sc_hd__and4bb_4)
                  0.11    0.27    2.37 ^ _3808_/X (sky130_fd_sc_hd__and4bb_4)
     7    0.02                           _0849_ (net)
                  0.11    0.00    2.37 ^ _3809_/B (sky130_fd_sc_hd__nand2_4)
                  0.06    0.08    2.45 v _3809_/Y (sky130_fd_sc_hd__nand2_4)
     9    0.02                           _0860_ (net)
                  0.06    0.00    2.45 v _7426_/A (sky130_fd_sc_hd__nor2_1)
                  0.11    0.12    2.57 ^ _7426_/Y (sky130_fd_sc_hd__nor2_1)
     1    0.00                           _3051_ (net)
                  0.11    0.00    2.57 ^ _7436_/B1 (sky130_fd_sc_hd__a2111o_4)
                  0.08    0.16    2.73 ^ _7436_/X (sky130_fd_sc_hd__a2111o_4)
     2    0.02                           net80 (net)
                  0.08    0.00    2.73 ^ output80/A (sky130_fd_sc_hd__clkbuf_4)
                  0.11    0.19    2.92 ^ output80/X (sky130_fd_sc_hd__clkbuf_4)
     1    0.03                           result[1] (net)
                  0.11    0.00    2.92 ^ result[1] (out)
                                  2.92   data arrival time

                  0.00    0.00    0.00   clock __VIRTUAL_CLK__ (rise edge)
                          0.00    0.00   clock network delay (ideal)
                          0.25    0.25   clock uncertainty
                          0.00    0.25   clock reconvergence pessimism
                         -2.00   -1.75   output external delay
                                 -1.75   data required time
-----------------------------------------------------------------------------
                                 -1.75   data required time
                                 -2.92   data arrival time
-----------------------------------------------------------------------------
                                  4.67   slack (MET)


Startpoint: B[29] (input port clocked by __VIRTUAL_CLK__)
Endpoint: result[29] (output port clocked by __VIRTUAL_CLK__)
Path Group: __VIRTUAL_CLK__
Path Type: min

Fanout     Cap    Slew   Delay    Time   Description
-----------------------------------------------------------------------------
                  0.00    0.00    0.00   clock __VIRTUAL_CLK__ (rise edge)
                          0.00    0.00   clock network delay (ideal)
                          2.00    2.00 ^ input external delay
                  0.02    0.01    2.01 ^ B[29] (in)
     1    0.00                           B[29] (net)
                  0.02    0.00    2.01 ^ input54/A (sky130_fd_sc_hd__buf_4)
                  0.06    0.11    2.12 ^ input54/X (sky130_fd_sc_hd__buf_4)
     9    0.02                           net54 (net)
                  0.06    0.00    2.12 ^ _7086_/B (sky130_fd_sc_hd__or2_1)
                  0.06    0.11    2.23 ^ _7086_/X (sky130_fd_sc_hd__or2_1)
     2    0.01                           _2681_ (net)
                  0.06    0.00    2.23 ^ _7087_/B1 (sky130_fd_sc_hd__o21a_1)
                  0.04    0.10    2.34 ^ _7087_/X (sky130_fd_sc_hd__o21a_1)
     1    0.00                           _2682_ (net)
                  0.04    0.00    2.34 ^ _7095_/A (sky130_fd_sc_hd__or3_1)
                  0.04    0.08    2.42 ^ _7095_/X (sky130_fd_sc_hd__or3_1)
     1    0.00                           _2691_ (net)
                  0.04    0.00    2.42 ^ _7096_/B1 (sky130_fd_sc_hd__a21oi_1)
                  0.03    0.04    2.46 v _7096_/Y (sky130_fd_sc_hd__a21oi_1)
     2    0.00                           _2692_ (net)
                  0.03    0.00    2.46 v _7097_/C_N (sky130_fd_sc_hd__or3b_1)
                  0.10    0.18    2.64 ^ _7097_/X (sky130_fd_sc_hd__or3b_1)
     1    0.01                           _2693_ (net)
                  0.10    0.00    2.64 ^ _7098_/A (sky130_fd_sc_hd__clkbuf_1)
                  0.06    0.10    2.74 ^ _7098_/X (sky130_fd_sc_hd__clkbuf_1)
     1    0.00                           net90 (net)
                  0.06    0.00    2.74 ^ output90/A (sky130_fd_sc_hd__clkbuf_4)
                  0.11    0.18    2.92 ^ output90/X (sky130_fd_sc_hd__clkbuf_4)
     1    0.03                           result[29] (net)
                  0.11    0.00    2.93 ^ result[29] (out)
                                  2.93   data arrival time

                  0.00    0.00    0.00   clock __VIRTUAL_CLK__ (rise edge)
                          0.00    0.00   clock network delay (ideal)
                          0.25    0.25   clock uncertainty
                          0.00    0.25   clock reconvergence pessimism
                         -2.00   -1.75   output external delay
                                 -1.75   data required time
-----------------------------------------------------------------------------
                                 -1.75   data required time
                                 -2.93   data arrival time
-----------------------------------------------------------------------------
                                  4.68   slack (MET)


Startpoint: B[8] (input port clocked by __VIRTUAL_CLK__)
Endpoint: result[9] (output port clocked by __VIRTUAL_CLK__)
Path Group: __VIRTUAL_CLK__
Path Type: min

Fanout     Cap    Slew   Delay    Time   Description
-----------------------------------------------------------------------------
                  0.00    0.00    0.00   clock __VIRTUAL_CLK__ (rise edge)
                          0.00    0.00   clock network delay (ideal)
                          2.00    2.00 ^ input external delay
                  0.02    0.01    2.01 ^ B[8] (in)
     1    0.00                           B[8] (net)
                  0.02    0.00    2.01 ^ input63/A (sky130_fd_sc_hd__buf_2)
                  0.04    0.09    2.10 ^ input63/X (sky130_fd_sc_hd__buf_2)
     3    0.01                           net63 (net)
                  0.04    0.00    2.10 ^ _4282_/B (sky130_fd_sc_hd__and2_4)
                  0.13    0.20    2.30 ^ _4282_/X (sky130_fd_sc_hd__and2_4)
     7    0.04                           _3388_ (net)
                  0.13    0.00    2.30 ^ _4378_/B1_N (sky130_fd_sc_hd__o21ba_1)
                  0.04    0.17    2.47 v _4378_/X (sky130_fd_sc_hd__o21ba_1)
     2    0.01                           _3483_ (net)
                  0.04    0.00    2.47 v _4380_/B (sky130_fd_sc_hd__nand2_1)
                  0.04    0.06    2.52 ^ _4380_/Y (sky130_fd_sc_hd__nand2_1)
     1    0.00                           _3485_ (net)
                  0.04    0.00    2.52 ^ _4402_/A3 (sky130_fd_sc_hd__a31o_1)
                  0.07    0.15    2.67 ^ _4402_/X (sky130_fd_sc_hd__a31o_1)
     1    0.01                           _3507_ (net)
                  0.07    0.00    2.67 ^ _4403_/B1 (sky130_fd_sc_hd__a31o_2)
                  0.04    0.10    2.77 ^ _4403_/X (sky130_fd_sc_hd__a31o_2)
     2    0.00                           net100 (net)
                  0.04    0.00    2.77 ^ output100/A (sky130_fd_sc_hd__clkbuf_4)
                  0.11    0.17    2.94 ^ output100/X (sky130_fd_sc_hd__clkbuf_4)
     1    0.03                           result[9] (net)
                  0.11    0.00    2.94 ^ result[9] (out)
                                  2.94   data arrival time

                  0.00    0.00    0.00   clock __VIRTUAL_CLK__ (rise edge)
                          0.00    0.00   clock network delay (ideal)
                          0.25    0.25   clock uncertainty
                          0.00    0.25   clock reconvergence pessimism
                         -2.00   -1.75   output external delay
                                 -1.75   data required time
-----------------------------------------------------------------------------
                                 -1.75   data required time
                                 -2.94   data arrival time
-----------------------------------------------------------------------------
                                  4.69   slack (MET)


Startpoint: control[0] (input port clocked by __VIRTUAL_CLK__)
Endpoint: result[28] (output port clocked by __VIRTUAL_CLK__)
Path Group: __VIRTUAL_CLK__
Path Type: min

Fanout     Cap    Slew   Delay    Time   Description
-----------------------------------------------------------------------------
                  0.00    0.00    0.00   clock __VIRTUAL_CLK__ (rise edge)
                          0.00    0.00   clock network delay (ideal)
                          2.00    2.00 ^ input external delay
                  0.02    0.01    2.01 ^ control[0] (in)
     1    0.00                           control[0] (net)
                  0.02    0.00    2.01 ^ input65/A (sky130_fd_sc_hd__clkbuf_4)
                  0.08    0.15    2.16 ^ input65/X (sky130_fd_sc_hd__clkbuf_4)
     9    0.02                           net65 (net)
                  0.08    0.00    2.16 ^ _3788_/A (sky130_fd_sc_hd__inv_2)
                  0.06    0.07    2.23 v _3788_/Y (sky130_fd_sc_hd__inv_2)
     5    0.02                           _0630_ (net)
                  0.06    0.00    2.23 v _5160_/A (sky130_fd_sc_hd__nor2_2)
                  0.17    0.16    2.39 ^ _5160_/Y (sky130_fd_sc_hd__nor2_2)
     6    0.01                           _0575_ (net)
                  0.17    0.00    2.39 ^ _6759_/B2 (sky130_fd_sc_hd__a2bb2o_1)
                  0.04    0.14    2.53 ^ _6759_/X (sky130_fd_sc_hd__a2bb2o_1)
     1    0.00                           _2322_ (net)
                  0.04    0.00    2.53 ^ _6760_/C1 (sky130_fd_sc_hd__a211o_1)
                  0.04    0.08    2.61 ^ _6760_/X (sky130_fd_sc_hd__a211o_1)
     1    0.00                           _2323_ (net)
                  0.04    0.00    2.61 ^ _6761_/B1 (sky130_fd_sc_hd__a31o_1)
                  0.04    0.08    2.69 ^ _6761_/X (sky130_fd_sc_hd__a31o_1)
     1    0.00                           _2325_ (net)
                  0.04    0.00    2.69 ^ _6920_/B1 (sky130_fd_sc_hd__a211o_1)
                  0.04    0.09    2.78 ^ _6920_/X (sky130_fd_sc_hd__a211o_1)
     2    0.00                           net89 (net)
                  0.04    0.00    2.78 ^ output89/A (sky130_fd_sc_hd__clkbuf_4)
                  0.11    0.18    2.95 ^ output89/X (sky130_fd_sc_hd__clkbuf_4)
     1    0.03                           result[28] (net)
                  0.11    0.00    2.95 ^ result[28] (out)
                                  2.95   data arrival time

                  0.00    0.00    0.00   clock __VIRTUAL_CLK__ (rise edge)
                          0.00    0.00   clock network delay (ideal)
                          0.25    0.25   clock uncertainty
                          0.00    0.25   clock reconvergence pessimism
                         -2.00   -1.75   output external delay
                                 -1.75   data required time
-----------------------------------------------------------------------------
                                 -1.75   data required time
                                 -2.95   data arrival time
-----------------------------------------------------------------------------
                                  4.70   slack (MET)


Startpoint: control[0] (input port clocked by __VIRTUAL_CLK__)
Endpoint: result[12] (output port clocked by __VIRTUAL_CLK__)
Path Group: __VIRTUAL_CLK__
Path Type: min

Fanout     Cap    Slew   Delay    Time   Description
-----------------------------------------------------------------------------
                  0.00    0.00    0.00   clock __VIRTUAL_CLK__ (rise edge)
                          0.00    0.00   clock network delay (ideal)
                          2.00    2.00 ^ input external delay
                  0.02    0.01    2.01 ^ control[0] (in)
     1    0.00                           control[0] (net)
                  0.02    0.00    2.01 ^ input65/A (sky130_fd_sc_hd__clkbuf_4)
                  0.08    0.15    2.16 ^ input65/X (sky130_fd_sc_hd__clkbuf_4)
     9    0.02                           net65 (net)
                  0.08    0.00    2.16 ^ _3788_/A (sky130_fd_sc_hd__inv_2)
                  0.06    0.07    2.23 v _3788_/Y (sky130_fd_sc_hd__inv_2)
     5    0.02                           _0630_ (net)
                  0.06    0.00    2.23 v _3790_/A (sky130_fd_sc_hd__nor2_4)
                  0.14    0.15    2.38 ^ _3790_/Y (sky130_fd_sc_hd__nor2_4)
     8    0.02                           _0652_ (net)
                  0.14    0.00    2.38 ^ _4713_/A1 (sky130_fd_sc_hd__a32o_1)
                  0.05    0.16    2.54 ^ _4713_/X (sky130_fd_sc_hd__a32o_1)
     1    0.00                           _0088_ (net)
                  0.05    0.00    2.54 ^ _4714_/D (sky130_fd_sc_hd__or4_1)
                  0.10    0.13    2.67 ^ _4714_/X (sky130_fd_sc_hd__or4_1)
     1    0.01                           _0089_ (net)
                  0.10    0.00    2.67 ^ _4715_/A (sky130_fd_sc_hd__buf_6)
                  0.05    0.11    2.79 ^ _4715_/X (sky130_fd_sc_hd__buf_6)
     2    0.02                           net72 (net)
                  0.05    0.00    2.79 ^ output72/A (sky130_fd_sc_hd__clkbuf_4)
                  0.11    0.17    2.96 ^ output72/X (sky130_fd_sc_hd__clkbuf_4)
     1    0.03                           result[12] (net)
                  0.11    0.00    2.96 ^ result[12] (out)
                                  2.96   data arrival time

                  0.00    0.00    0.00   clock __VIRTUAL_CLK__ (rise edge)
                          0.00    0.00   clock network delay (ideal)
                          0.25    0.25   clock uncertainty
                          0.00    0.25   clock reconvergence pessimism
                         -2.00   -1.75   output external delay
                                 -1.75   data required time
-----------------------------------------------------------------------------
                                 -1.75   data required time
                                 -2.96   data arrival time
-----------------------------------------------------------------------------
                                  4.71   slack (MET)


Startpoint: A[31] (input port clocked by __VIRTUAL_CLK__)
Endpoint: result[6] (output port clocked by __VIRTUAL_CLK__)
Path Group: __VIRTUAL_CLK__
Path Type: min

Fanout     Cap    Slew   Delay    Time   Description
-----------------------------------------------------------------------------
                  0.00    0.00    0.00   clock __VIRTUAL_CLK__ (rise edge)
                          0.00    0.00   clock network delay (ideal)
                          2.00    2.00 ^ input external delay
                  0.02    0.01    2.01 ^ A[31] (in)
     1    0.00                           A[31] (net)
                  0.02    0.00    2.01 ^ input25/A (sky130_fd_sc_hd__buf_4)
                  0.05    0.10    2.11 ^ input25/X (sky130_fd_sc_hd__buf_4)
     6    0.01                           net25 (net)
                  0.05    0.00    2.11 ^ _4052_/A (sky130_fd_sc_hd__and3_4)
                  0.09    0.20    2.31 ^ _4052_/X (sky130_fd_sc_hd__and3_4)
    10    0.02                           _3161_ (net)
                  0.09    0.00    2.31 ^ _4093_/B (sky130_fd_sc_hd__and2_2)
                  0.11    0.19    2.50 ^ _4093_/X (sky130_fd_sc_hd__and2_2)
     8    0.02                           _3201_ (net)
                  0.11    0.00    2.50 ^ _4098_/B2 (sky130_fd_sc_hd__a221o_1)
                  0.05    0.15    2.65 ^ _4098_/X (sky130_fd_sc_hd__a221o_1)
     1    0.00                           _3206_ (net)
                  0.05    0.00    2.65 ^ _4161_/A (sky130_fd_sc_hd__or3_1)
                  0.04    0.09    2.74 ^ _4161_/X (sky130_fd_sc_hd__or3_1)
     1    0.00                           _3269_ (net)
                  0.04    0.00    2.74 ^ _4162_/A (sky130_fd_sc_hd__clkbuf_2)
                  0.04    0.09    2.83 ^ _4162_/X (sky130_fd_sc_hd__clkbuf_2)
     2    0.00                           net97 (net)
                  0.04    0.00    2.83 ^ output97/A (sky130_fd_sc_hd__clkbuf_4)
                  0.11    0.17    3.00 ^ output97/X (sky130_fd_sc_hd__clkbuf_4)
     1    0.03                           result[6] (net)
                  0.11    0.00    3.00 ^ result[6] (out)
                                  3.00   data arrival time

                  0.00    0.00    0.00   clock __VIRTUAL_CLK__ (rise edge)
                          0.00    0.00   clock network delay (ideal)
                          0.25    0.25   clock uncertainty
                          0.00    0.25   clock reconvergence pessimism
                         -2.00   -1.75   output external delay
                                 -1.75   data required time
-----------------------------------------------------------------------------
                                 -1.75   data required time
                                 -3.00   data arrival time
-----------------------------------------------------------------------------
                                  4.75   slack (MET)


Startpoint: control[2] (input port clocked by __VIRTUAL_CLK__)
Endpoint: result[22] (output port clocked by __VIRTUAL_CLK__)
Path Group: __VIRTUAL_CLK__
Path Type: min

Fanout     Cap    Slew   Delay    Time   Description
-----------------------------------------------------------------------------
                  0.00    0.00    0.00   clock __VIRTUAL_CLK__ (rise edge)
                          0.00    0.00   clock network delay (ideal)
                          2.00    2.00 ^ input external delay
                  0.02    0.01    2.01 ^ control[2] (in)
     1    0.00                           control[2] (net)
                  0.02    0.00    2.01 ^ input67/A (sky130_fd_sc_hd__buf_4)
                  0.05    0.10    2.11 ^ input67/X (sky130_fd_sc_hd__buf_4)
     6    0.01                           net67 (net)
                  0.05    0.00    2.11 ^ _3789_/B (sky130_fd_sc_hd__or3_4)
                  0.06    0.13    2.24 ^ _3789_/X (sky130_fd_sc_hd__or3_4)
     5    0.02                           _0641_ (net)
                  0.06    0.00    2.24 ^ _3790_/B (sky130_fd_sc_hd__nor2_4)
                  0.03    0.04    2.29 v _3790_/Y (sky130_fd_sc_hd__nor2_4)
     8    0.02                           _0652_ (net)
                  0.03    0.00    2.29 v _4467_/A (sky130_fd_sc_hd__buf_4)
                  0.06    0.15    2.44 v _4467_/X (sky130_fd_sc_hd__buf_4)
    10    0.03                           _3571_ (net)
                  0.06    0.00    2.44 v _5957_/A1 (sky130_fd_sc_hd__a311o_4)
                  0.10    0.36    2.80 v _5957_/X (sky130_fd_sc_hd__a311o_4)
     2    0.04                           net83 (net)
                  0.10    0.00    2.80 v output83/A (sky130_fd_sc_hd__clkbuf_4)
                  0.08    0.20    3.00 v output83/X (sky130_fd_sc_hd__clkbuf_4)
     1    0.03                           result[22] (net)
                  0.08    0.00    3.00 v result[22] (out)
                                  3.00   data arrival time

                  0.00    0.00    0.00   clock __VIRTUAL_CLK__ (rise edge)
                          0.00    0.00   clock network delay (ideal)
                          0.25    0.25   clock uncertainty
                          0.00    0.25   clock reconvergence pessimism
                         -2.00   -1.75   output external delay
                                 -1.75   data required time
-----------------------------------------------------------------------------
                                 -1.75   data required time
                                 -3.00   data arrival time
-----------------------------------------------------------------------------
                                  4.75   slack (MET)


Startpoint: B[14] (input port clocked by __VIRTUAL_CLK__)
Endpoint: result[15] (output port clocked by __VIRTUAL_CLK__)
Path Group: __VIRTUAL_CLK__
Path Type: min

Fanout     Cap    Slew   Delay    Time   Description
-----------------------------------------------------------------------------
                  0.00    0.00    0.00   clock __VIRTUAL_CLK__ (rise edge)
                          0.00    0.00   clock network delay (ideal)
                          2.00    2.00 v input external delay
                  0.01    0.01    2.01 v B[14] (in)
     1    0.00                           B[14] (net)
                  0.01    0.00    2.01 v input38/A (sky130_fd_sc_hd__buf_4)
                  0.05    0.13    2.14 v input38/X (sky130_fd_sc_hd__buf_4)
     6    0.02                           net38 (net)
                  0.05    0.00    2.14 v _4942_/A (sky130_fd_sc_hd__inv_2)
                  0.10    0.10    2.24 ^ _4942_/Y (sky130_fd_sc_hd__inv_2)
     4    0.02                           _0337_ (net)
                  0.10    0.00    2.24 ^ _5023_/A2 (sky130_fd_sc_hd__a21oi_1)
                  0.04    0.09    2.32 v _5023_/Y (sky130_fd_sc_hd__a21oi_1)
     1    0.01                           _0426_ (net)
                  0.04    0.00    2.32 v _5024_/B (sky130_fd_sc_hd__xnor2_1)
                  0.07    0.15    2.47 ^ _5024_/Y (sky130_fd_sc_hd__xnor2_1)
     1    0.00                           _0427_ (net)
                  0.07    0.00    2.47 ^ _5039_/A2 (sky130_fd_sc_hd__a211o_1)
                  0.05    0.12    2.60 ^ _5039_/X (sky130_fd_sc_hd__a211o_1)
     1    0.00                           _0443_ (net)
                  0.05    0.00    2.60 ^ _5040_/B1 (sky130_fd_sc_hd__a31o_1)
                  0.12    0.14    2.74 ^ _5040_/X (sky130_fd_sc_hd__a31o_1)
     1    0.01                           _0444_ (net)
                  0.12    0.00    2.74 ^ _5041_/B1 (sky130_fd_sc_hd__a21o_2)
                  0.03    0.10    2.84 ^ _5041_/X (sky130_fd_sc_hd__a21o_2)
     2    0.00                           net75 (net)
                  0.03    0.00    2.84 ^ output75/A (sky130_fd_sc_hd__clkbuf_4)
                  0.11    0.17    3.01 ^ output75/X (sky130_fd_sc_hd__clkbuf_4)
     1    0.03                           result[15] (net)
                  0.11    0.00    3.01 ^ result[15] (out)
                                  3.01   data arrival time

                  0.00    0.00    0.00   clock __VIRTUAL_CLK__ (rise edge)
                          0.00    0.00   clock network delay (ideal)
                          0.25    0.25   clock uncertainty
                          0.00    0.25   clock reconvergence pessimism
                         -2.00   -1.75   output external delay
                                 -1.75   data required time
-----------------------------------------------------------------------------
                                 -1.75   data required time
                                 -3.01   data arrival time
-----------------------------------------------------------------------------
                                  4.76   slack (MET)


Startpoint: control[2] (input port clocked by __VIRTUAL_CLK__)
Endpoint: result[2] (output port clocked by __VIRTUAL_CLK__)
Path Group: __VIRTUAL_CLK__
Path Type: min

Fanout     Cap    Slew   Delay    Time   Description
-----------------------------------------------------------------------------
                  0.00    0.00    0.00   clock __VIRTUAL_CLK__ (rise edge)
                          0.00    0.00   clock network delay (ideal)
                          2.00    2.00 ^ input external delay
                  0.02    0.01    2.01 ^ control[2] (in)
     1    0.00                           control[2] (net)
                  0.02    0.00    2.01 ^ input67/A (sky130_fd_sc_hd__buf_4)
                  0.05    0.10    2.11 ^ input67/X (sky130_fd_sc_hd__buf_4)
     6    0.01                           net67 (net)
                  0.05    0.00    2.11 ^ _3885_/B (sky130_fd_sc_hd__and3b_1)
                  0.05    0.14    2.25 ^ _3885_/X (sky130_fd_sc_hd__and3b_1)
     1    0.00                           _1690_ (net)
                  0.05    0.00    2.25 ^ _3886_/A (sky130_fd_sc_hd__buf_2)
                  0.12    0.16    2.41 ^ _3886_/X (sky130_fd_sc_hd__buf_2)
     7    0.02                           _1701_ (net)
                  0.12    0.00    2.41 ^ _4483_/A (sky130_fd_sc_hd__clkbuf_4)
                  0.10    0.19    2.60 ^ _4483_/X (sky130_fd_sc_hd__clkbuf_4)
    10    0.03                           _3587_ (net)
                  0.10    0.00    2.60 ^ _7484_/A1 (sky130_fd_sc_hd__a211o_1)
                  0.15    0.20    2.80 ^ _7484_/X (sky130_fd_sc_hd__a211o_1)
     2    0.02                           net91 (net)
                  0.15    0.00    2.80 ^ output91/A (sky130_fd_sc_hd__clkbuf_4)
                  0.11    0.21    3.02 ^ output91/X (sky130_fd_sc_hd__clkbuf_4)
     1    0.03                           result[2] (net)
                  0.11    0.00    3.02 ^ result[2] (out)
                                  3.02   data arrival time

                  0.00    0.00    0.00   clock __VIRTUAL_CLK__ (rise edge)
                          0.00    0.00   clock network delay (ideal)
                          0.25    0.25   clock uncertainty
                          0.00    0.25   clock reconvergence pessimism
                         -2.00   -1.75   output external delay
                                 -1.75   data required time
-----------------------------------------------------------------------------
                                 -1.75   data required time
                                 -3.02   data arrival time
-----------------------------------------------------------------------------
                                  4.77   slack (MET)


Startpoint: control[0] (input port clocked by __VIRTUAL_CLK__)
Endpoint: result[20] (output port clocked by __VIRTUAL_CLK__)
Path Group: __VIRTUAL_CLK__
Path Type: min

Fanout     Cap    Slew   Delay    Time   Description
-----------------------------------------------------------------------------
                  0.00    0.00    0.00   clock __VIRTUAL_CLK__ (rise edge)
                          0.00    0.00   clock network delay (ideal)
                          2.00    2.00 ^ input external delay
                  0.02    0.01    2.01 ^ control[0] (in)
     1    0.00                           control[0] (net)
                  0.02    0.00    2.01 ^ input65/A (sky130_fd_sc_hd__clkbuf_4)
                  0.08    0.15    2.16 ^ input65/X (sky130_fd_sc_hd__clkbuf_4)
     9    0.02                           net65 (net)
                  0.08    0.00    2.16 ^ _3788_/A (sky130_fd_sc_hd__inv_2)
                  0.06    0.07    2.23 v _3788_/Y (sky130_fd_sc_hd__inv_2)
     5    0.02                           _0630_ (net)
                  0.06    0.00    2.23 v _5160_/A (sky130_fd_sc_hd__nor2_2)
                  0.17    0.16    2.39 ^ _5160_/Y (sky130_fd_sc_hd__nor2_2)
     6    0.01                           _0575_ (net)
                  0.17    0.00    2.39 ^ _5578_/B2 (sky130_fd_sc_hd__a32o_1)
                  0.05    0.14    2.53 ^ _5578_/X (sky130_fd_sc_hd__a32o_1)
     1    0.00                           _1031_ (net)
                  0.05    0.00    2.53 ^ _5579_/B (sky130_fd_sc_hd__or2_1)
                  0.06    0.10    2.63 ^ _5579_/X (sky130_fd_sc_hd__or2_1)
     1    0.01                           _1032_ (net)
                  0.06    0.00    2.63 ^ _5689_/B1 (sky130_fd_sc_hd__a211o_2)
                  0.15    0.17    2.80 ^ _5689_/X (sky130_fd_sc_hd__a211o_2)
     2    0.03                           net81 (net)
                  0.15    0.00    2.81 ^ output81/A (sky130_fd_sc_hd__clkbuf_4)
                  0.11    0.21    3.02 ^ output81/X (sky130_fd_sc_hd__clkbuf_4)
     1    0.03                           result[20] (net)
                  0.11    0.00    3.02 ^ result[20] (out)
                                  3.02   data arrival time

                  0.00    0.00    0.00   clock __VIRTUAL_CLK__ (rise edge)
                          0.00    0.00   clock network delay (ideal)
                          0.25    0.25   clock uncertainty
                          0.00    0.25   clock reconvergence pessimism
                         -2.00   -1.75   output external delay
                                 -1.75   data required time
-----------------------------------------------------------------------------
                                 -1.75   data required time
                                 -3.02   data arrival time
-----------------------------------------------------------------------------
                                  4.77   slack (MET)


Startpoint: control[0] (input port clocked by __VIRTUAL_CLK__)
Endpoint: result[19] (output port clocked by __VIRTUAL_CLK__)
Path Group: __VIRTUAL_CLK__
Path Type: min

Fanout     Cap    Slew   Delay    Time   Description
-----------------------------------------------------------------------------
                  0.00    0.00    0.00   clock __VIRTUAL_CLK__ (rise edge)
                          0.00    0.00   clock network delay (ideal)
                          2.00    2.00 ^ input external delay
                  0.02    0.01    2.01 ^ control[0] (in)
     1    0.00                           control[0] (net)
                  0.02    0.00    2.01 ^ input65/A (sky130_fd_sc_hd__clkbuf_4)
                  0.08    0.15    2.16 ^ input65/X (sky130_fd_sc_hd__clkbuf_4)
     9    0.02                           net65 (net)
                  0.08    0.00    2.16 ^ _3788_/A (sky130_fd_sc_hd__inv_2)
                  0.06    0.07    2.23 v _3788_/Y (sky130_fd_sc_hd__inv_2)
     5    0.02                           _0630_ (net)
                  0.06    0.00    2.23 v _5160_/A (sky130_fd_sc_hd__nor2_2)
                  0.17    0.16    2.39 ^ _5160_/Y (sky130_fd_sc_hd__nor2_2)
     6    0.01                           _0575_ (net)
                  0.17    0.00    2.39 ^ _5451_/B1 (sky130_fd_sc_hd__o21a_1)
                  0.06    0.15    2.54 ^ _5451_/X (sky130_fd_sc_hd__o21a_1)
     1    0.01                           _0893_ (net)
                  0.06    0.00    2.54 ^ _5452_/C1 (sky130_fd_sc_hd__a311o_1)
                  0.04    0.10    2.64 ^ _5452_/X (sky130_fd_sc_hd__a311o_1)
     1    0.00                           _0894_ (net)
                  0.04    0.00    2.64 ^ _5554_/B (sky130_fd_sc_hd__or3_1)
                  0.04    0.09    2.73 ^ _5554_/X (sky130_fd_sc_hd__or3_1)
     1    0.00                           _1006_ (net)
                  0.04    0.00    2.73 ^ _5555_/A (sky130_fd_sc_hd__clkbuf_4)
                  0.03    0.11    2.84 ^ _5555_/X (sky130_fd_sc_hd__clkbuf_4)
     2    0.00                           net79 (net)
                  0.03    0.00    2.84 ^ output79/A (sky130_fd_sc_hd__clkbuf_4)
                  0.12    0.18    3.02 ^ output79/X (sky130_fd_sc_hd__clkbuf_4)
     1    0.04                           result[19] (net)
                  0.12    0.00    3.02 ^ result[19] (out)
                                  3.02   data arrival time

                  0.00    0.00    0.00   clock __VIRTUAL_CLK__ (rise edge)
                          0.00    0.00   clock network delay (ideal)
                          0.25    0.25   clock uncertainty
                          0.00    0.25   clock reconvergence pessimism
                         -2.00   -1.75   output external delay
                                 -1.75   data required time
-----------------------------------------------------------------------------
                                 -1.75   data required time
                                 -3.02   data arrival time
-----------------------------------------------------------------------------
                                  4.77   slack (MET)


Startpoint: B[30] (input port clocked by __VIRTUAL_CLK__)
Endpoint: zero_flag (output port clocked by __VIRTUAL_CLK__)
Path Group: __VIRTUAL_CLK__
Path Type: min

Fanout     Cap    Slew   Delay    Time   Description
-----------------------------------------------------------------------------
                  0.00    0.00    0.00   clock __VIRTUAL_CLK__ (rise edge)
                          0.00    0.00   clock network delay (ideal)
                          2.00    2.00 ^ input external delay
                  0.03    0.02    2.02 ^ B[30] (in)
     1    0.01                           B[30] (net)
                  0.03    0.00    2.02 ^ input56/A (sky130_fd_sc_hd__clkbuf_8)
                  0.04    0.11    2.13 ^ input56/X (sky130_fd_sc_hd__clkbuf_8)
     6    0.01                           net56 (net)
                  0.04    0.00    2.13 ^ _7260_/B (sky130_fd_sc_hd__nand2_1)
                  0.08    0.08    2.21 v _7260_/Y (sky130_fd_sc_hd__nand2_1)
     3    0.01                           _2871_ (net)
                  0.08    0.00    2.21 v _7273_/A1 (sky130_fd_sc_hd__a21oi_1)
                  0.09    0.12    2.33 ^ _7273_/Y (sky130_fd_sc_hd__a21oi_1)
     1    0.00                           _2884_ (net)
                  0.09    0.00    2.33 ^ _7275_/A (sky130_fd_sc_hd__or2_1)
                  0.11    0.15    2.48 ^ _7275_/X (sky130_fd_sc_hd__or2_1)
     2    0.01                           _2886_ (net)
                  0.11    0.00    2.48 ^ _7497_/B (sky130_fd_sc_hd__and4b_2)
                  0.17    0.32    2.79 ^ _7497_/X (sky130_fd_sc_hd__and4b_2)
     1    0.03                           _3125_ (net)
                  0.17    0.00    2.79 ^ _7498_/A (sky130_fd_sc_hd__buf_6)
                  0.04    0.12    2.92 ^ _7498_/X (sky130_fd_sc_hd__buf_6)
     1    0.01                           net101 (net)
                  0.04    0.00    2.92 ^ output101/A (sky130_fd_sc_hd__buf_6)
                  0.08    0.12    3.04 ^ output101/X (sky130_fd_sc_hd__buf_6)
     1    0.03                           zero_flag (net)
                  0.08    0.00    3.04 ^ zero_flag (out)
                                  3.04   data arrival time

                  0.00    0.00    0.00   clock __VIRTUAL_CLK__ (rise edge)
                          0.00    0.00   clock network delay (ideal)
                          0.25    0.25   clock uncertainty
                          0.00    0.25   clock reconvergence pessimism
                         -2.00   -1.75   output external delay
                                 -1.75   data required time
-----------------------------------------------------------------------------
                                 -1.75   data required time
                                 -3.04   data arrival time
-----------------------------------------------------------------------------
                                  4.79   slack (MET)


Startpoint: A[10] (input port clocked by __VIRTUAL_CLK__)
Endpoint: result[10] (output port clocked by __VIRTUAL_CLK__)
Path Group: __VIRTUAL_CLK__
Path Type: min

Fanout     Cap    Slew   Delay    Time   Description
-----------------------------------------------------------------------------
                  0.00    0.00    0.00   clock __VIRTUAL_CLK__ (rise edge)
                          0.00    0.00   clock network delay (ideal)
                          2.00    2.00 ^ input external delay
                  0.02    0.01    2.01 ^ A[10] (in)
     1    0.00                           A[10] (net)
                  0.02    0.00    2.01 ^ input2/A (sky130_fd_sc_hd__clkbuf_4)
                  0.06    0.13    2.14 ^ input2/X (sky130_fd_sc_hd__clkbuf_4)
     5    0.01                           net2 (net)
                  0.06    0.00    2.14 ^ _4469_/A (sky130_fd_sc_hd__and2_4)
                  0.07    0.15    2.29 ^ _4469_/X (sky130_fd_sc_hd__and2_4)
     7    0.02                           _3573_ (net)
                  0.07    0.00    2.29 ^ _4490_/A2 (sky130_fd_sc_hd__a221o_1)
                  0.04    0.14    2.43 ^ _4490_/X (sky130_fd_sc_hd__a221o_1)
     1    0.00                           _3594_ (net)
                  0.04    0.00    2.43 ^ _4503_/B (sky130_fd_sc_hd__or3b_1)
                  0.05    0.10    2.52 ^ _4503_/X (sky130_fd_sc_hd__or3b_1)
     1    0.00                           _3607_ (net)
                  0.05    0.00    2.52 ^ _4504_/B1 (sky130_fd_sc_hd__a31o_1)
                  0.11    0.13    2.66 ^ _4504_/X (sky130_fd_sc_hd__a31o_1)
     1    0.01                           _3608_ (net)
                  0.11    0.00    2.66 ^ _4505_/B1 (sky130_fd_sc_hd__a21o_2)
                  0.15    0.18    2.84 ^ _4505_/X (sky130_fd_sc_hd__a21o_2)
     2    0.03                           net70 (net)
                  0.15    0.00    2.84 ^ output70/A (sky130_fd_sc_hd__clkbuf_4)
                  0.12    0.22    3.06 ^ output70/X (sky130_fd_sc_hd__clkbuf_4)
     1    0.04                           result[10] (net)
                  0.12    0.00    3.06 ^ result[10] (out)
                                  3.06   data arrival time

                  0.00    0.00    0.00   clock __VIRTUAL_CLK__ (rise edge)
                          0.00    0.00   clock network delay (ideal)
                          0.25    0.25   clock uncertainty
                          0.00    0.25   clock reconvergence pessimism
                         -2.00   -1.75   output external delay
                                 -1.75   data required time
-----------------------------------------------------------------------------
                                 -1.75   data required time
                                 -3.06   data arrival time
-----------------------------------------------------------------------------
                                  4.81   slack (MET)


Startpoint: B[11] (input port clocked by __VIRTUAL_CLK__)
Endpoint: result[13] (output port clocked by __VIRTUAL_CLK__)
Path Group: __VIRTUAL_CLK__
Path Type: min

Fanout     Cap    Slew   Delay    Time   Description
-----------------------------------------------------------------------------
                  0.00    0.00    0.00   clock __VIRTUAL_CLK__ (rise edge)
                          0.00    0.00   clock network delay (ideal)
                          2.00    2.00 ^ input external delay
                  0.04    0.02    2.02 ^ B[11] (in)
     1    0.01                           B[11] (net)
                  0.04    0.00    2.02 ^ input35/A (sky130_fd_sc_hd__buf_2)
                  0.05    0.10    2.13 ^ input35/X (sky130_fd_sc_hd__buf_2)
     5    0.01                           net35 (net)
                  0.05    0.00    2.13 ^ _4606_/B (sky130_fd_sc_hd__and2_2)
                  0.15    0.21    2.34 ^ _4606_/X (sky130_fd_sc_hd__and2_2)
     4    0.03                           _3709_ (net)
                  0.15    0.00    2.34 ^ _4622_/A1 (sky130_fd_sc_hd__o21ba_1)
                  0.09    0.17    2.51 ^ _4622_/X (sky130_fd_sc_hd__o21ba_1)
     3    0.01                           _3724_ (net)
                  0.09    0.00    2.51 ^ _4802_/B (sky130_fd_sc_hd__or3b_1)
                  0.04    0.10    2.62 ^ _4802_/X (sky130_fd_sc_hd__or3b_1)
     1    0.00                           _0185_ (net)
                  0.04    0.00    2.62 ^ _4821_/A2 (sky130_fd_sc_hd__a31o_1)
                  0.12    0.18    2.79 ^ _4821_/X (sky130_fd_sc_hd__a31o_1)
     1    0.01                           _0206_ (net)
                  0.12    0.00    2.79 ^ _4822_/C1 (sky130_fd_sc_hd__a311o_4)
                  0.04    0.11    2.90 ^ _4822_/X (sky130_fd_sc_hd__a311o_4)
     2    0.00                           net73 (net)
                  0.04    0.00    2.90 ^ output73/A (sky130_fd_sc_hd__clkbuf_4)
                  0.11    0.17    3.07 ^ output73/X (sky130_fd_sc_hd__clkbuf_4)
     1    0.03                           result[13] (net)
                  0.11    0.00    3.07 ^ result[13] (out)
                                  3.07   data arrival time

                  0.00    0.00    0.00   clock __VIRTUAL_CLK__ (rise edge)
                          0.00    0.00   clock network delay (ideal)
                          0.25    0.25   clock uncertainty
                          0.00    0.25   clock reconvergence pessimism
                         -2.00   -1.75   output external delay
                                 -1.75   data required time
-----------------------------------------------------------------------------
                                 -1.75   data required time
                                 -3.07   data arrival time
-----------------------------------------------------------------------------
                                  4.82   slack (MET)


Startpoint: A[31] (input port clocked by __VIRTUAL_CLK__)
Endpoint: result[16] (output port clocked by __VIRTUAL_CLK__)
Path Group: __VIRTUAL_CLK__
Path Type: min

Fanout     Cap    Slew   Delay    Time   Description
-----------------------------------------------------------------------------
                  0.00    0.00    0.00   clock __VIRTUAL_CLK__ (rise edge)
                          0.00    0.00   clock network delay (ideal)
                          2.00    2.00 ^ input external delay
                  0.02    0.01    2.01 ^ A[31] (in)
     1    0.00                           A[31] (net)
                  0.02    0.00    2.01 ^ input25/A (sky130_fd_sc_hd__buf_4)
                  0.05    0.10    2.11 ^ input25/X (sky130_fd_sc_hd__buf_4)
     6    0.01                           net25 (net)
                  0.05    0.00    2.11 ^ _5156_/A (sky130_fd_sc_hd__buf_2)
                  0.11    0.14    2.26 ^ _5156_/X (sky130_fd_sc_hd__buf_2)
    10    0.02                           _0571_ (net)
                  0.11    0.00    2.26 ^ _5159_/A0 (sky130_fd_sc_hd__mux2_1)
                  0.05    0.14    2.40 ^ _5159_/X (sky130_fd_sc_hd__mux2_1)
     1    0.00                           _0574_ (net)
                  0.05    0.00    2.40 ^ _5161_/B1 (sky130_fd_sc_hd__a32o_1)
                  0.06    0.12    2.51 ^ _5161_/X (sky130_fd_sc_hd__a32o_1)
     1    0.00                           _0577_ (net)
                  0.06    0.00    2.51 ^ _5174_/B1 (sky130_fd_sc_hd__a211o_1)
                  0.11    0.14    2.65 ^ _5174_/X (sky130_fd_sc_hd__a211o_1)
     1    0.01                           _0591_ (net)
                  0.11    0.00    2.65 ^ _5175_/B1 (sky130_fd_sc_hd__a31o_2)
                  0.19    0.22    2.87 ^ _5175_/X (sky130_fd_sc_hd__a31o_2)
     2    0.03                           net76 (net)
                  0.19    0.00    2.87 ^ output76/A (sky130_fd_sc_hd__clkbuf_4)
                  0.11    0.22    3.10 ^ output76/X (sky130_fd_sc_hd__clkbuf_4)
     1    0.03                           result[16] (net)
                  0.11    0.00    3.10 ^ result[16] (out)
                                  3.10   data arrival time

                  0.00    0.00    0.00   clock __VIRTUAL_CLK__ (rise edge)
                          0.00    0.00   clock network delay (ideal)
                          0.25    0.25   clock uncertainty
                          0.00    0.25   clock reconvergence pessimism
                         -2.00   -1.75   output external delay
                                 -1.75   data required time
-----------------------------------------------------------------------------
                                 -1.75   data required time
                                 -3.10   data arrival time
-----------------------------------------------------------------------------
                                  4.85   slack (MET)


Startpoint: control[2] (input port clocked by __VIRTUAL_CLK__)
Endpoint: result[26] (output port clocked by __VIRTUAL_CLK__)
Path Group: __VIRTUAL_CLK__
Path Type: min

Fanout     Cap    Slew   Delay    Time   Description
-----------------------------------------------------------------------------
                  0.00    0.00    0.00   clock __VIRTUAL_CLK__ (rise edge)
                          0.00    0.00   clock network delay (ideal)
                          2.00    2.00 ^ input external delay
                  0.02    0.01    2.01 ^ control[2] (in)
     1    0.00                           control[2] (net)
                  0.02    0.00    2.01 ^ input67/A (sky130_fd_sc_hd__buf_4)
                  0.05    0.10    2.11 ^ input67/X (sky130_fd_sc_hd__buf_4)
     6    0.01                           net67 (net)
                  0.05    0.00    2.11 ^ _3808_/C (sky130_fd_sc_hd__and4bb_4)
                  0.11    0.27    2.37 ^ _3808_/X (sky130_fd_sc_hd__and4bb_4)
     7    0.02                           _0849_ (net)
                  0.11    0.00    2.37 ^ _5406_/A (sky130_fd_sc_hd__buf_2)
                  0.12    0.18    2.55 ^ _5406_/X (sky130_fd_sc_hd__buf_2)
    10    0.02                           _0844_ (net)
                  0.12    0.00    2.55 ^ _6571_/C1 (sky130_fd_sc_hd__o211a_1)
                  0.03    0.14    2.69 ^ _6571_/X (sky130_fd_sc_hd__o211a_1)
     1    0.00                           _2118_ (net)
                  0.03    0.00    2.69 ^ _6578_/B (sky130_fd_sc_hd__or3b_1)
                  0.05    0.09    2.78 ^ _6578_/X (sky130_fd_sc_hd__or3b_1)
     1    0.00                           _2125_ (net)
                  0.05    0.00    2.78 ^ _6579_/A (sky130_fd_sc_hd__clkbuf_2)
                  0.03    0.09    2.87 ^ _6579_/X (sky130_fd_sc_hd__clkbuf_2)
     2    0.00                           net87 (net)
                  0.03    0.00    2.87 ^ rebuffer42/A (sky130_fd_sc_hd__clkbuf_4)
                  0.03    0.10    2.97 ^ rebuffer42/X (sky130_fd_sc_hd__clkbuf_4)
     1    0.00                           net166 (net)
                  0.03    0.00    2.97 ^ output87/A (sky130_fd_sc_hd__clkbuf_4)
                  0.11    0.17    3.14 ^ output87/X (sky130_fd_sc_hd__clkbuf_4)
     1    0.03                           result[26] (net)
                  0.11    0.00    3.14 ^ result[26] (out)
                                  3.14   data arrival time

                  0.00    0.00    0.00   clock __VIRTUAL_CLK__ (rise edge)
                          0.00    0.00   clock network delay (ideal)
                          0.25    0.25   clock uncertainty
                          0.00    0.25   clock reconvergence pessimism
                         -2.00   -1.75   output external delay
                                 -1.75   data required time
-----------------------------------------------------------------------------
                                 -1.75   data required time
                                 -3.14   data arrival time
-----------------------------------------------------------------------------
                                  4.89   slack (MET)


Startpoint: control[2] (input port clocked by __VIRTUAL_CLK__)
Endpoint: result[24] (output port clocked by __VIRTUAL_CLK__)
Path Group: __VIRTUAL_CLK__
Path Type: min

Fanout     Cap    Slew   Delay    Time   Description
-----------------------------------------------------------------------------
                  0.00    0.00    0.00   clock __VIRTUAL_CLK__ (rise edge)
                          0.00    0.00   clock network delay (ideal)
                          2.00    2.00 ^ input external delay
                  0.02    0.01    2.01 ^ control[2] (in)
     1    0.00                           control[2] (net)
                  0.02    0.00    2.01 ^ input67/A (sky130_fd_sc_hd__buf_4)
                  0.05    0.10    2.11 ^ input67/X (sky130_fd_sc_hd__buf_4)
     6    0.01                           net67 (net)
                  0.05    0.00    2.11 ^ _3808_/C (sky130_fd_sc_hd__and4bb_4)
                  0.11    0.27    2.37 ^ _3808_/X (sky130_fd_sc_hd__and4bb_4)
     7    0.02                           _0849_ (net)
                  0.11    0.00    2.37 ^ _6245_/C1 (sky130_fd_sc_hd__o211a_1)
                  0.03    0.13    2.51 ^ _6245_/X (sky130_fd_sc_hd__o211a_1)
     1    0.00                           _1761_ (net)
                  0.03    0.00    2.51 ^ _6252_/A (sky130_fd_sc_hd__or4_1)
                  0.06    0.11    2.61 ^ _6252_/X (sky130_fd_sc_hd__or4_1)
     1    0.01                           _1769_ (net)
                  0.06    0.00    2.61 ^ _6267_/C (sky130_fd_sc_hd__or4_1)
                  0.07    0.12    2.73 ^ _6267_/X (sky130_fd_sc_hd__or4_1)
     1    0.01                           _1785_ (net)
                  0.07    0.00    2.73 ^ _6268_/A (sky130_fd_sc_hd__buf_6)
                  0.03    0.09    2.83 ^ _6268_/X (sky130_fd_sc_hd__buf_6)
     2    0.01                           net85 (net)
                  0.03    0.00    2.83 ^ rebuffer43/A (sky130_fd_sc_hd__clkbuf_4)
                  0.14    0.19    3.02 ^ rebuffer43/X (sky130_fd_sc_hd__clkbuf_4)
     1    0.04                           net167 (net)
                  0.14    0.00    3.02 ^ output85/A (sky130_fd_sc_hd__clkbuf_4)
                  0.11    0.21    3.23 ^ output85/X (sky130_fd_sc_hd__clkbuf_4)
     1    0.03                           result[24] (net)
                  0.11    0.00    3.23 ^ result[24] (out)
                                  3.23   data arrival time

                  0.00    0.00    0.00   clock __VIRTUAL_CLK__ (rise edge)
                          0.00    0.00   clock network delay (ideal)
                          0.25    0.25   clock uncertainty
                          0.00    0.25   clock reconvergence pessimism
                         -2.00   -1.75   output external delay
                                 -1.75   data required time
-----------------------------------------------------------------------------
                                 -1.75   data required time
                                 -3.23   data arrival time
-----------------------------------------------------------------------------
                                  4.98   slack (MET)



