
===========================================================================
report_checks -path_delay min (Hold)
============================================================================
======================= Typical Corner ===================================

Startpoint: control[0] (input port clocked by __VIRTUAL_CLK__)
Endpoint: result[4] (output port clocked by __VIRTUAL_CLK__)
Path Group: __VIRTUAL_CLK__
Path Type: min

Fanout     Cap    Slew   Delay    Time   Description
-----------------------------------------------------------------------------
                  0.00    0.00    0.00   clock __VIRTUAL_CLK__ (rise edge)
                          0.00    0.00   clock network delay (ideal)
                          2.00    2.00 v input external delay
                  0.07    0.05    2.05 v control[0] (in)
     9    0.03                           control[0] (net)
                  0.07    0.00    2.05 v _3788_/A (sky130_fd_sc_hd__inv_2)
                  0.07    0.09    2.14 ^ _3788_/Y (sky130_fd_sc_hd__inv_2)
     5    0.01                           _0630_ (net)
                  0.07    0.00    2.14 ^ _3790_/A (sky130_fd_sc_hd__nor2_2)
                  0.08    0.09    2.22 v _3790_/Y (sky130_fd_sc_hd__nor2_2)
     8    0.03                           _0652_ (net)
                  0.08    0.00    2.22 v _3993_/A2 (sky130_fd_sc_hd__a31o_2)
                  0.18    0.36    2.58 v _3993_/X (sky130_fd_sc_hd__a31o_2)
     2    0.07                           result[4] (net)
                  0.18    0.02    2.60 v result[4] (out)
                                  2.60   data arrival time

                  0.00    0.00    0.00   clock __VIRTUAL_CLK__ (rise edge)
                          0.00    0.00   clock network delay (ideal)
                          0.25    0.25   clock uncertainty
                          0.00    0.25   clock reconvergence pessimism
                         -2.00   -1.75   output external delay
                                 -1.75   data required time
-----------------------------------------------------------------------------
                                 -1.75   data required time
                                 -2.60   data arrival time
-----------------------------------------------------------------------------
                                  4.35   slack (MET)


Startpoint: B[31] (input port clocked by __VIRTUAL_CLK__)
Endpoint: result[31] (output port clocked by __VIRTUAL_CLK__)
Path Group: __VIRTUAL_CLK__
Path Type: min

Fanout     Cap    Slew   Delay    Time   Description
-----------------------------------------------------------------------------
                  0.00    0.00    0.00   clock __VIRTUAL_CLK__ (rise edge)
                          0.00    0.00   clock network delay (ideal)
                          2.00    2.00 v input external delay
                  0.09    0.07    2.07 v B[31] (in)
     4    0.04                           B[31] (net)
                  0.10    0.00    2.07 v _7271_/B (sky130_fd_sc_hd__nand2_2)
                  0.06    0.09    2.16 ^ _7271_/Y (sky130_fd_sc_hd__nand2_2)
     2    0.01                           _2882_ (net)
                  0.06    0.00    2.16 ^ _7272_/B (sky130_fd_sc_hd__nand2_2)
                  0.08    0.09    2.25 v _7272_/Y (sky130_fd_sc_hd__nand2_2)
     6    0.02                           _2883_ (net)
                  0.08    0.00    2.25 v _7273_/B1 (sky130_fd_sc_hd__a21oi_2)
                  0.06    0.09    2.34 ^ _7273_/Y (sky130_fd_sc_hd__a21oi_2)
     1    0.00                           _2884_ (net)
                  0.06    0.00    2.34 ^ _7275_/A (sky130_fd_sc_hd__or2_2)
                  0.06    0.12    2.46 ^ _7275_/X (sky130_fd_sc_hd__or2_2)
     2    0.01                           _2886_ (net)
                  0.06    0.00    2.46 ^ _7421_/A (sky130_fd_sc_hd__nand2_2)
                  0.18    0.15    2.61 v _7421_/Y (sky130_fd_sc_hd__nand2_2)
     1    0.05                           result[31] (net)
                  0.18    0.01    2.62 v result[31] (out)
                                  2.62   data arrival time

                  0.00    0.00    0.00   clock __VIRTUAL_CLK__ (rise edge)
                          0.00    0.00   clock network delay (ideal)
                          0.25    0.25   clock uncertainty
                          0.00    0.25   clock reconvergence pessimism
                         -2.00   -1.75   output external delay
                                 -1.75   data required time
-----------------------------------------------------------------------------
                                 -1.75   data required time
                                 -2.62   data arrival time
-----------------------------------------------------------------------------
                                  4.37   slack (MET)


Startpoint: control[0] (input port clocked by __VIRTUAL_CLK__)
Endpoint: result[5] (output port clocked by __VIRTUAL_CLK__)
Path Group: __VIRTUAL_CLK__
Path Type: min

Fanout     Cap    Slew   Delay    Time   Description
-----------------------------------------------------------------------------
                  0.00    0.00    0.00   clock __VIRTUAL_CLK__ (rise edge)
                          0.00    0.00   clock network delay (ideal)
                          2.00    2.00 v input external delay
                  0.07    0.05    2.05 v control[0] (in)
     9    0.03                           control[0] (net)
                  0.07    0.00    2.05 v _3788_/A (sky130_fd_sc_hd__inv_2)
                  0.07    0.09    2.14 ^ _3788_/Y (sky130_fd_sc_hd__inv_2)
     5    0.01                           _0630_ (net)
                  0.07    0.00    2.14 ^ _3790_/A (sky130_fd_sc_hd__nor2_2)
                  0.08    0.09    2.22 v _3790_/Y (sky130_fd_sc_hd__nor2_2)
     8    0.03                           _0652_ (net)
                  0.08    0.00    2.22 v _4085_/A1 (sky130_fd_sc_hd__a211o_2)
                  0.15    0.41    2.63 v _4085_/X (sky130_fd_sc_hd__a211o_2)
     2    0.05                           result[5] (net)
                  0.16    0.01    2.64 v result[5] (out)
                                  2.64   data arrival time

                  0.00    0.00    0.00   clock __VIRTUAL_CLK__ (rise edge)
                          0.00    0.00   clock network delay (ideal)
                          0.25    0.25   clock uncertainty
                          0.00    0.25   clock reconvergence pessimism
                         -2.00   -1.75   output external delay
                                 -1.75   data required time
-----------------------------------------------------------------------------
                                 -1.75   data required time
                                 -2.64   data arrival time
-----------------------------------------------------------------------------
                                  4.39   slack (MET)


Startpoint: B[31] (input port clocked by __VIRTUAL_CLK__)
Endpoint: result[0] (output port clocked by __VIRTUAL_CLK__)
Path Group: __VIRTUAL_CLK__
Path Type: min

Fanout     Cap    Slew   Delay    Time   Description
-----------------------------------------------------------------------------
                  0.00    0.00    0.00   clock __VIRTUAL_CLK__ (rise edge)
                          0.00    0.00   clock network delay (ideal)
                          2.00    2.00 ^ input external delay
                  0.20    0.13    2.13 ^ B[31] (in)
     4    0.04                           B[31] (net)
                  0.20    0.00    2.13 ^ _7441_/A (sky130_fd_sc_hd__or2b_2)
                  0.03    0.13    2.27 ^ _7441_/X (sky130_fd_sc_hd__or2b_2)
     1    0.00                           _3067_ (net)
                  0.03    0.00    2.27 ^ _7443_/A2 (sky130_fd_sc_hd__a21o_2)
                  0.05    0.12    2.39 ^ _7443_/X (sky130_fd_sc_hd__a21o_2)
     2    0.01                           _3069_ (net)
                  0.05    0.00    2.39 ^ _7455_/A (sky130_fd_sc_hd__nand3_2)
                  0.35    0.26    2.65 v _7455_/Y (sky130_fd_sc_hd__nand3_2)
     1    0.06                           result[0] (net)
                  0.35    0.01    2.66 v result[0] (out)
                                  2.66   data arrival time

                  0.00    0.00    0.00   clock __VIRTUAL_CLK__ (rise edge)
                          0.00    0.00   clock network delay (ideal)
                          0.25    0.25   clock uncertainty
                          0.00    0.25   clock reconvergence pessimism
                         -2.00   -1.75   output external delay
                                 -1.75   data required time
-----------------------------------------------------------------------------
                                 -1.75   data required time
                                 -2.66   data arrival time
-----------------------------------------------------------------------------
                                  4.41   slack (MET)


Startpoint: control[0] (input port clocked by __VIRTUAL_CLK__)
Endpoint: result[8] (output port clocked by __VIRTUAL_CLK__)
Path Group: __VIRTUAL_CLK__
Path Type: min

Fanout     Cap    Slew   Delay    Time   Description
-----------------------------------------------------------------------------
                  0.00    0.00    0.00   clock __VIRTUAL_CLK__ (rise edge)
                          0.00    0.00   clock network delay (ideal)
                          2.00    2.00 v input external delay
                  0.07    0.05    2.05 v control[0] (in)
     9    0.03                           control[0] (net)
                  0.07    0.00    2.05 v _3788_/A (sky130_fd_sc_hd__inv_2)
                  0.07    0.09    2.14 ^ _3788_/Y (sky130_fd_sc_hd__inv_2)
     5    0.01                           _0630_ (net)
                  0.07    0.00    2.14 ^ _3790_/A (sky130_fd_sc_hd__nor2_2)
                  0.08    0.09    2.22 v _3790_/Y (sky130_fd_sc_hd__nor2_2)
     8    0.03                           _0652_ (net)
                  0.08    0.00    2.22 v _4312_/A1 (sky130_fd_sc_hd__a31o_2)
                  0.03    0.20    2.42 v _4312_/X (sky130_fd_sc_hd__a31o_2)
     1    0.00                           _3418_ (net)
                  0.03    0.00    2.42 v _4313_/B1 (sky130_fd_sc_hd__a31o_2)
                  0.16    0.31    2.73 v _4313_/X (sky130_fd_sc_hd__a31o_2)
     2    0.06                           result[8] (net)
                  0.16    0.01    2.75 v result[8] (out)
                                  2.75   data arrival time

                  0.00    0.00    0.00   clock __VIRTUAL_CLK__ (rise edge)
                          0.00    0.00   clock network delay (ideal)
                          0.25    0.25   clock uncertainty
                          0.00    0.25   clock reconvergence pessimism
                         -2.00   -1.75   output external delay
                                 -1.75   data required time
-----------------------------------------------------------------------------
                                 -1.75   data required time
                                 -2.75   data arrival time
-----------------------------------------------------------------------------
                                  4.50   slack (MET)


Startpoint: control[0] (input port clocked by __VIRTUAL_CLK__)
Endpoint: result[11] (output port clocked by __VIRTUAL_CLK__)
Path Group: __VIRTUAL_CLK__
Path Type: min

Fanout     Cap    Slew   Delay    Time   Description
-----------------------------------------------------------------------------
                  0.00    0.00    0.00   clock __VIRTUAL_CLK__ (rise edge)
                          0.00    0.00   clock network delay (ideal)
                          2.00    2.00 v input external delay
                  0.07    0.05    2.05 v control[0] (in)
     9    0.03                           control[0] (net)
                  0.07    0.00    2.05 v _3788_/A (sky130_fd_sc_hd__inv_2)
                  0.07    0.09    2.14 ^ _3788_/Y (sky130_fd_sc_hd__inv_2)
     5    0.01                           _0630_ (net)
                  0.07    0.00    2.14 ^ _3790_/A (sky130_fd_sc_hd__nor2_2)
                  0.08    0.09    2.22 v _3790_/Y (sky130_fd_sc_hd__nor2_2)
     8    0.03                           _0652_ (net)
                  0.08    0.00    2.22 v _4614_/A1 (sky130_fd_sc_hd__a31o_2)
                  0.05    0.22    2.44 v _4614_/X (sky130_fd_sc_hd__a31o_2)
     1    0.01                           _3717_ (net)
                  0.05    0.00    2.44 v _4615_/B1 (sky130_fd_sc_hd__a31o_2)
                  0.14    0.31    2.75 v _4615_/X (sky130_fd_sc_hd__a31o_2)
     2    0.05                           result[11] (net)
                  0.14    0.01    2.76 v result[11] (out)
                                  2.76   data arrival time

                  0.00    0.00    0.00   clock __VIRTUAL_CLK__ (rise edge)
                          0.00    0.00   clock network delay (ideal)
                          0.25    0.25   clock uncertainty
                          0.00    0.25   clock reconvergence pessimism
                         -2.00   -1.75   output external delay
                                 -1.75   data required time
-----------------------------------------------------------------------------
                                 -1.75   data required time
                                 -2.76   data arrival time
-----------------------------------------------------------------------------
                                  4.51   slack (MET)


Startpoint: B[2] (input port clocked by __VIRTUAL_CLK__)
Endpoint: result[2] (output port clocked by __VIRTUAL_CLK__)
Path Group: __VIRTUAL_CLK__
Path Type: min

Fanout     Cap    Slew   Delay    Time   Description
-----------------------------------------------------------------------------
                  0.00    0.00    0.00   clock __VIRTUAL_CLK__ (rise edge)
                          0.00    0.00   clock network delay (ideal)
                          2.00    2.00 ^ input external delay
                  0.14    0.09    2.09 ^ B[2] (in)
     5    0.03                           B[2] (net)
                  0.14    0.00    2.09 ^ _3755_/A (sky130_fd_sc_hd__and2_2)
                  0.10    0.20    2.30 ^ _3755_/X (sky130_fd_sc_hd__and2_2)
     3    0.02                           _0270_ (net)
                  0.10    0.00    2.30 ^ _7481_/A1 (sky130_fd_sc_hd__a22oi_2)
                  0.05    0.08    2.37 v _7481_/Y (sky130_fd_sc_hd__a22oi_2)
     1    0.00                           _3109_ (net)
                  0.05    0.00    2.37 v _7482_/C1 (sky130_fd_sc_hd__o221a_2)
                  0.03    0.12    2.49 v _7482_/X (sky130_fd_sc_hd__o221a_2)
     1    0.01                           _3110_ (net)
                  0.03    0.00    2.49 v _7483_/B1 (sky130_fd_sc_hd__o21ai_2)
                  0.05    0.05    2.54 ^ _7483_/Y (sky130_fd_sc_hd__o21ai_2)
     1    0.00                           _3111_ (net)
                  0.05    0.00    2.54 ^ _7484_/C1 (sky130_fd_sc_hd__a211o_2)
                  0.23    0.22    2.76 ^ _7484_/X (sky130_fd_sc_hd__a211o_2)
     2    0.05                           result[2] (net)
                  0.23    0.01    2.77 ^ result[2] (out)
                                  2.77   data arrival time

                  0.00    0.00    0.00   clock __VIRTUAL_CLK__ (rise edge)
                          0.00    0.00   clock network delay (ideal)
                          0.25    0.25   clock uncertainty
                          0.00    0.25   clock reconvergence pessimism
                         -2.00   -1.75   output external delay
                                 -1.75   data required time
-----------------------------------------------------------------------------
                                 -1.75   data required time
                                 -2.77   data arrival time
-----------------------------------------------------------------------------
                                  4.52   slack (MET)


Startpoint: A[31] (input port clocked by __VIRTUAL_CLK__)
Endpoint: result[3] (output port clocked by __VIRTUAL_CLK__)
Path Group: __VIRTUAL_CLK__
Path Type: min

Fanout     Cap    Slew   Delay    Time   Description
-----------------------------------------------------------------------------
                  0.00    0.00    0.00   clock __VIRTUAL_CLK__ (rise edge)
                          0.00    0.00   clock network delay (ideal)
                          2.00    2.00 v input external delay
                  0.11    0.08    2.08 v A[31] (in)
     6    0.05                           A[31] (net)
                  0.11    0.00    2.08 v _7459_/A2 (sky130_fd_sc_hd__a41o_2)
                  0.03    0.24    2.32 v _7459_/X (sky130_fd_sc_hd__a41o_2)
     1    0.00                           _3085_ (net)
                  0.03    0.00    2.32 v _7469_/A2 (sky130_fd_sc_hd__a21bo_2)
                  0.03    0.19    2.51 v _7469_/X (sky130_fd_sc_hd__a21bo_2)
     1    0.00                           _3096_ (net)
                  0.03    0.00    2.51 v _7470_/A (sky130_fd_sc_hd__buf_1)
                  0.32    0.29    2.79 v _7470_/X (sky130_fd_sc_hd__buf_1)
     2    0.06                           result[3] (net)
                  0.33    0.01    2.80 v result[3] (out)
                                  2.80   data arrival time

                  0.00    0.00    0.00   clock __VIRTUAL_CLK__ (rise edge)
                          0.00    0.00   clock network delay (ideal)
                          0.25    0.25   clock uncertainty
                          0.00    0.25   clock reconvergence pessimism
                         -2.00   -1.75   output external delay
                                 -1.75   data required time
-----------------------------------------------------------------------------
                                 -1.75   data required time
                                 -2.80   data arrival time
-----------------------------------------------------------------------------
                                  4.55   slack (MET)


Startpoint: control[0] (input port clocked by __VIRTUAL_CLK__)
Endpoint: result[7] (output port clocked by __VIRTUAL_CLK__)
Path Group: __VIRTUAL_CLK__
Path Type: min

Fanout     Cap    Slew   Delay    Time   Description
-----------------------------------------------------------------------------
                  0.00    0.00    0.00   clock __VIRTUAL_CLK__ (rise edge)
                          0.00    0.00   clock network delay (ideal)
                          2.00    2.00 v input external delay
                  0.07    0.05    2.05 v control[0] (in)
     9    0.03                           control[0] (net)
                  0.07    0.00    2.05 v _3788_/A (sky130_fd_sc_hd__inv_2)
                  0.07    0.09    2.14 ^ _3788_/Y (sky130_fd_sc_hd__inv_2)
     5    0.01                           _0630_ (net)
                  0.07    0.00    2.14 ^ _3790_/A (sky130_fd_sc_hd__nor2_2)
                  0.08    0.09    2.22 v _3790_/Y (sky130_fd_sc_hd__nor2_2)
     8    0.03                           _0652_ (net)
                  0.08    0.00    2.22 v _4173_/B1 (sky130_fd_sc_hd__o21a_2)
                  0.02    0.12    2.34 v _4173_/X (sky130_fd_sc_hd__o21a_2)
     1    0.00                           _3280_ (net)
                  0.02    0.00    2.34 v _4233_/A2 (sky130_fd_sc_hd__a211o_2)
                  0.19    0.45    2.79 v _4233_/X (sky130_fd_sc_hd__a211o_2)
     2    0.07                           result[7] (net)
                  0.20    0.02    2.81 v result[7] (out)
                                  2.81   data arrival time

                  0.00    0.00    0.00   clock __VIRTUAL_CLK__ (rise edge)
                          0.00    0.00   clock network delay (ideal)
                          0.25    0.25   clock uncertainty
                          0.00    0.25   clock reconvergence pessimism
                         -2.00   -1.75   output external delay
                                 -1.75   data required time
-----------------------------------------------------------------------------
                                 -1.75   data required time
                                 -2.81   data arrival time
-----------------------------------------------------------------------------
                                  4.56   slack (MET)


Startpoint: control[0] (input port clocked by __VIRTUAL_CLK__)
Endpoint: result[23] (output port clocked by __VIRTUAL_CLK__)
Path Group: __VIRTUAL_CLK__
Path Type: min

Fanout     Cap    Slew   Delay    Time   Description
-----------------------------------------------------------------------------
                  0.00    0.00    0.00   clock __VIRTUAL_CLK__ (rise edge)
                          0.00    0.00   clock network delay (ideal)
                          2.00    2.00 v input external delay
                  0.07    0.05    2.05 v control[0] (in)
     9    0.03                           control[0] (net)
                  0.07    0.00    2.05 v _3788_/A (sky130_fd_sc_hd__inv_2)
                  0.07    0.09    2.14 ^ _3788_/Y (sky130_fd_sc_hd__inv_2)
     5    0.01                           _0630_ (net)
                  0.07    0.00    2.14 ^ _3790_/A (sky130_fd_sc_hd__nor2_2)
                  0.08    0.09    2.22 v _3790_/Y (sky130_fd_sc_hd__nor2_2)
     8    0.03                           _0652_ (net)
                  0.08    0.00    2.22 v _4467_/A (sky130_fd_sc_hd__buf_1)
                  0.25    0.26    2.48 v _4467_/X (sky130_fd_sc_hd__buf_1)
    10    0.04                           _3571_ (net)
                  0.25    0.00    2.49 v _6104_/A1 (sky130_fd_sc_hd__a31o_2)
                  0.13    0.36    2.85 v _6104_/X (sky130_fd_sc_hd__a31o_2)
     2    0.05                           result[23] (net)
                  0.13    0.01    2.85 v result[23] (out)
                                  2.85   data arrival time

                  0.00    0.00    0.00   clock __VIRTUAL_CLK__ (rise edge)
                          0.00    0.00   clock network delay (ideal)
                          0.25    0.25   clock uncertainty
                          0.00    0.25   clock reconvergence pessimism
                         -2.00   -1.75   output external delay
                                 -1.75   data required time
-----------------------------------------------------------------------------
                                 -1.75   data required time
                                 -2.85   data arrival time
-----------------------------------------------------------------------------
                                  4.60   slack (MET)


Startpoint: control[0] (input port clocked by __VIRTUAL_CLK__)
Endpoint: result[1] (output port clocked by __VIRTUAL_CLK__)
Path Group: __VIRTUAL_CLK__
Path Type: min

Fanout     Cap    Slew   Delay    Time   Description
-----------------------------------------------------------------------------
                  0.00    0.00    0.00   clock __VIRTUAL_CLK__ (rise edge)
                          0.00    0.00   clock network delay (ideal)
                          2.00    2.00 ^ input external delay
                  0.16    0.10    2.10 ^ control[0] (in)
     9    0.03                           control[0] (net)
                  0.16    0.00    2.10 ^ _3839_/D (sky130_fd_sc_hd__and4bb_2)
                  0.17    0.33    2.44 ^ _3839_/X (sky130_fd_sc_hd__and4bb_2)
     7    0.03                           _1187_ (net)
                  0.17    0.00    2.44 ^ _7429_/B1 (sky130_fd_sc_hd__a221o_2)
                  0.04    0.17    2.61 ^ _7429_/X (sky130_fd_sc_hd__a221o_2)
     1    0.01                           _3054_ (net)
                  0.04    0.00    2.61 ^ _7436_/C1 (sky130_fd_sc_hd__a2111o_2)
                  0.27    0.24    2.85 ^ _7436_/X (sky130_fd_sc_hd__a2111o_2)
     2    0.06                           result[1] (net)
                  0.27    0.01    2.86 ^ result[1] (out)
                                  2.86   data arrival time

                  0.00    0.00    0.00   clock __VIRTUAL_CLK__ (rise edge)
                          0.00    0.00   clock network delay (ideal)
                          0.25    0.25   clock uncertainty
                          0.00    0.25   clock reconvergence pessimism
                         -2.00   -1.75   output external delay
                                 -1.75   data required time
-----------------------------------------------------------------------------
                                 -1.75   data required time
                                 -2.86   data arrival time
-----------------------------------------------------------------------------
                                  4.61   slack (MET)


Startpoint: B[30] (input port clocked by __VIRTUAL_CLK__)
Endpoint: result[30] (output port clocked by __VIRTUAL_CLK__)
Path Group: __VIRTUAL_CLK__
Path Type: min

Fanout     Cap    Slew   Delay    Time   Description
-----------------------------------------------------------------------------
                  0.00    0.00    0.00   clock __VIRTUAL_CLK__ (rise edge)
                          0.00    0.00   clock network delay (ideal)
                          2.00    2.00 v input external delay
                  0.16    0.11    2.11 v B[30] (in)
     6    0.07                           B[30] (net)
                  0.16    0.00    2.11 v _7099_/B (sky130_fd_sc_hd__nor2_2)
                  0.16    0.18    2.29 ^ _7099_/Y (sky130_fd_sc_hd__nor2_2)
     3    0.01                           _2694_ (net)
                  0.16    0.00    2.29 ^ _7101_/A (sky130_fd_sc_hd__nor2_2)
                  0.06    0.10    2.39 v _7101_/Y (sky130_fd_sc_hd__nor2_2)
     6    0.02                           _2697_ (net)
                  0.06    0.00    2.39 v _7104_/B1 (sky130_fd_sc_hd__o21ai_2)
                  0.08    0.08    2.48 ^ _7104_/Y (sky130_fd_sc_hd__o21ai_2)
     3    0.01                           _2700_ (net)
                  0.08    0.00    2.48 ^ _7269_/A3 (sky130_fd_sc_hd__a31o_2)
                  0.40    0.39    2.86 ^ _7269_/X (sky130_fd_sc_hd__a31o_2)
     2    0.07                           result[30] (net)
                  0.40    0.02    2.89 ^ result[30] (out)
                                  2.89   data arrival time

                  0.00    0.00    0.00   clock __VIRTUAL_CLK__ (rise edge)
                          0.00    0.00   clock network delay (ideal)
                          0.25    0.25   clock uncertainty
                          0.00    0.25   clock reconvergence pessimism
                         -2.00   -1.75   output external delay
                                 -1.75   data required time
-----------------------------------------------------------------------------
                                 -1.75   data required time
                                 -2.89   data arrival time
-----------------------------------------------------------------------------
                                  4.64   slack (MET)


Startpoint: control[3] (input port clocked by __VIRTUAL_CLK__)
Endpoint: result[14] (output port clocked by __VIRTUAL_CLK__)
Path Group: __VIRTUAL_CLK__
Path Type: min

Fanout     Cap    Slew   Delay    Time   Description
-----------------------------------------------------------------------------
                  0.00    0.00    0.00   clock __VIRTUAL_CLK__ (rise edge)
                          0.00    0.00   clock network delay (ideal)
                          2.00    2.00 v input external delay
                  0.06    0.04    2.04 v control[3] (in)
     6    0.03                           control[3] (net)
                  0.06    0.00    2.04 v _3836_/A (sky130_fd_sc_hd__buf_1)
                  0.12    0.16    2.20 v _3836_/X (sky130_fd_sc_hd__buf_1)
    10    0.02                           _1154_ (net)
                  0.12    0.00    2.20 v _4083_/C_N (sky130_fd_sc_hd__or4bb_2)
                  0.25    0.35    2.55 ^ _4083_/X (sky130_fd_sc_hd__or4bb_2)
     8    0.05                           _3192_ (net)
                  0.25    0.00    2.55 ^ _4900_/B1 (sky130_fd_sc_hd__a21o_2)
                  0.04    0.13    2.68 ^ _4900_/X (sky130_fd_sc_hd__a21o_2)
     1    0.01                           _0291_ (net)
                  0.04    0.00    2.68 ^ _4926_/A2 (sky130_fd_sc_hd__o21ai_2)
                  0.27    0.21    2.89 v _4926_/Y (sky130_fd_sc_hd__o21ai_2)
     2    0.07                           result[14] (net)
                  0.27    0.02    2.91 v result[14] (out)
                                  2.91   data arrival time

                  0.00    0.00    0.00   clock __VIRTUAL_CLK__ (rise edge)
                          0.00    0.00   clock network delay (ideal)
                          0.25    0.25   clock uncertainty
                          0.00    0.25   clock reconvergence pessimism
                         -2.00   -1.75   output external delay
                                 -1.75   data required time
-----------------------------------------------------------------------------
                                 -1.75   data required time
                                 -2.91   data arrival time
-----------------------------------------------------------------------------
                                  4.66   slack (MET)


Startpoint: control[3] (input port clocked by __VIRTUAL_CLK__)
Endpoint: result[18] (output port clocked by __VIRTUAL_CLK__)
Path Group: __VIRTUAL_CLK__
Path Type: min

Fanout     Cap    Slew   Delay    Time   Description
-----------------------------------------------------------------------------
                  0.00    0.00    0.00   clock __VIRTUAL_CLK__ (rise edge)
                          0.00    0.00   clock network delay (ideal)
                          2.00    2.00 v input external delay
                  0.06    0.04    2.04 v control[3] (in)
     6    0.03                           control[3] (net)
                  0.06    0.00    2.04 v _3836_/A (sky130_fd_sc_hd__buf_1)
                  0.12    0.16    2.20 v _3836_/X (sky130_fd_sc_hd__buf_1)
    10    0.02                           _1154_ (net)
                  0.12    0.00    2.20 v _4083_/C_N (sky130_fd_sc_hd__or4bb_2)
                  0.25    0.35    2.55 ^ _4083_/X (sky130_fd_sc_hd__or4bb_2)
     8    0.05                           _3192_ (net)
                  0.25    0.00    2.55 ^ _5389_/A (sky130_fd_sc_hd__or2_2)
                  0.04    0.16    2.71 ^ _5389_/X (sky130_fd_sc_hd__or2_2)
     1    0.01                           _0825_ (net)
                  0.04    0.00    2.71 ^ _5421_/A2 (sky130_fd_sc_hd__o21ai_2)
                  0.24    0.19    2.90 v _5421_/Y (sky130_fd_sc_hd__o21ai_2)
     2    0.06                           result[18] (net)
                  0.24    0.01    2.91 v result[18] (out)
                                  2.91   data arrival time

                  0.00    0.00    0.00   clock __VIRTUAL_CLK__ (rise edge)
                          0.00    0.00   clock network delay (ideal)
                          0.25    0.25   clock uncertainty
                          0.00    0.25   clock reconvergence pessimism
                         -2.00   -1.75   output external delay
                                 -1.75   data required time
-----------------------------------------------------------------------------
                                 -1.75   data required time
                                 -2.91   data arrival time
-----------------------------------------------------------------------------
                                  4.66   slack (MET)


Startpoint: B[14] (input port clocked by __VIRTUAL_CLK__)
Endpoint: result[15] (output port clocked by __VIRTUAL_CLK__)
Path Group: __VIRTUAL_CLK__
Path Type: min

Fanout     Cap    Slew   Delay    Time   Description
-----------------------------------------------------------------------------
                  0.00    0.00    0.00   clock __VIRTUAL_CLK__ (rise edge)
                          0.00    0.00   clock network delay (ideal)
                          2.00    2.00 v input external delay
                  0.13    0.09    2.09 v B[14] (in)
     6    0.06                           B[14] (net)
                  0.13    0.00    2.09 v _4942_/A (sky130_fd_sc_hd__inv_2)
                  0.12    0.14    2.23 ^ _4942_/Y (sky130_fd_sc_hd__inv_2)
     4    0.02                           _0337_ (net)
                  0.12    0.00    2.23 ^ _5023_/A2 (sky130_fd_sc_hd__a21oi_2)
                  0.03    0.08    2.31 v _5023_/Y (sky130_fd_sc_hd__a21oi_2)
     1    0.01                           _0426_ (net)
                  0.03    0.00    2.31 v _5024_/B (sky130_fd_sc_hd__xnor2_2)
                  0.04    0.11    2.43 ^ _5024_/Y (sky130_fd_sc_hd__xnor2_2)
     1    0.00                           _0427_ (net)
                  0.04    0.00    2.43 ^ _5039_/A2 (sky130_fd_sc_hd__a211o_2)
                  0.03    0.11    2.54 ^ _5039_/X (sky130_fd_sc_hd__a211o_2)
     1    0.00                           _0443_ (net)
                  0.03    0.00    2.54 ^ _5040_/B1 (sky130_fd_sc_hd__a31o_2)
                  0.07    0.11    2.65 ^ _5040_/X (sky130_fd_sc_hd__a31o_2)
     1    0.01                           _0444_ (net)
                  0.07    0.00    2.65 ^ _5041_/B1 (sky130_fd_sc_hd__a21o_2)
                  0.31    0.27    2.92 ^ _5041_/X (sky130_fd_sc_hd__a21o_2)
     2    0.06                           result[15] (net)
                  0.31    0.01    2.93 ^ result[15] (out)
                                  2.93   data arrival time

                  0.00    0.00    0.00   clock __VIRTUAL_CLK__ (rise edge)
                          0.00    0.00   clock network delay (ideal)
                          0.25    0.25   clock uncertainty
                          0.00    0.25   clock reconvergence pessimism
                         -2.00   -1.75   output external delay
                                 -1.75   data required time
-----------------------------------------------------------------------------
                                 -1.75   data required time
                                 -2.93   data arrival time
-----------------------------------------------------------------------------
                                  4.68   slack (MET)


Startpoint: control[0] (input port clocked by __VIRTUAL_CLK__)
Endpoint: result[17] (output port clocked by __VIRTUAL_CLK__)
Path Group: __VIRTUAL_CLK__
Path Type: min

Fanout     Cap    Slew   Delay    Time   Description
-----------------------------------------------------------------------------
                  0.00    0.00    0.00   clock __VIRTUAL_CLK__ (rise edge)
                          0.00    0.00   clock network delay (ideal)
                          2.00    2.00 v input external delay
                  0.07    0.05    2.05 v control[0] (in)
     9    0.03                           control[0] (net)
                  0.07    0.00    2.05 v _3788_/A (sky130_fd_sc_hd__inv_2)
                  0.07    0.09    2.14 ^ _3788_/Y (sky130_fd_sc_hd__inv_2)
     5    0.01                           _0630_ (net)
                  0.07    0.00    2.14 ^ _3790_/A (sky130_fd_sc_hd__nor2_2)
                  0.08    0.09    2.22 v _3790_/Y (sky130_fd_sc_hd__nor2_2)
     8    0.03                           _0652_ (net)
                  0.08    0.00    2.22 v _4467_/A (sky130_fd_sc_hd__buf_1)
                  0.25    0.26    2.48 v _4467_/X (sky130_fd_sc_hd__buf_1)
    10    0.04                           _3571_ (net)
                  0.25    0.00    2.48 v _5272_/A (sky130_fd_sc_hd__nand2_2)
                  0.09    0.17    2.65 ^ _5272_/Y (sky130_fd_sc_hd__nand2_2)
     1    0.01                           _0698_ (net)
                  0.09    0.00    2.65 ^ _5290_/B1 (sky130_fd_sc_hd__o211ai_2)
                  0.31    0.27    2.93 v _5290_/Y (sky130_fd_sc_hd__o211ai_2)
     2    0.05                           result[17] (net)
                  0.31    0.01    2.93 v result[17] (out)
                                  2.93   data arrival time

                  0.00    0.00    0.00   clock __VIRTUAL_CLK__ (rise edge)
                          0.00    0.00   clock network delay (ideal)
                          0.25    0.25   clock uncertainty
                          0.00    0.25   clock reconvergence pessimism
                         -2.00   -1.75   output external delay
                                 -1.75   data required time
-----------------------------------------------------------------------------
                                 -1.75   data required time
                                 -2.93   data arrival time
-----------------------------------------------------------------------------
                                  4.68   slack (MET)


Startpoint: control[3] (input port clocked by __VIRTUAL_CLK__)
Endpoint: result[21] (output port clocked by __VIRTUAL_CLK__)
Path Group: __VIRTUAL_CLK__
Path Type: min

Fanout     Cap    Slew   Delay    Time   Description
-----------------------------------------------------------------------------
                  0.00    0.00    0.00   clock __VIRTUAL_CLK__ (rise edge)
                          0.00    0.00   clock network delay (ideal)
                          2.00    2.00 v input external delay
                  0.06    0.04    2.04 v control[3] (in)
     6    0.03                           control[3] (net)
                  0.06    0.00    2.04 v _3836_/A (sky130_fd_sc_hd__buf_1)
                  0.12    0.16    2.20 v _3836_/X (sky130_fd_sc_hd__buf_1)
    10    0.02                           _1154_ (net)
                  0.12    0.00    2.20 v _4083_/C_N (sky130_fd_sc_hd__or4bb_2)
                  0.25    0.35    2.55 ^ _4083_/X (sky130_fd_sc_hd__or4bb_2)
     8    0.05                           _3192_ (net)
                  0.25    0.00    2.55 ^ _5795_/B1 (sky130_fd_sc_hd__a31o_2)
                  0.05    0.15    2.70 ^ _5795_/X (sky130_fd_sc_hd__a31o_2)
     1    0.01                           _1269_ (net)
                  0.05    0.00    2.70 ^ _5818_/A2 (sky130_fd_sc_hd__o21ai_2)
                  0.28    0.22    2.92 v _5818_/Y (sky130_fd_sc_hd__o21ai_2)
     2    0.07                           result[21] (net)
                  0.28    0.02    2.93 v result[21] (out)
                                  2.93   data arrival time

                  0.00    0.00    0.00   clock __VIRTUAL_CLK__ (rise edge)
                          0.00    0.00   clock network delay (ideal)
                          0.25    0.25   clock uncertainty
                          0.00    0.25   clock reconvergence pessimism
                         -2.00   -1.75   output external delay
                                 -1.75   data required time
-----------------------------------------------------------------------------
                                 -1.75   data required time
                                 -2.93   data arrival time
-----------------------------------------------------------------------------
                                  4.68   slack (MET)


Startpoint: control[0] (input port clocked by __VIRTUAL_CLK__)
Endpoint: result[20] (output port clocked by __VIRTUAL_CLK__)
Path Group: __VIRTUAL_CLK__
Path Type: min

Fanout     Cap    Slew   Delay    Time   Description
-----------------------------------------------------------------------------
                  0.00    0.00    0.00   clock __VIRTUAL_CLK__ (rise edge)
                          0.00    0.00   clock network delay (ideal)
                          2.00    2.00 ^ input external delay
                  0.16    0.10    2.10 ^ control[0] (in)
     9    0.03                           control[0] (net)
                  0.16    0.00    2.10 ^ _3788_/A (sky130_fd_sc_hd__inv_2)
                  0.06    0.07    2.18 v _3788_/Y (sky130_fd_sc_hd__inv_2)
     5    0.01                           _0630_ (net)
                  0.06    0.00    2.18 v _5160_/A (sky130_fd_sc_hd__nor2_2)
                  0.31    0.27    2.44 ^ _5160_/Y (sky130_fd_sc_hd__nor2_2)
     6    0.03                           _0575_ (net)
                  0.31    0.00    2.45 ^ _5578_/B2 (sky130_fd_sc_hd__a32o_2)
                  0.04    0.16    2.60 ^ _5578_/X (sky130_fd_sc_hd__a32o_2)
     1    0.00                           _1031_ (net)
                  0.04    0.00    2.60 ^ _5579_/B (sky130_fd_sc_hd__or2_2)
                  0.04    0.09    2.70 ^ _5579_/X (sky130_fd_sc_hd__or2_2)
     1    0.00                           _1032_ (net)
                  0.04    0.00    2.70 ^ _5689_/B1 (sky130_fd_sc_hd__a211o_2)
                  0.29    0.26    2.96 ^ _5689_/X (sky130_fd_sc_hd__a211o_2)
     2    0.06                           result[20] (net)
                  0.29    0.01    2.97 ^ result[20] (out)
                                  2.97   data arrival time

                  0.00    0.00    0.00   clock __VIRTUAL_CLK__ (rise edge)
                          0.00    0.00   clock network delay (ideal)
                          0.25    0.25   clock uncertainty
                          0.00    0.25   clock reconvergence pessimism
                         -2.00   -1.75   output external delay
                                 -1.75   data required time
-----------------------------------------------------------------------------
                                 -1.75   data required time
                                 -2.97   data arrival time
-----------------------------------------------------------------------------
                                  4.72   slack (MET)


Startpoint: B[8] (input port clocked by __VIRTUAL_CLK__)
Endpoint: result[9] (output port clocked by __VIRTUAL_CLK__)
Path Group: __VIRTUAL_CLK__
Path Type: min

Fanout     Cap    Slew   Delay    Time   Description
-----------------------------------------------------------------------------
                  0.00    0.00    0.00   clock __VIRTUAL_CLK__ (rise edge)
                          0.00    0.00   clock network delay (ideal)
                          2.00    2.00 ^ input external delay
                  0.13    0.09    2.09 ^ B[8] (in)
     3    0.03                           B[8] (net)
                  0.13    0.00    2.09 ^ _4282_/B (sky130_fd_sc_hd__and2_2)
                  0.21    0.27    2.36 ^ _4282_/X (sky130_fd_sc_hd__and2_2)
     7    0.04                           _3388_ (net)
                  0.21    0.00    2.36 ^ _4378_/B1_N (sky130_fd_sc_hd__o21ba_2)
                  0.03    0.19    2.55 v _4378_/X (sky130_fd_sc_hd__o21ba_2)
     2    0.01                           _3483_ (net)
                  0.03    0.00    2.55 v _4380_/B (sky130_fd_sc_hd__nand2_2)
                  0.04    0.05    2.60 ^ _4380_/Y (sky130_fd_sc_hd__nand2_2)
     1    0.00                           _3485_ (net)
                  0.04    0.00    2.60 ^ _4402_/A3 (sky130_fd_sc_hd__a31o_2)
                  0.04    0.14    2.74 ^ _4402_/X (sky130_fd_sc_hd__a31o_2)
     1    0.01                           _3507_ (net)
                  0.04    0.00    2.74 ^ _4403_/B1 (sky130_fd_sc_hd__a31o_2)
                  0.29    0.26    3.00 ^ _4403_/X (sky130_fd_sc_hd__a31o_2)
     2    0.05                           result[9] (net)
                  0.29    0.01    3.01 ^ result[9] (out)
                                  3.01   data arrival time

                  0.00    0.00    0.00   clock __VIRTUAL_CLK__ (rise edge)
                          0.00    0.00   clock network delay (ideal)
                          0.25    0.25   clock uncertainty
                          0.00    0.25   clock reconvergence pessimism
                         -2.00   -1.75   output external delay
                                 -1.75   data required time
-----------------------------------------------------------------------------
                                 -1.75   data required time
                                 -3.01   data arrival time
-----------------------------------------------------------------------------
                                  4.76   slack (MET)


Startpoint: B[29] (input port clocked by __VIRTUAL_CLK__)
Endpoint: result[29] (output port clocked by __VIRTUAL_CLK__)
Path Group: __VIRTUAL_CLK__
Path Type: min

Fanout     Cap    Slew   Delay    Time   Description
-----------------------------------------------------------------------------
                  0.00    0.00    0.00   clock __VIRTUAL_CLK__ (rise edge)
                          0.00    0.00   clock network delay (ideal)
                          2.00    2.00 v input external delay
                  0.13    0.10    2.10 v B[29] (in)
     9    0.06                           B[29] (net)
                  0.14    0.00    2.10 v _7077_/B (sky130_fd_sc_hd__nor2_2)
                  0.12    0.14    2.23 ^ _7077_/Y (sky130_fd_sc_hd__nor2_2)
     2    0.01                           _2671_ (net)
                  0.12    0.00    2.23 ^ _7078_/B (sky130_fd_sc_hd__nor2_2)
                  0.06    0.09    2.32 v _7078_/Y (sky130_fd_sc_hd__nor2_2)
     6    0.02                           _2672_ (net)
                  0.06    0.00    2.32 v _7080_/A1 (sky130_fd_sc_hd__a21oi_2)
                  0.07    0.10    2.42 ^ _7080_/Y (sky130_fd_sc_hd__a21oi_2)
     1    0.00                           _2674_ (net)
                  0.07    0.00    2.42 ^ _7081_/B1 (sky130_fd_sc_hd__o21a_2)
                  0.06    0.14    2.57 ^ _7081_/X (sky130_fd_sc_hd__o21a_2)
     2    0.01                           _2676_ (net)
                  0.06    0.00    2.57 ^ _7097_/B (sky130_fd_sc_hd__or3b_2)
                  0.06    0.13    2.69 ^ _7097_/X (sky130_fd_sc_hd__or3b_2)
     1    0.01                           _2693_ (net)
                  0.06    0.00    2.69 ^ _7098_/A (sky130_fd_sc_hd__buf_1)
                  0.41    0.32    3.01 ^ _7098_/X (sky130_fd_sc_hd__buf_1)
     1    0.03                           result[29] (net)
                  0.41    0.00    3.01 ^ result[29] (out)
                                  3.01   data arrival time

                  0.00    0.00    0.00   clock __VIRTUAL_CLK__ (rise edge)
                          0.00    0.00   clock network delay (ideal)
                          0.25    0.25   clock uncertainty
                          0.00    0.25   clock reconvergence pessimism
                         -2.00   -1.75   output external delay
                                 -1.75   data required time
-----------------------------------------------------------------------------
                                 -1.75   data required time
                                 -3.01   data arrival time
-----------------------------------------------------------------------------
                                  4.76   slack (MET)


Startpoint: control[0] (input port clocked by __VIRTUAL_CLK__)
Endpoint: result[22] (output port clocked by __VIRTUAL_CLK__)
Path Group: __VIRTUAL_CLK__
Path Type: min

Fanout     Cap    Slew   Delay    Time   Description
-----------------------------------------------------------------------------
                  0.00    0.00    0.00   clock __VIRTUAL_CLK__ (rise edge)
                          0.00    0.00   clock network delay (ideal)
                          2.00    2.00 v input external delay
                  0.07    0.05    2.05 v control[0] (in)
     9    0.03                           control[0] (net)
                  0.07    0.00    2.05 v _3788_/A (sky130_fd_sc_hd__inv_2)
                  0.07    0.09    2.14 ^ _3788_/Y (sky130_fd_sc_hd__inv_2)
     5    0.01                           _0630_ (net)
                  0.07    0.00    2.14 ^ _3790_/A (sky130_fd_sc_hd__nor2_2)
                  0.08    0.09    2.22 v _3790_/Y (sky130_fd_sc_hd__nor2_2)
     8    0.03                           _0652_ (net)
                  0.08    0.00    2.22 v _4467_/A (sky130_fd_sc_hd__buf_1)
                  0.25    0.26    2.48 v _4467_/X (sky130_fd_sc_hd__buf_1)
    10    0.04                           _3571_ (net)
                  0.25    0.00    2.48 v _5957_/A1 (sky130_fd_sc_hd__a311o_2)
                  0.20    0.52    3.00 v _5957_/X (sky130_fd_sc_hd__a311o_2)
     2    0.07                           result[22] (net)
                  0.20    0.02    3.02 v result[22] (out)
                                  3.02   data arrival time

                  0.00    0.00    0.00   clock __VIRTUAL_CLK__ (rise edge)
                          0.00    0.00   clock network delay (ideal)
                          0.25    0.25   clock uncertainty
                          0.00    0.25   clock reconvergence pessimism
                         -2.00   -1.75   output external delay
                                 -1.75   data required time
-----------------------------------------------------------------------------
                                 -1.75   data required time
                                 -3.02   data arrival time
-----------------------------------------------------------------------------
                                  4.77   slack (MET)


Startpoint: A[10] (input port clocked by __VIRTUAL_CLK__)
Endpoint: result[10] (output port clocked by __VIRTUAL_CLK__)
Path Group: __VIRTUAL_CLK__
Path Type: min

Fanout     Cap    Slew   Delay    Time   Description
-----------------------------------------------------------------------------
                  0.00    0.00    0.00   clock __VIRTUAL_CLK__ (rise edge)
                          0.00    0.00   clock network delay (ideal)
                          2.00    2.00 ^ input external delay
                  0.17    0.12    2.12 ^ A[10] (in)
     5    0.04                           A[10] (net)
                  0.17    0.00    2.12 ^ _4469_/A (sky130_fd_sc_hd__and2_2)
                  0.20    0.28    2.40 ^ _4469_/X (sky130_fd_sc_hd__and2_2)
     7    0.04                           _3573_ (net)
                  0.20    0.00    2.40 ^ _4490_/A2 (sky130_fd_sc_hd__a221o_2)
                  0.03    0.16    2.56 ^ _4490_/X (sky130_fd_sc_hd__a221o_2)
     1    0.00                           _3594_ (net)
                  0.03    0.00    2.56 ^ _4503_/B (sky130_fd_sc_hd__or3b_2)
                  0.03    0.09    2.65 ^ _4503_/X (sky130_fd_sc_hd__or3b_2)
     1    0.00                           _3607_ (net)
                  0.03    0.00    2.65 ^ _4504_/B1 (sky130_fd_sc_hd__a31o_2)
                  0.07    0.11    2.76 ^ _4504_/X (sky130_fd_sc_hd__a31o_2)
     1    0.01                           _3608_ (net)
                  0.07    0.00    2.77 ^ _4505_/B1 (sky130_fd_sc_hd__a21o_2)
                  0.29    0.25    3.02 ^ _4505_/X (sky130_fd_sc_hd__a21o_2)
     2    0.06                           result[10] (net)
                  0.29    0.01    3.03 ^ result[10] (out)
                                  3.03   data arrival time

                  0.00    0.00    0.00   clock __VIRTUAL_CLK__ (rise edge)
                          0.00    0.00   clock network delay (ideal)
                          0.25    0.25   clock uncertainty
                          0.00    0.25   clock reconvergence pessimism
                         -2.00   -1.75   output external delay
                                 -1.75   data required time
-----------------------------------------------------------------------------
                                 -1.75   data required time
                                 -3.03   data arrival time
-----------------------------------------------------------------------------
                                  4.78   slack (MET)


Startpoint: B[26] (input port clocked by __VIRTUAL_CLK__)
Endpoint: result[27] (output port clocked by __VIRTUAL_CLK__)
Path Group: __VIRTUAL_CLK__
Path Type: min

Fanout     Cap    Slew   Delay    Time   Description
-----------------------------------------------------------------------------
                  0.00    0.00    0.00   clock __VIRTUAL_CLK__ (rise edge)
                          0.00    0.00   clock network delay (ideal)
                          2.00    2.00 v input external delay
                  0.09    0.06    2.06 v B[26] (in)
     5    0.04                           B[26] (net)
                  0.09    0.00    2.06 v _6418_/A (sky130_fd_sc_hd__buf_1)
                  0.22    0.24    2.31 v _6418_/X (sky130_fd_sc_hd__buf_1)
    10    0.04                           _1949_ (net)
                  0.22    0.00    2.31 v _6733_/A_N (sky130_fd_sc_hd__and2b_2)
                  0.04    0.26    2.57 ^ _6733_/X (sky130_fd_sc_hd__and2b_2)
     1    0.00                           _2295_ (net)
                  0.04    0.00    2.57 ^ _6734_/B1 (sky130_fd_sc_hd__a21o_2)
                  0.07    0.11    2.67 ^ _6734_/X (sky130_fd_sc_hd__a21o_2)
     3    0.01                           _2296_ (net)
                  0.07    0.00    2.67 ^ _6736_/A2 (sky130_fd_sc_hd__o21ai_2)
                  0.03    0.05    2.73 v _6736_/Y (sky130_fd_sc_hd__o21ai_2)
     1    0.00                           _2298_ (net)
                  0.03    0.00    2.73 v _6737_/D (sky130_fd_sc_hd__nand4_2)
                  0.39    0.30    3.02 ^ _6737_/Y (sky130_fd_sc_hd__nand4_2)
     2    0.07                           result[27] (net)
                  0.39    0.02    3.04 ^ result[27] (out)
                                  3.04   data arrival time

                  0.00    0.00    0.00   clock __VIRTUAL_CLK__ (rise edge)
                          0.00    0.00   clock network delay (ideal)
                          0.25    0.25   clock uncertainty
                          0.00    0.25   clock reconvergence pessimism
                         -2.00   -1.75   output external delay
                                 -1.75   data required time
-----------------------------------------------------------------------------
                                 -1.75   data required time
                                 -3.04   data arrival time
-----------------------------------------------------------------------------
                                  4.79   slack (MET)


Startpoint: control[0] (input port clocked by __VIRTUAL_CLK__)
Endpoint: result[16] (output port clocked by __VIRTUAL_CLK__)
Path Group: __VIRTUAL_CLK__
Path Type: min

Fanout     Cap    Slew   Delay    Time   Description
-----------------------------------------------------------------------------
                  0.00    0.00    0.00   clock __VIRTUAL_CLK__ (rise edge)
                          0.00    0.00   clock network delay (ideal)
                          2.00    2.00 ^ input external delay
                  0.16    0.10    2.10 ^ control[0] (in)
     9    0.03                           control[0] (net)
                  0.16    0.00    2.10 ^ _3788_/A (sky130_fd_sc_hd__inv_2)
                  0.06    0.07    2.18 v _3788_/Y (sky130_fd_sc_hd__inv_2)
     5    0.01                           _0630_ (net)
                  0.06    0.00    2.18 v _5160_/A (sky130_fd_sc_hd__nor2_2)
                  0.31    0.27    2.44 ^ _5160_/Y (sky130_fd_sc_hd__nor2_2)
     6    0.03                           _0575_ (net)
                  0.31    0.00    2.45 ^ _5161_/B2 (sky130_fd_sc_hd__a32o_2)
                  0.05    0.17    2.62 ^ _5161_/X (sky130_fd_sc_hd__a32o_2)
     1    0.00                           _0577_ (net)
                  0.05    0.00    2.62 ^ _5174_/B1 (sky130_fd_sc_hd__a211o_2)
                  0.06    0.11    2.73 ^ _5174_/X (sky130_fd_sc_hd__a211o_2)
     1    0.01                           _0591_ (net)
                  0.06    0.00    2.73 ^ _5175_/B1 (sky130_fd_sc_hd__a31o_2)
                  0.36    0.30    3.03 ^ _5175_/X (sky130_fd_sc_hd__a31o_2)
     2    0.06                           result[16] (net)
                  0.36    0.01    3.05 ^ result[16] (out)
                                  3.05   data arrival time

                  0.00    0.00    0.00   clock __VIRTUAL_CLK__ (rise edge)
                          0.00    0.00   clock network delay (ideal)
                          0.25    0.25   clock uncertainty
                          0.00    0.25   clock reconvergence pessimism
                         -2.00   -1.75   output external delay
                                 -1.75   data required time
-----------------------------------------------------------------------------
                                 -1.75   data required time
                                 -3.05   data arrival time
-----------------------------------------------------------------------------
                                  4.80   slack (MET)


Startpoint: control[0] (input port clocked by __VIRTUAL_CLK__)
Endpoint: result[25] (output port clocked by __VIRTUAL_CLK__)
Path Group: __VIRTUAL_CLK__
Path Type: min

Fanout     Cap    Slew   Delay    Time   Description
-----------------------------------------------------------------------------
                  0.00    0.00    0.00   clock __VIRTUAL_CLK__ (rise edge)
                          0.00    0.00   clock network delay (ideal)
                          2.00    2.00 ^ input external delay
                  0.16    0.10    2.10 ^ control[0] (in)
     9    0.03                           control[0] (net)
                  0.16    0.00    2.10 ^ _4052_/B (sky130_fd_sc_hd__and3_2)
                  0.18    0.29    2.40 ^ _4052_/X (sky130_fd_sc_hd__and3_2)
    10    0.03                           _3161_ (net)
                  0.18    0.00    2.40 ^ _6250_/B1 (sky130_fd_sc_hd__o31a_2)
                  0.06    0.18    2.58 ^ _6250_/X (sky130_fd_sc_hd__o31a_2)
     2    0.01                           _1766_ (net)
                  0.06    0.00    2.58 ^ _6415_/A (sky130_fd_sc_hd__or4b_2)
                  0.05    0.12    2.70 ^ _6415_/X (sky130_fd_sc_hd__or4b_2)
     1    0.01                           _1947_ (net)
                  0.05    0.00    2.70 ^ _6416_/B1 (sky130_fd_sc_hd__a31o_2)
                  0.03    0.09    2.79 ^ _6416_/X (sky130_fd_sc_hd__a31o_2)
     1    0.00                           _1948_ (net)
                  0.03    0.00    2.79 ^ _6417_/C1 (sky130_fd_sc_hd__a211o_2)
                  0.29    0.25    3.04 ^ _6417_/X (sky130_fd_sc_hd__a211o_2)
     2    0.06                           result[25] (net)
                  0.29    0.01    3.05 ^ result[25] (out)
                                  3.05   data arrival time

                  0.00    0.00    0.00   clock __VIRTUAL_CLK__ (rise edge)
                          0.00    0.00   clock network delay (ideal)
                          0.25    0.25   clock uncertainty
                          0.00    0.25   clock reconvergence pessimism
                         -2.00   -1.75   output external delay
                                 -1.75   data required time
-----------------------------------------------------------------------------
                                 -1.75   data required time
                                 -3.05   data arrival time
-----------------------------------------------------------------------------
                                  4.80   slack (MET)


Startpoint: B[11] (input port clocked by __VIRTUAL_CLK__)
Endpoint: result[13] (output port clocked by __VIRTUAL_CLK__)
Path Group: __VIRTUAL_CLK__
Path Type: min

Fanout     Cap    Slew   Delay    Time   Description
-----------------------------------------------------------------------------
                  0.00    0.00    0.00   clock __VIRTUAL_CLK__ (rise edge)
                          0.00    0.00   clock network delay (ideal)
                          2.00    2.00 ^ input external delay
                  0.15    0.10    2.10 ^ B[11] (in)
     5    0.03                           B[11] (net)
                  0.15    0.00    2.10 ^ _4606_/B (sky130_fd_sc_hd__and2_2)
                  0.14    0.23    2.33 ^ _4606_/X (sky130_fd_sc_hd__and2_2)
     4    0.03                           _3709_ (net)
                  0.14    0.00    2.33 ^ _4622_/A1 (sky130_fd_sc_hd__o21ba_2)
                  0.06    0.17    2.51 ^ _4622_/X (sky130_fd_sc_hd__o21ba_2)
     3    0.01                           _3724_ (net)
                  0.06    0.00    2.51 ^ _4802_/B (sky130_fd_sc_hd__or3b_2)
                  0.03    0.10    2.61 ^ _4802_/X (sky130_fd_sc_hd__or3b_2)
     1    0.00                           _0185_ (net)
                  0.03    0.00    2.61 ^ _4821_/A2 (sky130_fd_sc_hd__a31o_2)
                  0.06    0.16    2.76 ^ _4821_/X (sky130_fd_sc_hd__a31o_2)
     1    0.01                           _0206_ (net)
                  0.06    0.00    2.76 ^ _4822_/C1 (sky130_fd_sc_hd__a311o_2)
                  0.31    0.29    3.05 ^ _4822_/X (sky130_fd_sc_hd__a311o_2)
     2    0.06                           result[13] (net)
                  0.32    0.01    3.06 ^ result[13] (out)
                                  3.06   data arrival time

                  0.00    0.00    0.00   clock __VIRTUAL_CLK__ (rise edge)
                          0.00    0.00   clock network delay (ideal)
                          0.25    0.25   clock uncertainty
                          0.00    0.25   clock reconvergence pessimism
                         -2.00   -1.75   output external delay
                                 -1.75   data required time
-----------------------------------------------------------------------------
                                 -1.75   data required time
                                 -3.06   data arrival time
-----------------------------------------------------------------------------
                                  4.81   slack (MET)


Startpoint: control[0] (input port clocked by __VIRTUAL_CLK__)
Endpoint: result[28] (output port clocked by __VIRTUAL_CLK__)
Path Group: __VIRTUAL_CLK__
Path Type: min

Fanout     Cap    Slew   Delay    Time   Description
-----------------------------------------------------------------------------
                  0.00    0.00    0.00   clock __VIRTUAL_CLK__ (rise edge)
                          0.00    0.00   clock network delay (ideal)
                          2.00    2.00 ^ input external delay
                  0.16    0.10    2.10 ^ control[0] (in)
     9    0.03                           control[0] (net)
                  0.16    0.00    2.10 ^ _3788_/A (sky130_fd_sc_hd__inv_2)
                  0.06    0.07    2.18 v _3788_/Y (sky130_fd_sc_hd__inv_2)
     5    0.01                           _0630_ (net)
                  0.06    0.00    2.18 v _5160_/A (sky130_fd_sc_hd__nor2_2)
                  0.31    0.27    2.44 ^ _5160_/Y (sky130_fd_sc_hd__nor2_2)
     6    0.03                           _0575_ (net)
                  0.31    0.00    2.45 ^ _6759_/B2 (sky130_fd_sc_hd__a2bb2o_2)
                  0.05    0.23    2.68 ^ _6759_/X (sky130_fd_sc_hd__a2bb2o_2)
     1    0.01                           _2322_ (net)
                  0.05    0.00    2.68 ^ _6760_/C1 (sky130_fd_sc_hd__a211o_2)
                  0.04    0.10    2.78 ^ _6760_/X (sky130_fd_sc_hd__a211o_2)
     1    0.01                           _2323_ (net)
                  0.04    0.00    2.78 ^ _6761_/B1 (sky130_fd_sc_hd__a31o_2)
                  0.03    0.08    2.86 ^ _6761_/X (sky130_fd_sc_hd__a31o_2)
     1    0.00                           _2325_ (net)
                  0.03    0.00    2.86 ^ _6920_/B1 (sky130_fd_sc_hd__a211o_2)
                  0.23    0.22    3.08 ^ _6920_/X (sky130_fd_sc_hd__a211o_2)
     2    0.05                           result[28] (net)
                  0.23    0.01    3.09 ^ result[28] (out)
                                  3.09   data arrival time

                  0.00    0.00    0.00   clock __VIRTUAL_CLK__ (rise edge)
                          0.00    0.00   clock network delay (ideal)
                          0.25    0.25   clock uncertainty
                          0.00    0.25   clock reconvergence pessimism
                         -2.00   -1.75   output external delay
                                 -1.75   data required time
-----------------------------------------------------------------------------
                                 -1.75   data required time
                                 -3.09   data arrival time
-----------------------------------------------------------------------------
                                  4.84   slack (MET)


Startpoint: B[30] (input port clocked by __VIRTUAL_CLK__)
Endpoint: zero_flag (output port clocked by __VIRTUAL_CLK__)
Path Group: __VIRTUAL_CLK__
Path Type: min

Fanout     Cap    Slew   Delay    Time   Description
-----------------------------------------------------------------------------
                  0.00    0.00    0.00   clock __VIRTUAL_CLK__ (rise edge)
                          0.00    0.00   clock network delay (ideal)
                          2.00    2.00 v input external delay
                  0.16    0.11    2.11 v B[30] (in)
     6    0.07                           B[30] (net)
                  0.16    0.00    2.11 v _7260_/B (sky130_fd_sc_hd__nand2_2)
                  0.09    0.14    2.25 ^ _7260_/Y (sky130_fd_sc_hd__nand2_2)
     3    0.01                           _2871_ (net)
                  0.09    0.00    2.25 ^ _7273_/A1 (sky130_fd_sc_hd__a21oi_2)
                  0.03    0.05    2.30 v _7273_/Y (sky130_fd_sc_hd__a21oi_2)
     1    0.00                           _2884_ (net)
                  0.03    0.00    2.30 v _7275_/A (sky130_fd_sc_hd__or2_2)
                  0.07    0.30    2.60 v _7275_/X (sky130_fd_sc_hd__or2_2)
     2    0.01                           _2886_ (net)
                  0.07    0.00    2.60 v _7497_/B (sky130_fd_sc_hd__and4b_2)
                  0.08    0.26    2.85 v _7497_/X (sky130_fd_sc_hd__and4b_2)
     1    0.02                           _3125_ (net)
                  0.08    0.00    2.86 v _7498_/A (sky130_fd_sc_hd__buf_1)
                  0.24    0.25    3.11 v _7498_/X (sky130_fd_sc_hd__buf_1)
     1    0.04                           zero_flag (net)
                  0.24    0.00    3.11 v zero_flag (out)
                                  3.11   data arrival time

                  0.00    0.00    0.00   clock __VIRTUAL_CLK__ (rise edge)
                          0.00    0.00   clock network delay (ideal)
                          0.25    0.25   clock uncertainty
                          0.00    0.25   clock reconvergence pessimism
                         -2.00   -1.75   output external delay
                                 -1.75   data required time
-----------------------------------------------------------------------------
                                 -1.75   data required time
                                 -3.11   data arrival time
-----------------------------------------------------------------------------
                                  4.86   slack (MET)


Startpoint: control[0] (input port clocked by __VIRTUAL_CLK__)
Endpoint: result[6] (output port clocked by __VIRTUAL_CLK__)
Path Group: __VIRTUAL_CLK__
Path Type: min

Fanout     Cap    Slew   Delay    Time   Description
-----------------------------------------------------------------------------
                  0.00    0.00    0.00   clock __VIRTUAL_CLK__ (rise edge)
                          0.00    0.00   clock network delay (ideal)
                          2.00    2.00 ^ input external delay
                  0.16    0.10    2.10 ^ control[0] (in)
     9    0.03                           control[0] (net)
                  0.16    0.00    2.10 ^ _3839_/D (sky130_fd_sc_hd__and4bb_2)
                  0.17    0.33    2.44 ^ _3839_/X (sky130_fd_sc_hd__and4bb_2)
     7    0.03                           _1187_ (net)
                  0.17    0.00    2.44 ^ _4097_/A1 (sky130_fd_sc_hd__o22a_2)
                  0.03    0.16    2.60 ^ _4097_/X (sky130_fd_sc_hd__o22a_2)
     1    0.00                           _3205_ (net)
                  0.03    0.00    2.60 ^ _4098_/C1 (sky130_fd_sc_hd__a221o_2)
                  0.03    0.09    2.69 ^ _4098_/X (sky130_fd_sc_hd__a221o_2)
     1    0.00                           _3206_ (net)
                  0.03    0.00    2.69 ^ _4161_/A (sky130_fd_sc_hd__or3_2)
                  0.03    0.09    2.78 ^ _4161_/X (sky130_fd_sc_hd__or3_2)
     1    0.00                           _3269_ (net)
                  0.03    0.00    2.78 ^ _4162_/A (sky130_fd_sc_hd__buf_1)
                  0.57    0.41    3.19 ^ _4162_/X (sky130_fd_sc_hd__buf_1)
     2    0.05                           result[6] (net)
                  0.57    0.01    3.20 ^ result[6] (out)
                                  3.20   data arrival time

                  0.00    0.00    0.00   clock __VIRTUAL_CLK__ (rise edge)
                          0.00    0.00   clock network delay (ideal)
                          0.25    0.25   clock uncertainty
                          0.00    0.25   clock reconvergence pessimism
                         -2.00   -1.75   output external delay
                                 -1.75   data required time
-----------------------------------------------------------------------------
                                 -1.75   data required time
                                 -3.20   data arrival time
-----------------------------------------------------------------------------
                                  4.95   slack (MET)


Startpoint: control[0] (input port clocked by __VIRTUAL_CLK__)
Endpoint: result[12] (output port clocked by __VIRTUAL_CLK__)
Path Group: __VIRTUAL_CLK__
Path Type: min

Fanout     Cap    Slew   Delay    Time   Description
-----------------------------------------------------------------------------
                  0.00    0.00    0.00   clock __VIRTUAL_CLK__ (rise edge)
                          0.00    0.00   clock network delay (ideal)
                          2.00    2.00 ^ input external delay
                  0.16    0.10    2.10 ^ control[0] (in)
     9    0.03                           control[0] (net)
                  0.16    0.00    2.10 ^ _3788_/A (sky130_fd_sc_hd__inv_2)
                  0.06    0.07    2.18 v _3788_/Y (sky130_fd_sc_hd__inv_2)
     5    0.01                           _0630_ (net)
                  0.06    0.00    2.18 v _3790_/A (sky130_fd_sc_hd__nor2_2)
                  0.35    0.30    2.47 ^ _3790_/Y (sky130_fd_sc_hd__nor2_2)
     8    0.03                           _0652_ (net)
                  0.35    0.00    2.48 ^ _4713_/A1 (sky130_fd_sc_hd__a32o_2)
                  0.04    0.21    2.69 ^ _4713_/X (sky130_fd_sc_hd__a32o_2)
     1    0.00                           _0088_ (net)
                  0.04    0.00    2.69 ^ _4714_/D (sky130_fd_sc_hd__or4_2)
                  0.05    0.11    2.80 ^ _4714_/X (sky130_fd_sc_hd__or4_2)
     1    0.01                           _0089_ (net)
                  0.05    0.00    2.80 ^ _4715_/A (sky130_fd_sc_hd__buf_1)
                  0.55    0.41    3.21 ^ _4715_/X (sky130_fd_sc_hd__buf_1)
     2    0.05                           result[12] (net)
                  0.55    0.00    3.21 ^ result[12] (out)
                                  3.21   data arrival time

                  0.00    0.00    0.00   clock __VIRTUAL_CLK__ (rise edge)
                          0.00    0.00   clock network delay (ideal)
                          0.25    0.25   clock uncertainty
                          0.00    0.25   clock reconvergence pessimism
                         -2.00   -1.75   output external delay
                                 -1.75   data required time
-----------------------------------------------------------------------------
                                 -1.75   data required time
                                 -3.21   data arrival time
-----------------------------------------------------------------------------
                                  4.96   slack (MET)


Startpoint: control[0] (input port clocked by __VIRTUAL_CLK__)
Endpoint: result[19] (output port clocked by __VIRTUAL_CLK__)
Path Group: __VIRTUAL_CLK__
Path Type: min

Fanout     Cap    Slew   Delay    Time   Description
-----------------------------------------------------------------------------
                  0.00    0.00    0.00   clock __VIRTUAL_CLK__ (rise edge)
                          0.00    0.00   clock network delay (ideal)
                          2.00    2.00 ^ input external delay
                  0.16    0.10    2.10 ^ control[0] (in)
     9    0.03                           control[0] (net)
                  0.16    0.00    2.10 ^ _3788_/A (sky130_fd_sc_hd__inv_2)
                  0.06    0.07    2.18 v _3788_/Y (sky130_fd_sc_hd__inv_2)
     5    0.01                           _0630_ (net)
                  0.06    0.00    2.18 v _5160_/A (sky130_fd_sc_hd__nor2_2)
                  0.31    0.27    2.44 ^ _5160_/Y (sky130_fd_sc_hd__nor2_2)
     6    0.03                           _0575_ (net)
                  0.31    0.00    2.45 ^ _5451_/B1 (sky130_fd_sc_hd__o21a_2)
                  0.04    0.19    2.63 ^ _5451_/X (sky130_fd_sc_hd__o21a_2)
     1    0.00                           _0893_ (net)
                  0.04    0.00    2.63 ^ _5452_/C1 (sky130_fd_sc_hd__a311o_2)
                  0.03    0.08    2.72 ^ _5452_/X (sky130_fd_sc_hd__a311o_2)
     1    0.00                           _0894_ (net)
                  0.03    0.00    2.72 ^ _5554_/B (sky130_fd_sc_hd__or3_2)
                  0.03    0.09    2.80 ^ _5554_/X (sky130_fd_sc_hd__or3_2)
     1    0.00                           _1006_ (net)
                  0.03    0.00    2.80 ^ _5555_/A (sky130_fd_sc_hd__buf_1)
                  0.82    0.58    3.38 ^ _5555_/X (sky130_fd_sc_hd__buf_1)
     2    0.07                           result[19] (net)
                  0.82    0.02    3.40 ^ result[19] (out)
                                  3.40   data arrival time

                  0.00    0.00    0.00   clock __VIRTUAL_CLK__ (rise edge)
                          0.00    0.00   clock network delay (ideal)
                          0.25    0.25   clock uncertainty
                          0.00    0.25   clock reconvergence pessimism
                         -2.00   -1.75   output external delay
                                 -1.75   data required time
-----------------------------------------------------------------------------
                                 -1.75   data required time
                                 -3.40   data arrival time
-----------------------------------------------------------------------------
                                  5.15   slack (MET)


Startpoint: control[3] (input port clocked by __VIRTUAL_CLK__)
Endpoint: result[24] (output port clocked by __VIRTUAL_CLK__)
Path Group: __VIRTUAL_CLK__
Path Type: min

Fanout     Cap    Slew   Delay    Time   Description
-----------------------------------------------------------------------------
                  0.00    0.00    0.00   clock __VIRTUAL_CLK__ (rise edge)
                          0.00    0.00   clock network delay (ideal)
                          2.00    2.00 v input external delay
                  0.06    0.04    2.04 v control[3] (in)
     6    0.03                           control[3] (net)
                  0.06    0.00    2.04 v _3808_/B_N (sky130_fd_sc_hd__and4bb_2)
                  0.19    0.39    2.43 ^ _3808_/X (sky130_fd_sc_hd__and4bb_2)
     7    0.03                           _0849_ (net)
                  0.19    0.00    2.43 ^ _6245_/C1 (sky130_fd_sc_hd__o211a_2)
                  0.05    0.20    2.63 ^ _6245_/X (sky130_fd_sc_hd__o211a_2)
     1    0.01                           _1761_ (net)
                  0.05    0.00    2.63 ^ _6252_/A (sky130_fd_sc_hd__or4_2)
                  0.03    0.11    2.73 ^ _6252_/X (sky130_fd_sc_hd__or4_2)
     1    0.00                           _1769_ (net)
                  0.03    0.00    2.73 ^ _6267_/C (sky130_fd_sc_hd__or4_2)
                  0.03    0.09    2.83 ^ _6267_/X (sky130_fd_sc_hd__or4_2)
     1    0.00                           _1785_ (net)
                  0.03    0.00    2.83 ^ _6268_/A (sky130_fd_sc_hd__buf_1)
                  0.91    0.63    3.46 ^ _6268_/X (sky130_fd_sc_hd__buf_1)
     2    0.08                           result[24] (net)
                  0.91    0.03    3.48 ^ result[24] (out)
                                  3.48   data arrival time

                  0.00    0.00    0.00   clock __VIRTUAL_CLK__ (rise edge)
                          0.00    0.00   clock network delay (ideal)
                          0.25    0.25   clock uncertainty
                          0.00    0.25   clock reconvergence pessimism
                         -2.00   -1.75   output external delay
                                 -1.75   data required time
-----------------------------------------------------------------------------
                                 -1.75   data required time
                                 -3.48   data arrival time
-----------------------------------------------------------------------------
                                  5.23   slack (MET)


Startpoint: control[0] (input port clocked by __VIRTUAL_CLK__)
Endpoint: result[26] (output port clocked by __VIRTUAL_CLK__)
Path Group: __VIRTUAL_CLK__
Path Type: min

Fanout     Cap    Slew   Delay    Time   Description
-----------------------------------------------------------------------------
                  0.00    0.00    0.00   clock __VIRTUAL_CLK__ (rise edge)
                          0.00    0.00   clock network delay (ideal)
                          2.00    2.00 v input external delay
                  0.07    0.05    2.05 v control[0] (in)
     9    0.03                           control[0] (net)
                  0.07    0.00    2.05 v _3808_/D (sky130_fd_sc_hd__and4bb_2)
                  0.10    0.29    2.34 v _3808_/X (sky130_fd_sc_hd__and4bb_2)
     7    0.03                           _0849_ (net)
                  0.10    0.00    2.34 v _5406_/A (sky130_fd_sc_hd__buf_1)
                  0.20    0.23    2.58 v _5406_/X (sky130_fd_sc_hd__buf_1)
    10    0.03                           _0844_ (net)
                  0.20    0.00    2.58 v _6571_/C1 (sky130_fd_sc_hd__o211a_2)
                  0.03    0.17    2.75 v _6571_/X (sky130_fd_sc_hd__o211a_2)
     1    0.00                           _2118_ (net)
                  0.03    0.00    2.75 v _6578_/B (sky130_fd_sc_hd__or3b_2)
                  0.08    0.41    3.16 v _6578_/X (sky130_fd_sc_hd__or3b_2)
     1    0.00                           _2125_ (net)
                  0.08    0.00    3.16 v _6579_/A (sky130_fd_sc_hd__buf_1)
                  0.42    0.36    3.52 v _6579_/X (sky130_fd_sc_hd__buf_1)
     2    0.07                           result[26] (net)
                  0.42    0.02    3.54 v result[26] (out)
                                  3.54   data arrival time

                  0.00    0.00    0.00   clock __VIRTUAL_CLK__ (rise edge)
                          0.00    0.00   clock network delay (ideal)
                          0.25    0.25   clock uncertainty
                          0.00    0.25   clock reconvergence pessimism
                         -2.00   -1.75   output external delay
                                 -1.75   data required time
-----------------------------------------------------------------------------
                                 -1.75   data required time
                                 -3.54   data arrival time
-----------------------------------------------------------------------------
                                  5.29   slack (MET)



