
===========================================================================
report_checks -unconstrained
===========================================================================
======================= Typical Corner ===================================

Startpoint: B[3] (input port clocked by __VIRTUAL_CLK__)
Endpoint: zero_flag (output port clocked by __VIRTUAL_CLK__)
Path Group: __VIRTUAL_CLK__
Path Type: max

Fanout     Cap    Slew   Delay    Time   Description
-----------------------------------------------------------------------------
                  0.00    0.00    0.00   clock __VIRTUAL_CLK__ (rise edge)
                          0.00    0.00   clock network delay (ideal)
                          2.00    2.00 ^ input external delay
                  0.03    0.02    2.02 ^ B[3] (in)
     1    0.01                           B[3] (net)
                  0.03    0.00    2.02 ^ input58/A (sky130_fd_sc_hd__buf_6)
                  0.19    0.19    2.22 ^ input58/X (sky130_fd_sc_hd__buf_6)
     8    0.09                           net58 (net)
                  0.20    0.03    2.25 ^ _4246_/A (sky130_fd_sc_hd__clkbuf_4)
                  0.17    0.29    2.54 ^ _4246_/X (sky130_fd_sc_hd__clkbuf_4)
    10    0.05                           _3352_ (net)
                  0.17    0.00    2.54 ^ _6338_/B2 (sky130_fd_sc_hd__a22o_1)
                  0.07    0.18    2.72 ^ _6338_/X (sky130_fd_sc_hd__a22o_1)
     2    0.01                           _1862_ (net)
                  0.07    0.00    2.72 ^ _6339_/B1_N (sky130_fd_sc_hd__a21bo_1)
                  0.11    0.29    3.01 v _6339_/X (sky130_fd_sc_hd__a21bo_1)
     1    0.02                           _1863_ (net)
                  0.11    0.00    3.01 v _6341_/A (sky130_fd_sc_hd__xor2_1)
                  0.10    0.23    3.24 v _6341_/X (sky130_fd_sc_hd__xor2_1)
     3    0.01                           _1866_ (net)
                  0.10    0.00    3.24 v _6472_/A2 (sky130_fd_sc_hd__a21bo_1)
                  0.14    0.33    3.57 v _6472_/X (sky130_fd_sc_hd__a21bo_1)
     2    0.03                           _2009_ (net)
                  0.14    0.00    3.57 v _6473_/C (sky130_fd_sc_hd__and3_1)
                  0.07    0.27    3.84 v _6473_/X (sky130_fd_sc_hd__and3_1)
     1    0.01                           _2010_ (net)
                  0.07    0.00    3.84 v _6474_/A (sky130_fd_sc_hd__buf_2)
                  0.08    0.19    4.04 v _6474_/X (sky130_fd_sc_hd__buf_2)
     6    0.03                           _2011_ (net)
                  0.08    0.00    4.04 v _6485_/A (sky130_fd_sc_hd__or3_4)
                  0.10    0.47    4.51 v _6485_/X (sky130_fd_sc_hd__or3_4)
     2    0.03                           _2023_ (net)
                  0.10    0.00    4.51 v _6487_/B1 (sky130_fd_sc_hd__o211a_1)
                  0.07    0.19    4.70 v _6487_/X (sky130_fd_sc_hd__o211a_1)
     3    0.01                           _2025_ (net)
                  0.07    0.00    4.70 v _6511_/A (sky130_fd_sc_hd__nor4_2)
                  0.27    0.34    5.04 ^ _6511_/Y (sky130_fd_sc_hd__nor4_2)
     2    0.01                           _2052_ (net)
                  0.27    0.00    5.04 ^ wire4/A (sky130_fd_sc_hd__buf_2)
                  0.08    0.21    5.25 ^ wire4/X (sky130_fd_sc_hd__buf_2)
     2    0.01                           net200 (net)
                  0.08    0.00    5.25 ^ _6513_/B1 (sky130_fd_sc_hd__a211oi_4)
                  0.09    0.06    5.31 v _6513_/Y (sky130_fd_sc_hd__a211oi_4)
     3    0.02                           _2054_ (net)
                  0.09    0.00    5.31 v _6547_/A (sky130_fd_sc_hd__or4bb_4)
                  0.10    0.61    5.92 v _6547_/X (sky130_fd_sc_hd__or4bb_4)
     3    0.01                           _2091_ (net)
                  0.10    0.00    5.92 v _6550_/A1 (sky130_fd_sc_hd__a211o_1)
                  0.06    0.30    6.22 v _6550_/X (sky130_fd_sc_hd__a211o_1)
     2    0.01                           _2094_ (net)
                  0.06    0.00    6.22 v _6551_/C (sky130_fd_sc_hd__and3_1)
                  0.06    0.22    6.44 v _6551_/X (sky130_fd_sc_hd__and3_1)
     3    0.01                           _2096_ (net)
                  0.06    0.00    6.44 v _6553_/B1 (sky130_fd_sc_hd__a211o_1)
                  0.08    0.32    6.77 v _6553_/X (sky130_fd_sc_hd__a211o_1)
     3    0.01                           _2098_ (net)
                  0.08    0.00    6.77 v _6556_/A1 (sky130_fd_sc_hd__a211o_1)
                  0.07    0.30    7.07 v _6556_/X (sky130_fd_sc_hd__a211o_1)
     2    0.01                           _2101_ (net)
                  0.07    0.00    7.07 v _6558_/A2 (sky130_fd_sc_hd__a211o_1)
                  0.04    0.30    7.37 v _6558_/X (sky130_fd_sc_hd__a211o_1)
     1    0.00                           _2103_ (net)
                  0.04    0.00    7.37 v _6559_/B (sky130_fd_sc_hd__and2_2)
                  0.08    0.25    7.62 v _6559_/X (sky130_fd_sc_hd__and2_2)
     2    0.02                           _2104_ (net)
                  0.08    0.00    7.62 v _6560_/B (sky130_fd_sc_hd__xnor2_4)
                  0.12    0.19    7.81 v _6560_/Y (sky130_fd_sc_hd__xnor2_4)
     4    0.03                           _2105_ (net)
                  0.12    0.00    7.81 v _6913_/C (sky130_fd_sc_hd__or4_4)
                  0.09    0.53    8.33 v _6913_/X (sky130_fd_sc_hd__or4_4)
     1    0.01                           _2492_ (net)
                  0.09    0.00    8.33 v _6914_/B1 (sky130_fd_sc_hd__a31oi_2)
                  0.17    0.20    8.53 ^ _6914_/Y (sky130_fd_sc_hd__a31oi_2)
     2    0.01                           _2493_ (net)
                  0.17    0.00    8.53 ^ rebuffer44/A (sky130_fd_sc_hd__clkbuf_1)
                  0.08    0.14    8.67 ^ rebuffer44/X (sky130_fd_sc_hd__clkbuf_1)
     1    0.01                           net168 (net)
                  0.08    0.00    8.68 ^ _6918_/A1 (sky130_fd_sc_hd__o31ai_2)
                  0.10    0.11    8.78 v _6918_/Y (sky130_fd_sc_hd__o31ai_2)
     4    0.01                           _2497_ (net)
                  0.10    0.00    8.78 v _7254_/B1 (sky130_fd_sc_hd__o2bb2a_2)
                  0.06    0.32    9.10 v _7254_/X (sky130_fd_sc_hd__o2bb2a_2)
     3    0.01                           _2865_ (net)
                  0.06    0.00    9.10 v _7255_/A2 (sky130_fd_sc_hd__o21ai_1)
                  0.11    0.13    9.24 ^ _7255_/Y (sky130_fd_sc_hd__o21ai_1)
     1    0.00                           _2866_ (net)
                  0.11    0.00    9.24 ^ _7256_/B1 (sky130_fd_sc_hd__a21oi_1)
                  0.07    0.08    9.31 v _7256_/Y (sky130_fd_sc_hd__a21oi_1)
     1    0.01                           _2867_ (net)
                  0.07    0.00    9.31 v _7268_/B1 (sky130_fd_sc_hd__a311o_1)
                  0.06    0.35    9.67 v _7268_/X (sky130_fd_sc_hd__a311o_1)
     1    0.01                           _2879_ (net)
                  0.06    0.00    9.67 v _7269_/B1 (sky130_fd_sc_hd__a31o_4)
                  0.13    0.31    9.98 v _7269_/X (sky130_fd_sc_hd__a31o_4)
     6    0.08                           net92 (net)
                  0.13    0.00    9.99 v _7497_/A_N (sky130_fd_sc_hd__and4b_2)
                  0.24    0.49   10.48 ^ _7497_/X (sky130_fd_sc_hd__and4b_2)
     1    0.04                           _3125_ (net)
                  0.24    0.00   10.48 ^ _7498_/A (sky130_fd_sc_hd__buf_6)
                  0.05    0.17   10.65 ^ _7498_/X (sky130_fd_sc_hd__buf_6)
     1    0.02                           net101 (net)
                  0.05    0.00   10.65 ^ output101/A (sky130_fd_sc_hd__buf_8)
                  0.07    0.12   10.77 ^ output101/X (sky130_fd_sc_hd__buf_8)
     1    0.03                           zero_flag (net)
                  0.07    0.00   10.77 ^ zero_flag (out)
                                 10.77   data arrival time

                  0.00   10.00   10.00   clock __VIRTUAL_CLK__ (rise edge)
                          0.00   10.00   clock network delay (ideal)
                         -0.25    9.75   clock uncertainty
                          0.00    9.75   clock reconvergence pessimism
                         -2.00    7.75   output external delay
                                  7.75   data required time
-----------------------------------------------------------------------------
                                  7.75   data required time
                                -10.77   data arrival time
-----------------------------------------------------------------------------
                                 -3.02   slack (VIOLATED)




===========================================================================
report_checks --slack_max -0.01
============================================================================
======================= Typical Corner ===================================

Startpoint: B[3] (input port clocked by __VIRTUAL_CLK__)
Endpoint: zero_flag (output port clocked by __VIRTUAL_CLK__)
Path Group: __VIRTUAL_CLK__
Path Type: max

Fanout     Cap    Slew   Delay    Time   Description
-----------------------------------------------------------------------------
                  0.00    0.00    0.00   clock __VIRTUAL_CLK__ (rise edge)
                          0.00    0.00   clock network delay (ideal)
                          2.00    2.00 ^ input external delay
                  0.03    0.02    2.02 ^ B[3] (in)
     1    0.01                           B[3] (net)
                  0.03    0.00    2.02 ^ input58/A (sky130_fd_sc_hd__buf_6)
                  0.19    0.19    2.22 ^ input58/X (sky130_fd_sc_hd__buf_6)
     8    0.09                           net58 (net)
                  0.20    0.03    2.25 ^ _4246_/A (sky130_fd_sc_hd__clkbuf_4)
                  0.17    0.29    2.54 ^ _4246_/X (sky130_fd_sc_hd__clkbuf_4)
    10    0.05                           _3352_ (net)
                  0.17    0.00    2.54 ^ _6338_/B2 (sky130_fd_sc_hd__a22o_1)
                  0.07    0.18    2.72 ^ _6338_/X (sky130_fd_sc_hd__a22o_1)
     2    0.01                           _1862_ (net)
                  0.07    0.00    2.72 ^ _6339_/B1_N (sky130_fd_sc_hd__a21bo_1)
                  0.11    0.29    3.01 v _6339_/X (sky130_fd_sc_hd__a21bo_1)
     1    0.02                           _1863_ (net)
                  0.11    0.00    3.01 v _6341_/A (sky130_fd_sc_hd__xor2_1)
                  0.10    0.23    3.24 v _6341_/X (sky130_fd_sc_hd__xor2_1)
     3    0.01                           _1866_ (net)
                  0.10    0.00    3.24 v _6472_/A2 (sky130_fd_sc_hd__a21bo_1)
                  0.14    0.33    3.57 v _6472_/X (sky130_fd_sc_hd__a21bo_1)
     2    0.03                           _2009_ (net)
                  0.14    0.00    3.57 v _6473_/C (sky130_fd_sc_hd__and3_1)
                  0.07    0.27    3.84 v _6473_/X (sky130_fd_sc_hd__and3_1)
     1    0.01                           _2010_ (net)
                  0.07    0.00    3.84 v _6474_/A (sky130_fd_sc_hd__buf_2)
                  0.08    0.19    4.04 v _6474_/X (sky130_fd_sc_hd__buf_2)
     6    0.03                           _2011_ (net)
                  0.08    0.00    4.04 v _6485_/A (sky130_fd_sc_hd__or3_4)
                  0.10    0.47    4.51 v _6485_/X (sky130_fd_sc_hd__or3_4)
     2    0.03                           _2023_ (net)
                  0.10    0.00    4.51 v _6487_/B1 (sky130_fd_sc_hd__o211a_1)
                  0.07    0.19    4.70 v _6487_/X (sky130_fd_sc_hd__o211a_1)
     3    0.01                           _2025_ (net)
                  0.07    0.00    4.70 v _6511_/A (sky130_fd_sc_hd__nor4_2)
                  0.27    0.34    5.04 ^ _6511_/Y (sky130_fd_sc_hd__nor4_2)
     2    0.01                           _2052_ (net)
                  0.27    0.00    5.04 ^ wire4/A (sky130_fd_sc_hd__buf_2)
                  0.08    0.21    5.25 ^ wire4/X (sky130_fd_sc_hd__buf_2)
     2    0.01                           net200 (net)
                  0.08    0.00    5.25 ^ _6513_/B1 (sky130_fd_sc_hd__a211oi_4)
                  0.09    0.06    5.31 v _6513_/Y (sky130_fd_sc_hd__a211oi_4)
     3    0.02                           _2054_ (net)
                  0.09    0.00    5.31 v _6547_/A (sky130_fd_sc_hd__or4bb_4)
                  0.10    0.61    5.92 v _6547_/X (sky130_fd_sc_hd__or4bb_4)
     3    0.01                           _2091_ (net)
                  0.10    0.00    5.92 v _6550_/A1 (sky130_fd_sc_hd__a211o_1)
                  0.06    0.30    6.22 v _6550_/X (sky130_fd_sc_hd__a211o_1)
     2    0.01                           _2094_ (net)
                  0.06    0.00    6.22 v _6551_/C (sky130_fd_sc_hd__and3_1)
                  0.06    0.22    6.44 v _6551_/X (sky130_fd_sc_hd__and3_1)
     3    0.01                           _2096_ (net)
                  0.06    0.00    6.44 v _6553_/B1 (sky130_fd_sc_hd__a211o_1)
                  0.08    0.32    6.77 v _6553_/X (sky130_fd_sc_hd__a211o_1)
     3    0.01                           _2098_ (net)
                  0.08    0.00    6.77 v _6556_/A1 (sky130_fd_sc_hd__a211o_1)
                  0.07    0.30    7.07 v _6556_/X (sky130_fd_sc_hd__a211o_1)
     2    0.01                           _2101_ (net)
                  0.07    0.00    7.07 v _6558_/A2 (sky130_fd_sc_hd__a211o_1)
                  0.04    0.30    7.37 v _6558_/X (sky130_fd_sc_hd__a211o_1)
     1    0.00                           _2103_ (net)
                  0.04    0.00    7.37 v _6559_/B (sky130_fd_sc_hd__and2_2)
                  0.08    0.25    7.62 v _6559_/X (sky130_fd_sc_hd__and2_2)
     2    0.02                           _2104_ (net)
                  0.08    0.00    7.62 v _6560_/B (sky130_fd_sc_hd__xnor2_4)
                  0.12    0.19    7.81 v _6560_/Y (sky130_fd_sc_hd__xnor2_4)
     4    0.03                           _2105_ (net)
                  0.12    0.00    7.81 v _6913_/C (sky130_fd_sc_hd__or4_4)
                  0.09    0.53    8.33 v _6913_/X (sky130_fd_sc_hd__or4_4)
     1    0.01                           _2492_ (net)
                  0.09    0.00    8.33 v _6914_/B1 (sky130_fd_sc_hd__a31oi_2)
                  0.17    0.20    8.53 ^ _6914_/Y (sky130_fd_sc_hd__a31oi_2)
     2    0.01                           _2493_ (net)
                  0.17    0.00    8.53 ^ rebuffer44/A (sky130_fd_sc_hd__clkbuf_1)
                  0.08    0.14    8.67 ^ rebuffer44/X (sky130_fd_sc_hd__clkbuf_1)
     1    0.01                           net168 (net)
                  0.08    0.00    8.68 ^ _6918_/A1 (sky130_fd_sc_hd__o31ai_2)
                  0.10    0.11    8.78 v _6918_/Y (sky130_fd_sc_hd__o31ai_2)
     4    0.01                           _2497_ (net)
                  0.10    0.00    8.78 v _7254_/B1 (sky130_fd_sc_hd__o2bb2a_2)
                  0.06    0.32    9.10 v _7254_/X (sky130_fd_sc_hd__o2bb2a_2)
     3    0.01                           _2865_ (net)
                  0.06    0.00    9.10 v _7255_/A2 (sky130_fd_sc_hd__o21ai_1)
                  0.11    0.13    9.24 ^ _7255_/Y (sky130_fd_sc_hd__o21ai_1)
     1    0.00                           _2866_ (net)
                  0.11    0.00    9.24 ^ _7256_/B1 (sky130_fd_sc_hd__a21oi_1)
                  0.07    0.08    9.31 v _7256_/Y (sky130_fd_sc_hd__a21oi_1)
     1    0.01                           _2867_ (net)
                  0.07    0.00    9.31 v _7268_/B1 (sky130_fd_sc_hd__a311o_1)
                  0.06    0.35    9.67 v _7268_/X (sky130_fd_sc_hd__a311o_1)
     1    0.01                           _2879_ (net)
                  0.06    0.00    9.67 v _7269_/B1 (sky130_fd_sc_hd__a31o_4)
                  0.13    0.31    9.98 v _7269_/X (sky130_fd_sc_hd__a31o_4)
     6    0.08                           net92 (net)
                  0.13    0.00    9.99 v _7497_/A_N (sky130_fd_sc_hd__and4b_2)
                  0.24    0.49   10.48 ^ _7497_/X (sky130_fd_sc_hd__and4b_2)
     1    0.04                           _3125_ (net)
                  0.24    0.00   10.48 ^ _7498_/A (sky130_fd_sc_hd__buf_6)
                  0.05    0.17   10.65 ^ _7498_/X (sky130_fd_sc_hd__buf_6)
     1    0.02                           net101 (net)
                  0.05    0.00   10.65 ^ output101/A (sky130_fd_sc_hd__buf_8)
                  0.07    0.12   10.77 ^ output101/X (sky130_fd_sc_hd__buf_8)
     1    0.03                           zero_flag (net)
                  0.07    0.00   10.77 ^ zero_flag (out)
                                 10.77   data arrival time

                  0.00   10.00   10.00   clock __VIRTUAL_CLK__ (rise edge)
                          0.00   10.00   clock network delay (ideal)
                         -0.25    9.75   clock uncertainty
                          0.00    9.75   clock reconvergence pessimism
                         -2.00    7.75   output external delay
                                  7.75   data required time
-----------------------------------------------------------------------------
                                  7.75   data required time
                                -10.77   data arrival time
-----------------------------------------------------------------------------
                                 -3.02   slack (VIOLATED)




===========================================================================
 report_check_types -max_slew -max_cap -max_fanout -violators
============================================================================
======================= Typical Corner ===================================

max fanout

Pin                                   Limit Fanout  Slack
---------------------------------------------------------
_3938_/X                                 10     12     -2 (VIOLATED)
_3951_/X                                 10     11        (VIOLATED)



===========================================================================
report_parasitic_annotation -report_unannotated
============================================================================
Found 0 unannotated drivers.
Found 0 partially unannotated drivers.

===========================================================================
max slew violation count 0
max fanout violation count 2
max cap violation count 0
============================================================================

===========================================================================
check_setup -verbose -unconstrained_endpoints -multiple_clock -no_clock -no_input_delay -loops -generated_clocks
===========================================================================
