OpenROAD 41a51eaf4ca2171c92ff38afb91eb37bbd3f36da 
This program is licensed under the BSD-3 license. See the LICENSE file for details.
Components of this program may be licensed under more restrictive licenses which must be honored.
[INFO]: Reading ODB at '/openlane/designs/ALU/runs/RUN_2025.07.18_08.04.31/results/routing/alu_32_bit.odb'…
define_corners Typical
read_liberty -corner Typical /home/prormrxcn/.ciel/sky130A/libs.ref/sky130_fd_sc_hd/lib/sky130_fd_sc_hd__tt_025C_1v80.lib
Using 1e-12 for capacitance...
Using 1e+03 for resistance...
Using 1e-09 for time...
Using 1e+00 for voltage...
Using 1e-03 for current...
Using 1e-09 for power...
Using 1e-06 for distance...
Reading design constraints file at '/openlane/designs/ALU/runs/RUN_2025.07.18_08.04.31/tmp/15-alu_32_bit.sdc'…
Net: _0117_
  Pin: _3742_/B (sky130_fd_sc_hd__and2_1)
    Layer: met4
      Partial area ratio:    1.75
      Required ratio:    0.00 (Gate area) 
      Partial area ratio:    9.53
      Required ratio: 3134.60 (Side area) 
      Cumulative area ratio:   80.57
      Required ratio:    0.00 (Cumulative area) 
      Cumulative area ratio:  432.03
      Required ratio:    0.00 (Cumulative side area) 

    Layer: met3
      Partial area ratio:   76.75
      Required ratio:    0.00 (Gate area) 
      Partial area ratio:  411.26
      Required ratio:  400.00 (Side area) (VIOLATED)
      Cumulative area ratio:   78.82
      Required ratio:    0.00 (Cumulative area) 
      Cumulative area ratio:  422.50
      Required ratio:    0.00 (Cumulative side area) 

    Layer: met2
      Partial area ratio:    1.27
      Required ratio:    0.00 (Gate area) 
      Partial area ratio:    6.74
      Required ratio:  400.00 (Side area) 
      Cumulative area ratio:    2.06
      Required ratio:    0.00 (Cumulative area) 
      Cumulative area ratio:   11.24
      Required ratio:    0.00 (Cumulative side area) 

    Layer: met1
      Partial area ratio:    0.79
      Required ratio:    0.00 (Gate area) 
      Partial area ratio:    4.50
      Required ratio:  400.00 (Side area) 
      Cumulative area ratio:    0.79
      Required ratio:    0.00 (Cumulative area) 
      Cumulative area ratio:    4.50
      Required ratio:    0.00 (Cumulative side area) 

    Layer: li1
      Partial area ratio:    0.00
      Required ratio:    0.00 (Gate area) 
      Partial area ratio:    0.00
      Required ratio:   75.00 (Side area) 
      Cumulative area ratio:    0.00
      Required ratio:    0.00 (Cumulative area) 
      Cumulative area ratio:    0.00
      Required ratio:    0.00 (Cumulative side area) 

    Via: M3M4_PR
      Partial area ratio:    0.08
      Required ratio:    6.00 (Gate area) 
      Cumulative area ratio:    0.45
      Required ratio:    0.00 (Cumulative area) 

    Via: M2M3_PR
      Partial area ratio:    0.08
      Required ratio:    6.00 (Gate area) 
      Cumulative area ratio:    0.37
      Required ratio:    0.00 (Cumulative area) 

    Via: M1M2_PR
      Partial area ratio:    0.06
      Required ratio:    6.00 (Gate area) 
      Cumulative area ratio:    0.29
      Required ratio:    0.00 (Cumulative area) 

    Via: L1M1_PR
      Partial area ratio:    0.23
      Required ratio:    3.00 (Gate area) 
      Cumulative area ratio:    0.23
      Required ratio:    0.00 (Cumulative area) 

  Pin: _3743_/B (sky130_fd_sc_hd__nor2_1)
    Layer: met4
      Partial area ratio:    1.75
      Required ratio:    0.00 (Gate area) 
      Partial area ratio:    9.53
      Required ratio: 3134.60 (Side area) 
      Cumulative area ratio:   80.57
      Required ratio:    0.00 (Cumulative area) 
      Cumulative area ratio:  432.03
      Required ratio:    0.00 (Cumulative side area) 

    Layer: met3
      Partial area ratio:   76.75
      Required ratio:    0.00 (Gate area) 
      Partial area ratio:  411.26
      Required ratio:  400.00 (Side area) (VIOLATED)
      Cumulative area ratio:   78.82
      Required ratio:    0.00 (Cumulative area) 
      Cumulative area ratio:  422.50
      Required ratio:    0.00 (Cumulative side area) 

    Layer: met2
      Partial area ratio:    1.27
      Required ratio:    0.00 (Gate area) 
      Partial area ratio:    6.74
      Required ratio:  400.00 (Side area) 
      Cumulative area ratio:    2.06
      Required ratio:    0.00 (Cumulative area) 
      Cumulative area ratio:   11.24
      Required ratio:    0.00 (Cumulative side area) 

    Layer: met1
      Partial area ratio:    0.79
      Required ratio:    0.00 (Gate area) 
      Partial area ratio:    4.50
      Required ratio:  400.00 (Side area) 
      Cumulative area ratio:    0.79
      Required ratio:    0.00 (Cumulative area) 
      Cumulative area ratio:    4.50
      Required ratio:    0.00 (Cumulative side area) 

    Layer: li1
      Partial area ratio:    0.00
      Required ratio:    0.00 (Gate area) 
      Partial area ratio:    0.00
      Required ratio:   75.00 (Side area) 
      Cumulative area ratio:    0.00
      Required ratio:    0.00 (Cumulative area) 
      Cumulative area ratio:    0.00
      Required ratio:    0.00 (Cumulative side area) 

    Via: M3M4_PR
      Partial area ratio:    0.08
      Required ratio:    6.00 (Gate area) 
      Cumulative area ratio:    0.34
      Required ratio:    0.00 (Cumulative area) 

    Via: M2M3_PR
      Partial area ratio:    0.08
      Required ratio:    6.00 (Gate area) 
      Cumulative area ratio:    0.26
      Required ratio:    0.00 (Cumulative area) 

    Via: M1M2_PR
      Partial area ratio:    0.06
      Required ratio:    6.00 (Gate area) 
      Cumulative area ratio:    0.18
      Required ratio:    0.00 (Cumulative area) 

    Via: L1M1_PR
      Partial area ratio:    0.12
      Required ratio:    3.00 (Gate area) 
      Cumulative area ratio:    0.12
      Required ratio:    0.00 (Cumulative area) 

  Pin: _4000_/B (sky130_fd_sc_hd__and2_1)
    Layer: met4
      Partial area ratio:    1.75
      Required ratio:    0.00 (Gate area) 
      Partial area ratio:    9.53
      Required ratio: 3134.60 (Side area) 
      Cumulative area ratio:   80.97
      Required ratio:    0.00 (Cumulative area) 
      Cumulative area ratio:  435.08
      Required ratio:    0.00 (Cumulative side area) 

    Layer: met3
      Partial area ratio:   76.75
      Required ratio:    0.00 (Gate area) 
      Partial area ratio:  411.26
      Required ratio:  400.00 (Side area) (VIOLATED)
      Cumulative area ratio:   79.22
      Required ratio:    0.00 (Cumulative area) 
      Cumulative area ratio:  425.56
      Required ratio:    0.00 (Cumulative side area) 

    Layer: met2
      Partial area ratio:    1.27
      Required ratio:    0.00 (Gate area) 
      Partial area ratio:    6.74
      Required ratio:  400.00 (Side area) 
      Cumulative area ratio:    2.47
      Required ratio:    0.00 (Cumulative area) 
      Cumulative area ratio:   14.30
      Required ratio:    0.00 (Cumulative side area) 

    Layer: met1
      Partial area ratio:    1.20
      Required ratio:    0.00 (Gate area) 
      Partial area ratio:    7.56
      Required ratio:  400.00 (Side area) 
      Cumulative area ratio:    1.20
      Required ratio:    0.00 (Cumulative area) 
      Cumulative area ratio:    7.56
      Required ratio:    0.00 (Cumulative side area) 

    Layer: li1
      Partial area ratio:    0.00
      Required ratio:    0.00 (Gate area) 
      Partial area ratio:    0.00
      Required ratio:   75.00 (Side area) 
      Cumulative area ratio:    0.00
      Required ratio:    0.00 (Cumulative area) 
      Cumulative area ratio:    0.00
      Required ratio:    0.00 (Cumulative side area) 

    Via: M3M4_PR
      Partial area ratio:    0.08
      Required ratio:    6.00 (Gate area) 
      Cumulative area ratio:    0.57
      Required ratio:    0.00 (Cumulative area) 

    Via: M2M3_PR
      Partial area ratio:    0.08
      Required ratio:    6.00 (Gate area) 
      Cumulative area ratio:    0.49
      Required ratio:    0.00 (Cumulative area) 

    Via: M1M2_PR
      Partial area ratio:    0.18
      Required ratio:    6.00 (Gate area) 
      Cumulative area ratio:    0.41
      Required ratio:    0.00 (Cumulative area) 

    Via: L1M1_PR
      Partial area ratio:    0.23
      Required ratio:    3.00 (Gate area) 
      Cumulative area ratio:    0.23
      Required ratio:    0.00 (Cumulative area) 

  Pin: _7041_/A (sky130_fd_sc_hd__nand4_1)
    Layer: met1
      Partial area ratio:    8.79
      Required ratio:    0.00 (Gate area) 
      Partial area ratio:   46.33
      Required ratio:  400.00 (Side area) 
      Cumulative area ratio:    8.79
      Required ratio:    0.00 (Cumulative area) 
      Cumulative area ratio:   46.33
      Required ratio:    0.00 (Cumulative side area) 

    Layer: li1
      Partial area ratio:    0.00
      Required ratio:    0.00 (Gate area) 
      Partial area ratio:    0.00
      Required ratio:   75.00 (Side area) 
      Cumulative area ratio:    0.00
      Required ratio:    0.00 (Cumulative area) 
      Cumulative area ratio:    0.00
      Required ratio:    0.00 (Cumulative side area) 

    Via: M1M2_PR
      Partial area ratio:    0.18
      Required ratio:    6.00 (Gate area) 
      Cumulative area ratio:    0.30
      Required ratio:    0.00 (Cumulative area) 

    Via: L1M1_PR
      Partial area ratio:    0.12
      Required ratio:    3.00 (Gate area) 
      Cumulative area ratio:    0.12
      Required ratio:    0.00 (Cumulative area) 

  Pin: _3824_/A (sky130_fd_sc_hd__buf_4)
    Layer: met1
      Partial area ratio:    4.24
      Required ratio:    0.00 (Gate area) 
      Partial area ratio:   21.61
      Required ratio:  400.00 (Side area) 
      Cumulative area ratio:    4.24
      Required ratio:    0.00 (Cumulative area) 
      Cumulative area ratio:   21.61
      Required ratio:    0.00 (Cumulative side area) 

    Layer: li1
      Partial area ratio:    0.00
      Required ratio:    0.00 (Gate area) 
      Partial area ratio:    0.00
      Required ratio:   75.00 (Side area) 
      Cumulative area ratio:    0.00
      Required ratio:    0.00 (Cumulative area) 
      Cumulative area ratio:    0.00
      Required ratio:    0.00 (Cumulative side area) 

    Via: M1M2_PR
      Partial area ratio:    0.09
      Required ratio:    6.00 (Gate area) 
      Cumulative area ratio:    0.21
      Required ratio:    0.00 (Cumulative area) 

    Via: L1M1_PR
      Partial area ratio:    0.12
      Required ratio:    3.00 (Gate area) 
      Cumulative area ratio:    0.12
      Required ratio:    0.00 (Cumulative area) 

  Pin: _7222_/A (sky130_fd_sc_hd__nand2_1)
    Layer: met1
      Partial area ratio:    2.38
      Required ratio:    0.00 (Gate area) 
      Partial area ratio:   13.09
      Required ratio:  400.00 (Side area) 
      Cumulative area ratio:    2.38
      Required ratio:    0.00 (Cumulative area) 
      Cumulative area ratio:   13.09
      Required ratio:    0.00 (Cumulative side area) 

    Layer: li1
      Partial area ratio:    0.00
      Required ratio:    0.00 (Gate area) 
      Partial area ratio:    0.00
      Required ratio:   75.00 (Side area) 
      Cumulative area ratio:    0.00
      Required ratio:    0.00 (Cumulative area) 
      Cumulative area ratio:    0.00
      Required ratio:    0.00 (Cumulative side area) 

    Via: M1M2_PR
      Partial area ratio:    0.09
      Required ratio:    6.00 (Gate area) 
      Cumulative area ratio:    0.21
      Required ratio:    0.00 (Cumulative area) 

    Via: L1M1_PR
      Partial area ratio:    0.12
      Required ratio:    3.00 (Gate area) 
      Cumulative area ratio:    0.12
      Required ratio:    0.00 (Cumulative area) 

  Pin: _7040_/B2 (sky130_fd_sc_hd__a22o_1)
    Layer: met1
      Partial area ratio:    2.38
      Required ratio:    0.00 (Gate area) 
      Partial area ratio:   13.09
      Required ratio:  400.00 (Side area) 
      Cumulative area ratio:    2.38
      Required ratio:    0.00 (Cumulative area) 
      Cumulative area ratio:   13.09
      Required ratio:    0.00 (Cumulative side area) 

    Layer: li1
      Partial area ratio:    0.00
      Required ratio:    0.00 (Gate area) 
      Partial area ratio:    0.00
      Required ratio:   75.00 (Side area) 
      Cumulative area ratio:    0.00
      Required ratio:    0.00 (Cumulative area) 
      Cumulative area ratio:    0.00
      Required ratio:    0.00 (Cumulative side area) 

    Via: M1M2_PR
      Partial area ratio:    0.09
      Required ratio:    6.00 (Gate area) 
      Cumulative area ratio:    0.21
      Required ratio:    0.00 (Cumulative area) 

    Via: L1M1_PR
      Partial area ratio:    0.12
      Required ratio:    3.00 (Gate area) 
      Cumulative area ratio:    0.12
      Required ratio:    0.00 (Cumulative area) 

  Pin: _6648_/A (sky130_fd_sc_hd__nand4_2)
    Layer: met1
      Partial area ratio:    4.52
      Required ratio:    0.00 (Gate area) 
      Partial area ratio:   23.51
      Required ratio:  400.00 (Side area) 
      Cumulative area ratio:    4.52
      Required ratio:    0.00 (Cumulative area) 
      Cumulative area ratio:   23.51
      Required ratio:    0.00 (Cumulative side area) 

    Layer: li1
      Partial area ratio:    0.00
      Required ratio:    0.00 (Gate area) 
      Partial area ratio:    0.00
      Required ratio:   75.00 (Side area) 
      Cumulative area ratio:    0.00
      Required ratio:    0.00 (Cumulative area) 
      Cumulative area ratio:    0.00
      Required ratio:    0.00 (Cumulative side area) 

    Via: M1M2_PR
      Partial area ratio:    0.06
      Required ratio:    6.00 (Gate area) 
      Cumulative area ratio:    0.12
      Required ratio:    0.00 (Cumulative area) 

    Via: L1M1_PR
      Partial area ratio:    0.06
      Required ratio:    3.00 (Gate area) 
      Cumulative area ratio:    0.06
      Required ratio:    0.00 (Cumulative area) 

  Pin: _6647_/A1 (sky130_fd_sc_hd__a22o_1)
    Layer: met1
      Partial area ratio:    4.52
      Required ratio:    0.00 (Gate area) 
      Partial area ratio:   23.51
      Required ratio:  400.00 (Side area) 
      Cumulative area ratio:    4.52
      Required ratio:    0.00 (Cumulative area) 
      Cumulative area ratio:   23.51
      Required ratio:    0.00 (Cumulative side area) 

    Layer: li1
      Partial area ratio:    0.00
      Required ratio:    0.00 (Gate area) 
      Partial area ratio:    0.00
      Required ratio:   75.00 (Side area) 
      Cumulative area ratio:    0.00
      Required ratio:    0.00 (Cumulative area) 
      Cumulative area ratio:    0.00
      Required ratio:    0.00 (Cumulative side area) 

    Via: M1M2_PR
      Partial area ratio:    0.06
      Required ratio:    6.00 (Gate area) 
      Cumulative area ratio:    0.18
      Required ratio:    0.00 (Cumulative area) 

    Via: L1M1_PR
      Partial area ratio:    0.12
      Required ratio:    3.00 (Gate area) 
      Cumulative area ratio:    0.12
      Required ratio:    0.00 (Cumulative area) 

  Pin: _6516_/A (sky130_fd_sc_hd__nand4_2)
    Layer: met1
      Partial area ratio:    0.57
      Required ratio:    0.00 (Gate area) 
      Partial area ratio:    3.45
      Required ratio:  400.00 (Side area) 
      Cumulative area ratio:    0.57
      Required ratio:    0.00 (Cumulative area) 
      Cumulative area ratio:    3.45
      Required ratio:    0.00 (Cumulative side area) 

    Layer: li1
      Partial area ratio:    0.00
      Required ratio:    0.00 (Gate area) 
      Partial area ratio:    0.00
      Required ratio:   75.00 (Side area) 
      Cumulative area ratio:    0.00
      Required ratio:    0.00 (Cumulative area) 
      Cumulative area ratio:    0.00
      Required ratio:    0.00 (Cumulative side area) 

    Via: M1M2_PR
      Partial area ratio:    0.09
      Required ratio:    6.00 (Gate area) 
      Cumulative area ratio:    0.15
      Required ratio:    0.00 (Cumulative area) 

    Via: L1M1_PR
      Partial area ratio:    0.06
      Required ratio:    3.00 (Gate area) 
      Cumulative area ratio:    0.06
      Required ratio:    0.00 (Cumulative area) 


Net: _0373_
  Pin: _6337_/B (sky130_fd_sc_hd__and3_1)
    Layer: met2
      Partial area ratio:    2.76
      Required ratio:    0.00 (Gate area) 
      Partial area ratio:   14.55
      Required ratio: 2918.08 (Side area) 
      Cumulative area ratio:   16.21
      Required ratio:    0.00 (Cumulative area) 
      Cumulative area ratio:   82.55
      Required ratio:    0.00 (Cumulative side area) 

    Layer: met1
      Partial area ratio:   13.44
      Required ratio:    0.00 (Gate area) 
      Partial area ratio:   68.00
      Required ratio:  400.00 (Side area) 
      Cumulative area ratio:   13.44
      Required ratio:    0.00 (Cumulative area) 
      Cumulative area ratio:   68.00
      Required ratio:    0.00 (Cumulative side area) 

    Layer: li1
      Partial area ratio:    0.00
      Required ratio:    0.00 (Gate area) 
      Partial area ratio:    0.00
      Required ratio:   75.00 (Side area) 
      Cumulative area ratio:    0.00
      Required ratio:    0.00 (Cumulative area) 
      Cumulative area ratio:    0.00
      Required ratio:    0.00 (Cumulative side area) 

    Via: M1M2_PR
      Partial area ratio:    0.36
      Required ratio:    6.00 (Gate area) 
      Cumulative area ratio:    0.59
      Required ratio:    0.00 (Cumulative area) 

    Via: L1M1_PR
      Partial area ratio:    0.23
      Required ratio:    3.00 (Gate area) 
      Cumulative area ratio:    0.23
      Required ratio:    0.00 (Cumulative area) 

  Pin: _4976_/B (sky130_fd_sc_hd__and3_1)
    Layer: met2
      Partial area ratio:    2.76
      Required ratio:    0.00 (Gate area) 
      Partial area ratio:   14.55
      Required ratio: 2918.08 (Side area) 
      Cumulative area ratio:  105.30
      Required ratio:    0.00 (Cumulative area) 
      Cumulative area ratio:  532.66
      Required ratio:    0.00 (Cumulative side area) 

    Layer: met1
      Partial area ratio:   89.09
      Required ratio:    0.00 (Gate area) 
      Partial area ratio:  450.11
      Required ratio:  400.00 (Side area) (VIOLATED)
      Cumulative area ratio:   89.09
      Required ratio:    0.00 (Cumulative area) 
      Cumulative area ratio:  450.11
      Required ratio:    0.00 (Cumulative side area) 

    Layer: li1
      Partial area ratio:    0.00
      Required ratio:    0.00 (Gate area) 
      Partial area ratio:    0.00
      Required ratio:   75.00 (Side area) 
      Cumulative area ratio:    0.00
      Required ratio:    0.00 (Cumulative area) 
      Cumulative area ratio:    0.00
      Required ratio:    0.00 (Cumulative side area) 

    Via: M1M2_PR
      Partial area ratio:    0.36
      Required ratio:    6.00 (Gate area) 
      Cumulative area ratio:    0.59
      Required ratio:    0.00 (Cumulative area) 

    Via: L1M1_PR
      Partial area ratio:    0.23
      Required ratio:    3.00 (Gate area) 
      Cumulative area ratio:    0.23
      Required ratio:    0.00 (Cumulative area) 

  Pin: _5512_/A1 (sky130_fd_sc_hd__a22o_1)
    Layer: met2
      Partial area ratio:    2.76
      Required ratio:    0.00 (Gate area) 
      Partial area ratio:   14.55
      Required ratio: 2918.08 (Side area) 
      Cumulative area ratio:  124.11
      Required ratio:    0.00 (Cumulative area) 
      Cumulative area ratio:  631.03
      Required ratio:    0.00 (Cumulative side area) 

    Layer: met1
      Partial area ratio:    0.87
      Required ratio:    0.00 (Gate area) 
      Partial area ratio:    5.15
      Required ratio:  400.00 (Side area) 
      Cumulative area ratio:    0.87
      Required ratio:    0.00 (Cumulative area) 
      Cumulative area ratio:    5.15
      Required ratio:    0.00 (Cumulative side area) 

    Layer: li1
      Partial area ratio:    0.00
      Required ratio:    0.00 (Gate area) 
      Partial area ratio:    0.00
      Required ratio:   75.00 (Side area) 
      Cumulative area ratio:    0.00
      Required ratio:    0.00 (Cumulative area) 
      Cumulative area ratio:    0.00
      Required ratio:    0.00 (Cumulative side area) 

    Via: M1M2_PR
      Partial area ratio:    0.09
      Required ratio:    6.00 (Gate area) 
      Cumulative area ratio:    0.21
      Required ratio:    0.00 (Cumulative area) 

    Via: L1M1_PR
      Partial area ratio:    0.12
      Required ratio:    3.00 (Gate area) 
      Cumulative area ratio:    0.12
      Required ratio:    0.00 (Cumulative area) 

  Pin: _5643_/A1 (sky130_fd_sc_hd__a22o_1)
    Layer: met2
      Partial area ratio:    2.76
      Required ratio:    0.00 (Gate area) 
      Partial area ratio:   14.55
      Required ratio: 2918.08 (Side area) 
      Cumulative area ratio:  123.84
      Required ratio:    0.00 (Cumulative area) 
      Cumulative area ratio:  629.28
      Required ratio:    0.00 (Cumulative side area) 

    Layer: met1
      Partial area ratio:    0.60
      Required ratio:    0.00 (Gate area) 
      Partial area ratio:    3.39
      Required ratio:  400.00 (Side area) 
      Cumulative area ratio:    0.60
      Required ratio:    0.00 (Cumulative area) 
      Cumulative area ratio:    3.39
      Required ratio:    0.00 (Cumulative side area) 

    Layer: li1
      Partial area ratio:    0.00
      Required ratio:    0.00 (Gate area) 
      Partial area ratio:    0.00
      Required ratio:   75.00 (Side area) 
      Cumulative area ratio:    0.00
      Required ratio:    0.00 (Cumulative area) 
      Cumulative area ratio:    0.00
      Required ratio:    0.00 (Cumulative side area) 

    Via: M1M2_PR
      Partial area ratio:    0.09
      Required ratio:    6.00 (Gate area) 
      Cumulative area ratio:    0.21
      Required ratio:    0.00 (Cumulative area) 

    Via: L1M1_PR
      Partial area ratio:    0.12
      Required ratio:    3.00 (Gate area) 
      Cumulative area ratio:    0.12
      Required ratio:    0.00 (Cumulative area) 

  Pin: _5642_/B (sky130_fd_sc_hd__and3_1)
    Layer: met2
      Partial area ratio:    2.76
      Required ratio:    0.00 (Gate area) 
      Partial area ratio:   14.55
      Required ratio: 2918.08 (Side area) 
      Cumulative area ratio:  123.24
      Required ratio:    0.00 (Cumulative area) 
      Cumulative area ratio:  625.89
      Required ratio:    0.00 (Cumulative side area) 

    Layer: met1
      Partial area ratio:   14.72
      Required ratio:    0.00 (Gate area) 
      Partial area ratio:   76.33
      Required ratio:  400.00 (Side area) 
      Cumulative area ratio:   14.72
      Required ratio:    0.00 (Cumulative area) 
      Cumulative area ratio:   76.33
      Required ratio:    0.00 (Cumulative side area) 

    Layer: li1
      Partial area ratio:    0.00
      Required ratio:    0.00 (Gate area) 
      Partial area ratio:    0.00
      Required ratio:   75.00 (Side area) 
      Cumulative area ratio:    0.00
      Required ratio:    0.00 (Cumulative area) 
      Cumulative area ratio:    0.00
      Required ratio:    0.00 (Cumulative side area) 

    Via: M1M2_PR
      Partial area ratio:    0.36
      Required ratio:    6.00 (Gate area) 
      Cumulative area ratio:    0.59
      Required ratio:    0.00 (Cumulative area) 

    Via: L1M1_PR
      Partial area ratio:    0.23
      Required ratio:    3.00 (Gate area) 
      Cumulative area ratio:    0.23
      Required ratio:    0.00 (Cumulative area) 

  Pin: _5757_/B (sky130_fd_sc_hd__and3_1)
    Layer: met2
      Partial area ratio:    2.76
      Required ratio:    0.00 (Gate area) 
      Partial area ratio:   14.55
      Required ratio: 2918.08 (Side area) 
      Cumulative area ratio:  128.71
      Required ratio:    0.00 (Cumulative area) 
      Cumulative area ratio:  656.33
      Required ratio:    0.00 (Cumulative side area) 

    Layer: met1
      Partial area ratio:    5.47
      Required ratio:    0.00 (Gate area) 
      Partial area ratio:   30.44
      Required ratio:  400.00 (Side area) 
      Cumulative area ratio:    5.47
      Required ratio:    0.00 (Cumulative area) 
      Cumulative area ratio:   30.44
      Required ratio:    0.00 (Cumulative side area) 

    Layer: li1
      Partial area ratio:    0.00
      Required ratio:    0.00 (Gate area) 
      Partial area ratio:    0.00
      Required ratio:   75.00 (Side area) 
      Cumulative area ratio:    0.00
      Required ratio:    0.00 (Cumulative area) 
      Cumulative area ratio:    0.00
      Required ratio:    0.00 (Cumulative side area) 

    Via: M1M2_PR
      Partial area ratio:    0.18
      Required ratio:    6.00 (Gate area) 
      Cumulative area ratio:    0.41
      Required ratio:    0.00 (Cumulative area) 

    Via: L1M1_PR
      Partial area ratio:    0.23
      Required ratio:    3.00 (Gate area) 
      Cumulative area ratio:    0.23
      Required ratio:    0.00 (Cumulative area) 

  Pin: _5758_/A1 (sky130_fd_sc_hd__a22o_1)
    Layer: met2
      Partial area ratio:    2.76
      Required ratio:    0.00 (Gate area) 
      Partial area ratio:   14.55
      Required ratio: 2918.08 (Side area) 
      Cumulative area ratio:  123.24
      Required ratio:    0.00 (Cumulative area) 
      Cumulative area ratio:  625.89
      Required ratio:    0.00 (Cumulative side area) 

    Layer: met1
      Partial area ratio:    0.00
      Required ratio:    0.00 (Gate area) 
      Partial area ratio:    0.00
      Required ratio:  400.00 (Side area) 
      Cumulative area ratio:    0.00
      Required ratio:    0.00 (Cumulative area) 
      Cumulative area ratio:    0.00
      Required ratio:    0.00 (Cumulative side area) 

    Layer: li1
      Partial area ratio:    0.00
      Required ratio:    0.00 (Gate area) 
      Partial area ratio:    0.00
      Required ratio:   75.00 (Side area) 
      Cumulative area ratio:    0.00
      Required ratio:    0.00 (Cumulative area) 
      Cumulative area ratio:    0.00
      Required ratio:    0.00 (Cumulative side area) 

    Via: M1M2_PR
      Partial area ratio:    0.09
      Required ratio:    6.00 (Gate area) 
      Cumulative area ratio:    0.21
      Required ratio:    0.00 (Cumulative area) 

    Via: L1M1_PR
      Partial area ratio:    0.12
      Required ratio:    3.00 (Gate area) 
      Cumulative area ratio:    0.12
      Required ratio:    0.00 (Cumulative area) 

  Pin: _5511_/B (sky130_fd_sc_hd__and3_1)
    Layer: met2
      Partial area ratio:    2.76
      Required ratio:    0.00 (Gate area) 
      Partial area ratio:   14.55
      Required ratio: 2918.08 (Side area) 
      Cumulative area ratio:  123.24
      Required ratio:    0.00 (Cumulative area) 
      Cumulative area ratio:  625.89
      Required ratio:    0.00 (Cumulative side area) 

    Layer: met1
      Partial area ratio:   14.72
      Required ratio:    0.00 (Gate area) 
      Partial area ratio:   76.33
      Required ratio:  400.00 (Side area) 
      Cumulative area ratio:   14.72
      Required ratio:    0.00 (Cumulative area) 
      Cumulative area ratio:   76.33
      Required ratio:    0.00 (Cumulative side area) 

    Layer: li1
      Partial area ratio:    0.00
      Required ratio:    0.00 (Gate area) 
      Partial area ratio:    0.00
      Required ratio:   75.00 (Side area) 
      Cumulative area ratio:    0.00
      Required ratio:    0.00 (Cumulative area) 
      Cumulative area ratio:    0.00
      Required ratio:    0.00 (Cumulative side area) 

    Via: M1M2_PR
      Partial area ratio:    0.36
      Required ratio:    6.00 (Gate area) 
      Cumulative area ratio:    0.59
      Required ratio:    0.00 (Cumulative area) 

    Via: L1M1_PR
      Partial area ratio:    0.23
      Required ratio:    3.00 (Gate area) 
      Cumulative area ratio:    0.23
      Required ratio:    0.00 (Cumulative area) 

  Pin: _5911_/B (sky130_fd_sc_hd__and3_1)
    Layer: met2
      Partial area ratio:    2.76
      Required ratio:    0.00 (Gate area) 
      Partial area ratio:   14.55
      Required ratio: 2918.08 (Side area) 
      Cumulative area ratio:  108.52
      Required ratio:    0.00 (Cumulative area) 
      Cumulative area ratio:  549.55
      Required ratio:    0.00 (Cumulative side area) 

    Layer: met1
      Partial area ratio:    3.22
      Required ratio:    0.00 (Gate area) 
      Partial area ratio:   16.89
      Required ratio:  400.00 (Side area) 
      Cumulative area ratio:    3.22
      Required ratio:    0.00 (Cumulative area) 
      Cumulative area ratio:   16.89
      Required ratio:    0.00 (Cumulative side area) 

    Layer: li1
      Partial area ratio:    0.00
      Required ratio:    0.00 (Gate area) 
      Partial area ratio:    0.00
      Required ratio:   75.00 (Side area) 
      Cumulative area ratio:    0.00
      Required ratio:    0.00 (Cumulative area) 
      Cumulative area ratio:    0.00
      Required ratio:    0.00 (Cumulative side area) 

    Via: M1M2_PR
      Partial area ratio:    0.36
      Required ratio:    6.00 (Gate area) 
      Cumulative area ratio:    0.59
      Required ratio:    0.00 (Cumulative area) 

    Via: L1M1_PR
      Partial area ratio:    0.23
      Required ratio:    3.00 (Gate area) 
      Cumulative area ratio:    0.23
      Required ratio:    0.00 (Cumulative area) 

  Pin: _6338_/A1 (sky130_fd_sc_hd__a22o_1)
    Layer: met2
      Partial area ratio:    2.76
      Required ratio:    0.00 (Gate area) 
      Partial area ratio:   14.55
      Required ratio: 2918.08 (Side area) 
      Cumulative area ratio:    4.95
      Required ratio:    0.00 (Cumulative area) 
      Cumulative area ratio:   26.66
      Required ratio:    0.00 (Cumulative side area) 

    Layer: met1
      Partial area ratio:    2.18
      Required ratio:    0.00 (Gate area) 
      Partial area ratio:   12.11
      Required ratio:  400.00 (Side area) 
      Cumulative area ratio:    2.18
      Required ratio:    0.00 (Cumulative area) 
      Cumulative area ratio:   12.11
      Required ratio:    0.00 (Cumulative side area) 

    Layer: li1
      Partial area ratio:    0.00
      Required ratio:    0.00 (Gate area) 
      Partial area ratio:    0.00
      Required ratio:   75.00 (Side area) 
      Cumulative area ratio:    0.00
      Required ratio:    0.00 (Cumulative area) 
      Cumulative area ratio:    0.00
      Required ratio:    0.00 (Cumulative side area) 

    Via: M1M2_PR
      Partial area ratio:    0.09
      Required ratio:    6.00 (Gate area) 
      Cumulative area ratio:    0.21
      Required ratio:    0.00 (Cumulative area) 

    Via: L1M1_PR
      Partial area ratio:    0.12
      Required ratio:    3.00 (Gate area) 
      Cumulative area ratio:    0.12
      Required ratio:    0.00 (Cumulative area) 


Net: _1909_
  Pin: _5831_/A1 (sky130_fd_sc_hd__mux4_1)
    Layer: met3
      Partial area ratio:   11.72
      Required ratio:    0.00 (Gate area) 
      Partial area ratio:   62.78
      Required ratio: 2956.40 (Side area) 
      Cumulative area ratio:   24.24
      Required ratio:    0.00 (Cumulative area) 
      Cumulative area ratio:  128.30
      Required ratio:    0.00 (Cumulative side area) 

    Layer: met2
      Partial area ratio:    4.81
      Required ratio:    0.00 (Gate area) 
      Partial area ratio:   25.42
      Required ratio:  400.00 (Side area) 
      Cumulative area ratio:   12.52
      Required ratio:    0.00 (Cumulative area) 
      Cumulative area ratio:   65.53
      Required ratio:    0.00 (Cumulative side area) 

    Layer: met1
      Partial area ratio:    7.71
      Required ratio:    0.00 (Gate area) 
      Partial area ratio:   40.11
      Required ratio:  400.00 (Side area) 
      Cumulative area ratio:    7.71
      Required ratio:    0.00 (Cumulative area) 
      Cumulative area ratio:   40.11
      Required ratio:    0.00 (Cumulative side area) 

    Layer: li1
      Partial area ratio:    0.00
      Required ratio:    0.00 (Gate area) 
      Partial area ratio:    0.00
      Required ratio:   75.00 (Side area) 
      Cumulative area ratio:    0.00
      Required ratio:    0.00 (Cumulative area) 
      Cumulative area ratio:    0.00
      Required ratio:    0.00 (Cumulative side area) 

    Via: M2M3_PR
      Partial area ratio:    0.08
      Required ratio:    6.00 (Gate area) 
      Cumulative area ratio:    0.49
      Required ratio:    0.00 (Cumulative area) 

    Via: M1M2_PR
      Partial area ratio:    0.18
      Required ratio:    6.00 (Gate area) 
      Cumulative area ratio:    0.41
      Required ratio:    0.00 (Cumulative area) 

    Via: L1M1_PR
      Partial area ratio:    0.23
      Required ratio:    3.00 (Gate area) 
      Cumulative area ratio:    0.23
      Required ratio:    0.00 (Cumulative area) 

  Pin: _5976_/A2 (sky130_fd_sc_hd__mux4_1)
    Layer: met3
      Partial area ratio:   11.72
      Required ratio:    0.00 (Gate area) 
      Partial area ratio:   62.78
      Required ratio: 2956.40 (Side area) 
      Cumulative area ratio:   16.82
      Required ratio:    0.00 (Cumulative area) 
      Cumulative area ratio:   90.44
      Required ratio:    0.00 (Cumulative side area) 

    Layer: met2
      Partial area ratio:    4.81
      Required ratio:    0.00 (Gate area) 
      Partial area ratio:   25.42
      Required ratio:  400.00 (Side area) 
      Cumulative area ratio:    5.11
      Required ratio:    0.00 (Cumulative area) 
      Cumulative area ratio:   27.67
      Required ratio:    0.00 (Cumulative side area) 

    Layer: met1
      Partial area ratio:    0.29
      Required ratio:    0.00 (Gate area) 
      Partial area ratio:    2.25
      Required ratio:  400.00 (Side area) 
      Cumulative area ratio:    0.29
      Required ratio:    0.00 (Cumulative area) 
      Cumulative area ratio:    2.25
      Required ratio:    0.00 (Cumulative side area) 

    Layer: li1
      Partial area ratio:    0.00
      Required ratio:    0.00 (Gate area) 
      Partial area ratio:    0.00
      Required ratio:   75.00 (Side area) 
      Cumulative area ratio:    0.00
      Required ratio:    0.00 (Cumulative area) 
      Cumulative area ratio:    0.00
      Required ratio:    0.00 (Cumulative side area) 

    Via: M2M3_PR
      Partial area ratio:    0.08
      Required ratio:    6.00 (Gate area) 
      Cumulative area ratio:    0.49
      Required ratio:    0.00 (Cumulative area) 

    Via: M1M2_PR
      Partial area ratio:    0.18
      Required ratio:    6.00 (Gate area) 
      Cumulative area ratio:    0.41
      Required ratio:    0.00 (Cumulative area) 

    Via: L1M1_PR
      Partial area ratio:    0.23
      Required ratio:    3.00 (Gate area) 
      Cumulative area ratio:    0.23
      Required ratio:    0.00 (Cumulative area) 

  Pin: _6242_/A3 (sky130_fd_sc_hd__mux4_1)
    Layer: met3
      Partial area ratio:   11.72
      Required ratio:    0.00 (Gate area) 
      Partial area ratio:   62.78
      Required ratio: 2956.40 (Side area) 
      Cumulative area ratio:   16.53
      Required ratio:    0.00 (Cumulative area) 
      Cumulative area ratio:   88.19
      Required ratio:    0.00 (Cumulative side area) 

    Layer: met2
      Partial area ratio:    4.81
      Required ratio:    0.00 (Gate area) 
      Partial area ratio:   25.42
      Required ratio:  400.00 (Side area) 
      Cumulative area ratio:    4.81
      Required ratio:    0.00 (Cumulative area) 
      Cumulative area ratio:   25.42
      Required ratio:    0.00 (Cumulative side area) 

    Layer: met1
      Partial area ratio:    0.00
      Required ratio:    0.00 (Gate area) 
      Partial area ratio:    0.00
      Required ratio:  400.00 (Side area) 
      Cumulative area ratio:    0.00
      Required ratio:    0.00 (Cumulative area) 
      Cumulative area ratio:    0.00
      Required ratio:    0.00 (Cumulative side area) 

    Layer: li1
      Partial area ratio:    0.00
      Required ratio:    0.00 (Gate area) 
      Partial area ratio:    0.00
      Required ratio:   75.00 (Side area) 
      Cumulative area ratio:    0.00
      Required ratio:    0.00 (Cumulative area) 
      Cumulative area ratio:    0.00
      Required ratio:    0.00 (Cumulative side area) 

    Via: M2M3_PR
      Partial area ratio:    0.08
      Required ratio:    6.00 (Gate area) 
      Cumulative area ratio:    0.49
      Required ratio:    0.00 (Cumulative area) 

    Via: M1M2_PR
      Partial area ratio:    0.18
      Required ratio:    6.00 (Gate area) 
      Cumulative area ratio:    0.41
      Required ratio:    0.00 (Cumulative area) 

    Via: L1M1_PR
      Partial area ratio:    0.23
      Required ratio:    3.00 (Gate area) 
      Cumulative area ratio:    0.23
      Required ratio:    0.00 (Cumulative area) 

  Pin: _5808_/A0 (sky130_fd_sc_hd__mux4_1)
    Layer: met3
      Partial area ratio:   11.72
      Required ratio:    0.00 (Gate area) 
      Partial area ratio:   62.78
      Required ratio: 2956.40 (Side area) 
      Cumulative area ratio:   26.82
      Required ratio:    0.00 (Cumulative area) 
      Cumulative area ratio:  141.97
      Required ratio:    0.00 (Cumulative side area) 

    Layer: met2
      Partial area ratio:    4.81
      Required ratio:    0.00 (Gate area) 
      Partial area ratio:   25.42
      Required ratio:  400.00 (Side area) 
      Cumulative area ratio:   15.10
      Required ratio:    0.00 (Cumulative area) 
      Cumulative area ratio:   79.19
      Required ratio:    0.00 (Cumulative side area) 

    Layer: met1
      Partial area ratio:   10.29
      Required ratio:    0.00 (Gate area) 
      Partial area ratio:   53.78
      Required ratio:  400.00 (Side area) 
      Cumulative area ratio:   10.29
      Required ratio:    0.00 (Cumulative area) 
      Cumulative area ratio:   53.78
      Required ratio:    0.00 (Cumulative side area) 

    Layer: li1
      Partial area ratio:    0.00
      Required ratio:    0.00 (Gate area) 
      Partial area ratio:    0.00
      Required ratio:   75.00 (Side area) 
      Cumulative area ratio:    0.00
      Required ratio:    0.00 (Cumulative area) 
      Cumulative area ratio:    0.00
      Required ratio:    0.00 (Cumulative side area) 

    Via: M2M3_PR
      Partial area ratio:    0.08
      Required ratio:    6.00 (Gate area) 
      Cumulative area ratio:    0.49
      Required ratio:    0.00 (Cumulative area) 

    Via: M1M2_PR
      Partial area ratio:    0.18
      Required ratio:    6.00 (Gate area) 
      Cumulative area ratio:    0.41
      Required ratio:    0.00 (Cumulative area) 

    Via: L1M1_PR
      Partial area ratio:    0.23
      Required ratio:    3.00 (Gate area) 
      Cumulative area ratio:    0.23
      Required ratio:    0.00 (Cumulative area) 

  Pin: _5796_/A (sky130_fd_sc_hd__or2_2)
    Layer: met2
      Partial area ratio:   11.44
      Required ratio:    0.00 (Gate area) 
      Partial area ratio:   58.44
      Required ratio: 2956.40 (Side area) 
      Cumulative area ratio:   43.88
      Required ratio:    0.00 (Cumulative area) 
      Cumulative area ratio:  228.44
      Required ratio:    0.00 (Cumulative side area) 

    Layer: met1
      Partial area ratio:    4.91
      Required ratio:    0.00 (Gate area) 
      Partial area ratio:   26.11
      Required ratio:  400.00 (Side area) 
      Cumulative area ratio:    4.91
      Required ratio:    0.00 (Cumulative area) 
      Cumulative area ratio:   26.11
      Required ratio:    0.00 (Cumulative side area) 

    Layer: met3
      Partial area ratio:   11.72
      Required ratio:    0.00 (Gate area) 
      Partial area ratio:   62.78
      Required ratio: 2956.40 (Side area) 
      Cumulative area ratio:   55.60
      Required ratio:    0.00 (Cumulative area) 
      Cumulative area ratio:  291.22
      Required ratio:    0.00 (Cumulative side area) 

    Layer: li1
      Partial area ratio:    0.00
      Required ratio:    0.00 (Gate area) 
      Partial area ratio:    0.00
      Required ratio:   75.00 (Side area) 
      Cumulative area ratio:    0.00
      Required ratio:    0.00 (Cumulative area) 
      Cumulative area ratio:    0.00
      Required ratio:    0.00 (Cumulative side area) 

    Via: M2M3_PR
      Partial area ratio:    0.03
      Required ratio:    6.00 (Gate area) 
      Cumulative area ratio:    0.98
      Required ratio:    0.00 (Cumulative area) 

    Via: M1M2_PR
      Partial area ratio:    0.36
      Required ratio:    6.00 (Gate area) 
      Cumulative area ratio:    0.59
      Required ratio:    0.00 (Cumulative area) 

    Via: L1M1_PR
      Partial area ratio:    0.23
      Required ratio:    3.00 (Gate area) 
      Cumulative area ratio:    0.23
      Required ratio:    0.00 (Cumulative area) 

  Pin: _5797_/A (sky130_fd_sc_hd__nand2_2)
    Layer: met2
      Partial area ratio:   11.44
      Required ratio:    0.00 (Gate area) 
      Partial area ratio:   58.44
      Required ratio: 2956.40 (Side area) 
      Cumulative area ratio:   38.97
      Required ratio:    0.00 (Cumulative area) 
      Cumulative area ratio:  202.33
      Required ratio:    0.00 (Cumulative side area) 

    Layer: met3
      Partial area ratio:   11.72
      Required ratio:    0.00 (Gate area) 
      Partial area ratio:   62.78
      Required ratio: 2956.40 (Side area) 
      Cumulative area ratio:   50.69
      Required ratio:    0.00 (Cumulative area) 
      Cumulative area ratio:  265.11
      Required ratio:    0.00 (Cumulative side area) 

    Layer: met1
      Partial area ratio:    0.00
      Required ratio:    0.00 (Gate area) 
      Partial area ratio:    0.00
      Required ratio:  400.00 (Side area) 
      Cumulative area ratio:    0.00
      Required ratio:    0.00 (Cumulative area) 
      Cumulative area ratio:    0.00
      Required ratio:    0.00 (Cumulative side area) 

    Layer: li1
      Partial area ratio:    0.00
      Required ratio:    0.00 (Gate area) 
      Partial area ratio:    0.00
      Required ratio:   75.00 (Side area) 
      Cumulative area ratio:    0.00
      Required ratio:    0.00 (Cumulative area) 
      Cumulative area ratio:    0.00
      Required ratio:    0.00 (Cumulative side area) 

    Via: M2M3_PR
      Partial area ratio:    0.03
      Required ratio:    6.00 (Gate area) 
      Cumulative area ratio:    0.49
      Required ratio:    0.00 (Cumulative area) 

    Via: M1M2_PR
      Partial area ratio:    0.05
      Required ratio:    6.00 (Gate area) 
      Cumulative area ratio:    0.10
      Required ratio:    0.00 (Cumulative area) 

    Via: L1M1_PR
      Partial area ratio:    0.06
      Required ratio:    3.00 (Gate area) 
      Cumulative area ratio:    0.06
      Required ratio:    0.00 (Cumulative area) 

  Pin: _5824_/B (sky130_fd_sc_hd__and2b_1)
    Layer: met2
      Partial area ratio:   11.44
      Required ratio:    0.00 (Gate area) 
      Partial area ratio:   58.44
      Required ratio: 2956.40 (Side area) 
      Cumulative area ratio:   38.97
      Required ratio:    0.00 (Cumulative area) 
      Cumulative area ratio:  202.33
      Required ratio:    0.00 (Cumulative side area) 

    Layer: met1
      Partial area ratio:   27.53
      Required ratio:    0.00 (Gate area) 
      Partial area ratio:  143.89
      Required ratio:  400.00 (Side area) 
      Cumulative area ratio:   27.53
      Required ratio:    0.00 (Cumulative area) 
      Cumulative area ratio:  143.89
      Required ratio:    0.00 (Cumulative side area) 

    Layer: met3
      Partial area ratio:   11.72
      Required ratio:    0.00 (Gate area) 
      Partial area ratio:   62.78
      Required ratio: 2956.40 (Side area) 
      Cumulative area ratio:   50.69
      Required ratio:    0.00 (Cumulative area) 
      Cumulative area ratio:  265.11
      Required ratio:    0.00 (Cumulative side area) 

    Layer: li1
      Partial area ratio:    0.00
      Required ratio:    0.00 (Gate area) 
      Partial area ratio:    0.00
      Required ratio:   75.00 (Side area) 
      Cumulative area ratio:    0.00
      Required ratio:    0.00 (Cumulative area) 
      Cumulative area ratio:    0.00
      Required ratio:    0.00 (Cumulative side area) 

    Via: M2M3_PR
      Partial area ratio:    0.03
      Required ratio:    6.00 (Gate area) 
      Cumulative area ratio:    0.62
      Required ratio:    0.00 (Cumulative area) 

    Via: M1M2_PR
      Partial area ratio:    0.36
      Required ratio:    6.00 (Gate area) 
      Cumulative area ratio:    0.59
      Required ratio:    0.00 (Cumulative area) 

    Via: L1M1_PR
      Partial area ratio:    0.23
      Required ratio:    3.00 (Gate area) 
      Cumulative area ratio:    0.23
      Required ratio:    0.00 (Cumulative area) 

  Pin: _7382_/B (sky130_fd_sc_hd__nand2_1)
    Layer: met2
      Partial area ratio:   11.44
      Required ratio:    0.00 (Gate area) 
      Partial area ratio:   58.44
      Required ratio: 2956.40 (Side area) 
      Cumulative area ratio:   11.44
      Required ratio:    0.00 (Cumulative area) 
      Cumulative area ratio:   58.44
      Required ratio:    0.00 (Cumulative side area) 

    Layer: met3
      Partial area ratio:   11.72
      Required ratio:    0.00 (Gate area) 
      Partial area ratio:   62.78
      Required ratio: 2956.40 (Side area) 
      Cumulative area ratio:   23.16
      Required ratio:    0.00 (Cumulative area) 
      Cumulative area ratio:  121.22
      Required ratio:    0.00 (Cumulative side area) 

    Layer: met1
      Partial area ratio:    0.00
      Required ratio:    0.00 (Gate area) 
      Partial area ratio:    0.00
      Required ratio:  400.00 (Side area) 
      Cumulative area ratio:    0.00
      Required ratio:    0.00 (Cumulative area) 
      Cumulative area ratio:    0.00
      Required ratio:    0.00 (Cumulative side area) 

    Layer: li1
      Partial area ratio:    0.00
      Required ratio:    0.00 (Gate area) 
      Partial area ratio:    0.00
      Required ratio:   75.00 (Side area) 
      Cumulative area ratio:    0.00
      Required ratio:    0.00 (Cumulative area) 
      Cumulative area ratio:    0.00
      Required ratio:    0.00 (Cumulative side area) 

    Via: M2M3_PR
      Partial area ratio:    0.03
      Required ratio:    6.00 (Gate area) 
      Cumulative area ratio:    0.24
      Required ratio:    0.00 (Cumulative area) 

    Via: M1M2_PR
      Partial area ratio:    0.09
      Required ratio:    6.00 (Gate area) 
      Cumulative area ratio:    0.21
      Required ratio:    0.00 (Cumulative area) 

    Via: L1M1_PR
      Partial area ratio:    0.12
      Required ratio:    3.00 (Gate area) 
      Cumulative area ratio:    0.12
      Required ratio:    0.00 (Cumulative area) 

  Pin: _3906_/A1 (sky130_fd_sc_hd__mux2_1)
    Layer: met2
      Partial area ratio:   11.44
      Required ratio:    0.00 (Gate area) 
      Partial area ratio:   58.44
      Required ratio: 2956.40 (Side area) 
      Cumulative area ratio:   91.97
      Required ratio:    0.00 (Cumulative area) 
      Cumulative area ratio:  466.55
      Required ratio:    0.00 (Cumulative side area) 

    Layer: met3
      Partial area ratio:   11.72
      Required ratio:    0.00 (Gate area) 
      Partial area ratio:   62.78
      Required ratio: 2956.40 (Side area) 
      Cumulative area ratio:  103.69
      Required ratio:    0.00 (Cumulative area) 
      Cumulative area ratio:  529.33
      Required ratio:    0.00 (Cumulative side area) 

    Layer: met1
      Partial area ratio:   80.53
      Required ratio:    0.00 (Gate area) 
      Partial area ratio:  408.11
      Required ratio:  400.00 (Side area) (VIOLATED)
      Cumulative area ratio:   80.53
      Required ratio:    0.00 (Cumulative area) 
      Cumulative area ratio:  408.11
      Required ratio:    0.00 (Cumulative side area) 

    Layer: li1
      Partial area ratio:    0.00
      Required ratio:    0.00 (Gate area) 
      Partial area ratio:    0.00
      Required ratio:   75.00 (Side area) 
      Cumulative area ratio:    0.00
      Required ratio:    0.00 (Cumulative area) 
      Cumulative area ratio:    0.00
      Required ratio:    0.00 (Cumulative side area) 

    Via: M2M3_PR
      Partial area ratio:    0.03
      Required ratio:    6.00 (Gate area) 
      Cumulative area ratio:    0.62
      Required ratio:    0.00 (Cumulative area) 

    Via: M1M2_PR
      Partial area ratio:    0.36
      Required ratio:    6.00 (Gate area) 
      Cumulative area ratio:    0.59
      Required ratio:    0.00 (Cumulative area) 

    Via: L1M1_PR
      Partial area ratio:    0.23
      Required ratio:    3.00 (Gate area) 
      Cumulative area ratio:    0.23
      Required ratio:    0.00 (Cumulative area) 

  Pin: _4040_/A0 (sky130_fd_sc_hd__mux2_1)
    Layer: met2
      Partial area ratio:   11.44
      Required ratio:    0.00 (Gate area) 
      Partial area ratio:   58.44
      Required ratio: 2956.40 (Side area) 
      Cumulative area ratio:   95.73
      Required ratio:    0.00 (Cumulative area) 
      Cumulative area ratio:  486.89
      Required ratio:    0.00 (Cumulative side area) 

    Layer: met3
      Partial area ratio:   11.72
      Required ratio:    0.00 (Gate area) 
      Partial area ratio:   62.78
      Required ratio: 2956.40 (Side area) 
      Cumulative area ratio:  107.44
      Required ratio:    0.00 (Cumulative area) 
      Cumulative area ratio:  549.66
      Required ratio:    0.00 (Cumulative side area) 

    Layer: met1
      Partial area ratio:    3.76
      Required ratio:    0.00 (Gate area) 
      Partial area ratio:   20.33
      Required ratio:  400.00 (Side area) 
      Cumulative area ratio:    3.76
      Required ratio:    0.00 (Cumulative area) 
      Cumulative area ratio:   20.33
      Required ratio:    0.00 (Cumulative side area) 

    Layer: li1
      Partial area ratio:    0.00
      Required ratio:    0.00 (Gate area) 
      Partial area ratio:    0.00
      Required ratio:   75.00 (Side area) 
      Cumulative area ratio:    0.00
      Required ratio:    0.00 (Cumulative area) 
      Cumulative area ratio:    0.00
      Required ratio:    0.00 (Cumulative side area) 

    Via: M2M3_PR
      Partial area ratio:    0.03
      Required ratio:    6.00 (Gate area) 
      Cumulative area ratio:    0.80
      Required ratio:    0.00 (Cumulative area) 

    Via: M1M2_PR
      Partial area ratio:    0.18
      Required ratio:    6.00 (Gate area) 
      Cumulative area ratio:    0.41
      Required ratio:    0.00 (Cumulative area) 

    Via: L1M1_PR
      Partial area ratio:    0.23
      Required ratio:    3.00 (Gate area) 
      Cumulative area ratio:    0.23
      Required ratio:    0.00 (Cumulative area) 


Net: _2532_
  Pin: _6626_/A2 (sky130_fd_sc_hd__a22o_1)
    Layer: met2
      Partial area ratio:    2.34
      Required ratio:    0.00 (Gate area) 
      Partial area ratio:   12.00
      Required ratio: 2918.08 (Side area) 
      Cumulative area ratio:  117.64
      Required ratio:    0.00 (Cumulative area) 
      Cumulative area ratio:  595.80
      Required ratio:    0.00 (Cumulative side area) 

    Layer: met1
      Partial area ratio:    2.02
      Required ratio:    0.00 (Gate area) 
      Partial area ratio:   11.13
      Required ratio:  400.00 (Side area) 
      Cumulative area ratio:    2.02
      Required ratio:    0.00 (Cumulative area) 
      Cumulative area ratio:   11.13
      Required ratio:    0.00 (Cumulative side area) 

    Layer: li1
      Partial area ratio:    0.00
      Required ratio:    0.00 (Gate area) 
      Partial area ratio:    0.00
      Required ratio:   75.00 (Side area) 
      Cumulative area ratio:    0.00
      Required ratio:    0.00 (Cumulative area) 
      Cumulative area ratio:    0.00
      Required ratio:    0.00 (Cumulative side area) 

    Via: M1M2_PR
      Partial area ratio:    0.12
      Required ratio:    6.00 (Gate area) 
      Cumulative area ratio:    0.24
      Required ratio:    0.00 (Cumulative area) 

    Via: L1M1_PR
      Partial area ratio:    0.12
      Required ratio:    3.00 (Gate area) 
      Cumulative area ratio:    0.12
      Required ratio:    0.00 (Cumulative area) 

  Pin: _6625_/C (sky130_fd_sc_hd__and4_1)
    Layer: met2
      Partial area ratio:    2.34
      Required ratio:    0.00 (Gate area) 
      Partial area ratio:   12.00
      Required ratio: 2918.08 (Side area) 
      Cumulative area ratio:  117.64
      Required ratio:    0.00 (Cumulative area) 
      Cumulative area ratio:  595.80
      Required ratio:    0.00 (Cumulative side area) 

    Layer: met1
      Partial area ratio:    2.02
      Required ratio:    0.00 (Gate area) 
      Partial area ratio:   11.13
      Required ratio:  400.00 (Side area) 
      Cumulative area ratio:    2.02
      Required ratio:    0.00 (Cumulative area) 
      Cumulative area ratio:   11.13
      Required ratio:    0.00 (Cumulative side area) 

    Layer: li1
      Partial area ratio:    0.00
      Required ratio:    0.00 (Gate area) 
      Partial area ratio:    0.00
      Required ratio:   75.00 (Side area) 
      Cumulative area ratio:    0.00
      Required ratio:    0.00 (Cumulative area) 
      Cumulative area ratio:    0.00
      Required ratio:    0.00 (Cumulative side area) 

    Via: M1M2_PR
      Partial area ratio:    0.12
      Required ratio:    6.00 (Gate area) 
      Cumulative area ratio:    0.35
      Required ratio:    0.00 (Cumulative area) 

    Via: L1M1_PR
      Partial area ratio:    0.23
      Required ratio:    3.00 (Gate area) 
      Cumulative area ratio:    0.23
      Required ratio:    0.00 (Cumulative area) 

  Pin: _6498_/D (sky130_fd_sc_hd__nand4_1)
    Layer: met2
      Partial area ratio:    2.34
      Required ratio:    0.00 (Gate area) 
      Partial area ratio:   12.00
      Required ratio: 2918.08 (Side area) 
      Cumulative area ratio:  119.14
      Required ratio:    0.00 (Cumulative area) 
      Cumulative area ratio:  604.25
      Required ratio:    0.00 (Cumulative side area) 

    Layer: met1
      Partial area ratio:    1.49
      Required ratio:    0.00 (Gate area) 
      Partial area ratio:    8.46
      Required ratio:  400.00 (Side area) 
      Cumulative area ratio:    1.49
      Required ratio:    0.00 (Cumulative area) 
      Cumulative area ratio:    8.46
      Required ratio:    0.00 (Cumulative side area) 

    Layer: li1
      Partial area ratio:    0.00
      Required ratio:    0.00 (Gate area) 
      Partial area ratio:    0.00
      Required ratio:   75.00 (Side area) 
      Cumulative area ratio:    0.00
      Required ratio:    0.00 (Cumulative area) 
      Cumulative area ratio:    0.00
      Required ratio:    0.00 (Cumulative side area) 

    Via: M1M2_PR
      Partial area ratio:    0.05
      Required ratio:    6.00 (Gate area) 
      Cumulative area ratio:    0.16
      Required ratio:    0.00 (Cumulative area) 

    Via: L1M1_PR
      Partial area ratio:    0.12
      Required ratio:    3.00 (Gate area) 
      Cumulative area ratio:    0.12
      Required ratio:    0.00 (Cumulative area) 

  Pin: _6499_/B1 (sky130_fd_sc_hd__a22o_1)
    Layer: met2
      Partial area ratio:    2.34
      Required ratio:    0.00 (Gate area) 
      Partial area ratio:   12.00
      Required ratio: 2918.08 (Side area) 
      Cumulative area ratio:  119.14
      Required ratio:    0.00 (Cumulative area) 
      Cumulative area ratio:  604.25
      Required ratio:    0.00 (Cumulative side area) 

    Layer: met1
      Partial area ratio:    1.49
      Required ratio:    0.00 (Gate area) 
      Partial area ratio:    8.46
      Required ratio:  400.00 (Side area) 
      Cumulative area ratio:    1.49
      Required ratio:    0.00 (Cumulative area) 
      Cumulative area ratio:    8.46
      Required ratio:    0.00 (Cumulative side area) 

    Layer: li1
      Partial area ratio:    0.00
      Required ratio:    0.00 (Gate area) 
      Partial area ratio:    0.00
      Required ratio:   75.00 (Side area) 
      Cumulative area ratio:    0.00
      Required ratio:    0.00 (Cumulative area) 
      Cumulative area ratio:    0.00
      Required ratio:    0.00 (Cumulative side area) 

    Via: M1M2_PR
      Partial area ratio:    0.05
      Required ratio:    6.00 (Gate area) 
      Cumulative area ratio:    0.16
      Required ratio:    0.00 (Cumulative area) 

    Via: L1M1_PR
      Partial area ratio:    0.12
      Required ratio:    3.00 (Gate area) 
      Cumulative area ratio:    0.12
      Required ratio:    0.00 (Cumulative area) 

  Pin: _3963_/A (sky130_fd_sc_hd__clkbuf_4)
    Layer: met2
      Partial area ratio:    2.34
      Required ratio:    0.00 (Gate area) 
      Partial area ratio:   12.00
      Required ratio: 2918.08 (Side area) 
      Cumulative area ratio:  121.66
      Required ratio:    0.00 (Cumulative area) 
      Cumulative area ratio:  616.37
      Required ratio:    0.00 (Cumulative side area) 

    Layer: met1
      Partial area ratio:    4.02
      Required ratio:    0.00 (Gate area) 
      Partial area ratio:   20.57
      Required ratio:  400.00 (Side area) 
      Cumulative area ratio:    4.02
      Required ratio:    0.00 (Cumulative area) 
      Cumulative area ratio:   20.57
      Required ratio:    0.00 (Cumulative side area) 

    Layer: li1
      Partial area ratio:    0.00
      Required ratio:    0.00 (Gate area) 
      Partial area ratio:    0.00
      Required ratio:   75.00 (Side area) 
      Cumulative area ratio:    0.00
      Required ratio:    0.00 (Cumulative area) 
      Cumulative area ratio:    0.00
      Required ratio:    0.00 (Cumulative side area) 

    Via: M1M2_PR
      Partial area ratio:    0.11
      Required ratio:    6.00 (Gate area) 
      Cumulative area ratio:    0.24
      Required ratio:    0.00 (Cumulative area) 

    Via: L1M1_PR
      Partial area ratio:    0.14
      Required ratio:    3.00 (Gate area) 
      Cumulative area ratio:    0.14
      Required ratio:    0.00 (Cumulative area) 

  Pin: _6352_/A2_N (sky130_fd_sc_hd__o2bb2a_1)
    Layer: met2
      Partial area ratio:    2.34
      Required ratio:    0.00 (Gate area) 
      Partial area ratio:   12.00
      Required ratio: 2918.08 (Side area) 
      Cumulative area ratio:  115.63
      Required ratio:    0.00 (Cumulative area) 
      Cumulative area ratio:  584.66
      Required ratio:    0.00 (Cumulative side area) 

    Layer: met1
      Partial area ratio:  113.29
      Required ratio:    0.00 (Gate area) 
      Partial area ratio:  572.67
      Required ratio:  400.00 (Side area) (VIOLATED)
      Cumulative area ratio:  113.29
      Required ratio:    0.00 (Cumulative area) 
      Cumulative area ratio:  572.67
      Required ratio:    0.00 (Cumulative side area) 

    Layer: li1
      Partial area ratio:    0.00
      Required ratio:    0.00 (Gate area) 
      Partial area ratio:    0.00
      Required ratio:   75.00 (Side area) 
      Cumulative area ratio:    0.00
      Required ratio:    0.00 (Cumulative area) 
      Cumulative area ratio:    0.00
      Required ratio:    0.00 (Cumulative side area) 

    Via: M1M2_PR
      Partial area ratio:    0.36
      Required ratio:    6.00 (Gate area) 
      Cumulative area ratio:    0.59
      Required ratio:    0.00 (Cumulative area) 

    Via: L1M1_PR
      Partial area ratio:    0.23
      Required ratio:    3.00 (Gate area) 
      Cumulative area ratio:    0.23
      Required ratio:    0.00 (Cumulative area) 

  Pin: _5644_/A1 (sky130_fd_sc_hd__a21bo_1)
    Layer: met1
      Partial area ratio:    0.60
      Required ratio:    0.00 (Gate area) 
      Partial area ratio:    3.39
      Required ratio:  400.00 (Side area) 
      Cumulative area ratio:    0.60
      Required ratio:    0.00 (Cumulative area) 
      Cumulative area ratio:    3.39
      Required ratio:    0.00 (Cumulative side area) 

    Layer: li1
      Partial area ratio:    0.00
      Required ratio:    0.00 (Gate area) 
      Partial area ratio:    0.00
      Required ratio:   75.00 (Side area) 
      Cumulative area ratio:    0.00
      Required ratio:    0.00 (Cumulative area) 
      Cumulative area ratio:    0.00
      Required ratio:    0.00 (Cumulative side area) 

    Via: M1M2_PR
      Partial area ratio:    0.09
      Required ratio:    6.00 (Gate area) 
      Cumulative area ratio:    0.21
      Required ratio:    0.00 (Cumulative area) 

    Via: L1M1_PR
      Partial area ratio:    0.12
      Required ratio:    3.00 (Gate area) 
      Cumulative area ratio:    0.12
      Required ratio:    0.00 (Cumulative area) 

  Pin: _5749_/B2 (sky130_fd_sc_hd__a32o_1)
    Layer: met1
      Partial area ratio:    9.01
      Required ratio:    0.00 (Gate area) 
      Partial area ratio:   47.80
      Required ratio: 2918.08 (Side area) 
      Cumulative area ratio:    9.01
      Required ratio:    0.00 (Cumulative area) 
      Cumulative area ratio:   47.80
      Required ratio:    0.00 (Cumulative side area) 

    Layer: met2
      Partial area ratio:    2.34
      Required ratio:    0.00 (Gate area) 
      Partial area ratio:   12.00
      Required ratio: 2918.08 (Side area) 
      Cumulative area ratio:   11.34
      Required ratio:    0.00 (Cumulative area) 
      Cumulative area ratio:   59.79
      Required ratio:    0.00 (Cumulative side area) 

    Layer: li1
      Partial area ratio:    0.00
      Required ratio:    0.00 (Gate area) 
      Partial area ratio:    0.00
      Required ratio:   75.00 (Side area) 
      Cumulative area ratio:    0.00
      Required ratio:    0.00 (Cumulative area) 
      Cumulative area ratio:    0.00
      Required ratio:    0.00 (Cumulative side area) 

    Via: M1M2_PR
      Partial area ratio:    0.27
      Required ratio:    6.00 (Gate area) 
      Cumulative area ratio:    0.39
      Required ratio:    0.00 (Cumulative area) 

    Via: L1M1_PR
      Partial area ratio:    0.12
      Required ratio:    3.00 (Gate area) 
      Cumulative area ratio:    0.12
      Required ratio:    0.00 (Cumulative area) 

  Pin: _6048_/A2 (sky130_fd_sc_hd__a32o_1)
    Layer: met1
      Partial area ratio:    2.45
      Required ratio:    0.00 (Gate area) 
      Partial area ratio:   13.86
      Required ratio:  400.00 (Side area) 
      Cumulative area ratio:    2.45
      Required ratio:    0.00 (Cumulative area) 
      Cumulative area ratio:   13.86
      Required ratio:    0.00 (Cumulative side area) 

    Layer: li1
      Partial area ratio:    0.00
      Required ratio:    0.00 (Gate area) 
      Partial area ratio:    0.00
      Required ratio:   75.00 (Side area) 
      Cumulative area ratio:    0.00
      Required ratio:    0.00 (Cumulative area) 
      Cumulative area ratio:    0.00
      Required ratio:    0.00 (Cumulative side area) 

    Via: M1M2_PR
      Partial area ratio:    0.18
      Required ratio:    6.00 (Gate area) 
      Cumulative area ratio:    0.30
      Required ratio:    0.00 (Cumulative area) 

    Via: L1M1_PR
      Partial area ratio:    0.12
      Required ratio:    3.00 (Gate area) 
      Cumulative area ratio:    0.12
      Required ratio:    0.00 (Cumulative area) 

  Pin: _5914_/B (sky130_fd_sc_hd__nand2_1)
    Layer: met1
      Partial area ratio:    2.69
      Required ratio:    0.00 (Gate area) 
      Partial area ratio:   14.25
      Required ratio:  400.00 (Side area) 
      Cumulative area ratio:    2.69
      Required ratio:    0.00 (Cumulative area) 
      Cumulative area ratio:   14.25
      Required ratio:    0.00 (Cumulative side area) 

    Layer: li1
      Partial area ratio:    0.00
      Required ratio:    0.00 (Gate area) 
      Partial area ratio:    0.00
      Required ratio:   75.00 (Side area) 
      Cumulative area ratio:    0.00
      Required ratio:    0.00 (Cumulative area) 
      Cumulative area ratio:    0.00
      Required ratio:    0.00 (Cumulative side area) 

    Via: M1M2_PR
      Partial area ratio:    0.09
      Required ratio:    6.00 (Gate area) 
      Cumulative area ratio:    0.21
      Required ratio:    0.00 (Cumulative area) 

    Via: L1M1_PR
      Partial area ratio:    0.12
      Required ratio:    3.00 (Gate area) 
      Cumulative area ratio:    0.12
      Required ratio:    0.00 (Cumulative area) 


Net: _3163_
  Pin: _6757_/A3 (sky130_fd_sc_hd__o31a_1)
    Layer: met3
      Partial area ratio:   22.65
      Required ratio:    0.00 (Gate area) 
      Partial area ratio:  123.37
      Required ratio: 2771.60 (Side area) 
      Cumulative area ratio:   24.36
      Required ratio:    0.00 (Cumulative area) 
      Cumulative area ratio:  132.34
      Required ratio:    0.00 (Cumulative side area) 

    Layer: met2
      Partial area ratio:    1.71
      Required ratio:    0.00 (Gate area) 
      Partial area ratio:    8.97
      Required ratio:  400.00 (Side area) 
      Cumulative area ratio:    1.71
      Required ratio:    0.00 (Cumulative area) 
      Cumulative area ratio:    8.97
      Required ratio:    0.00 (Cumulative side area) 

    Layer: met1
      Partial area ratio:    0.00
      Required ratio:    0.00 (Gate area) 
      Partial area ratio:    0.00
      Required ratio:  400.00 (Side area) 
      Cumulative area ratio:    0.00
      Required ratio:    0.00 (Cumulative area) 
      Cumulative area ratio:    0.00
      Required ratio:    0.00 (Cumulative side area) 

    Layer: li1
      Partial area ratio:    0.00
      Required ratio:    0.00 (Gate area) 
      Partial area ratio:    0.00
      Required ratio:   75.00 (Side area) 
      Cumulative area ratio:    0.00
      Required ratio:    0.00 (Cumulative area) 
      Cumulative area ratio:    0.00
      Required ratio:    0.00 (Cumulative side area) 

    Via: M2M3_PR
      Partial area ratio:    0.16
      Required ratio:    6.00 (Gate area) 
      Cumulative area ratio:    0.37
      Required ratio:    0.00 (Cumulative area) 

    Via: M1M2_PR
      Partial area ratio:    0.09
      Required ratio:    6.00 (Gate area) 
      Cumulative area ratio:    0.21
      Required ratio:    0.00 (Cumulative area) 

    Via: L1M1_PR
      Partial area ratio:    0.12
      Required ratio:    3.00 (Gate area) 
      Cumulative area ratio:    0.12
      Required ratio:    0.00 (Cumulative area) 

  Pin: _4055_/B2 (sky130_fd_sc_hd__a2bb2o_1)
    Layer: met3
      Partial area ratio:   22.65
      Required ratio:    0.00 (Gate area) 
      Partial area ratio:  123.37
      Required ratio: 2771.60 (Side area) 
      Cumulative area ratio:  113.73
      Required ratio:    0.00 (Cumulative area) 
      Cumulative area ratio:  583.43
      Required ratio:    0.00 (Cumulative side area) 

    Layer: met2
      Partial area ratio:   91.08
      Required ratio:    0.00 (Gate area) 
      Partial area ratio:  460.06
      Required ratio:  400.00 (Side area) (VIOLATED)
      Cumulative area ratio:   91.08
      Required ratio:    0.00 (Cumulative area) 
      Cumulative area ratio:  460.06
      Required ratio:    0.00 (Cumulative side area) 

    Layer: met1
      Partial area ratio:    0.00
      Required ratio:    0.00 (Gate area) 
      Partial area ratio:    0.00
      Required ratio:  400.00 (Side area) 
      Cumulative area ratio:    0.00
      Required ratio:    0.00 (Cumulative area) 
      Cumulative area ratio:    0.00
      Required ratio:    0.00 (Cumulative side area) 

    Layer: li1
      Partial area ratio:    0.00
      Required ratio:    0.00 (Gate area) 
      Partial area ratio:    0.00
      Required ratio:   75.00 (Side area) 
      Cumulative area ratio:    0.00
      Required ratio:    0.00 (Cumulative area) 
      Cumulative area ratio:    0.00
      Required ratio:    0.00 (Cumulative side area) 

    Via: M2M3_PR
      Partial area ratio:    0.32
      Required ratio:    6.00 (Gate area) 
      Cumulative area ratio:    0.73
      Required ratio:    0.00 (Cumulative area) 

    Via: M1M2_PR
      Partial area ratio:    0.18
      Required ratio:    6.00 (Gate area) 
      Cumulative area ratio:    0.41
      Required ratio:    0.00 (Cumulative area) 

    Via: L1M1_PR
      Partial area ratio:    0.23
      Required ratio:    3.00 (Gate area) 
      Cumulative area ratio:    0.23
      Required ratio:    0.00 (Cumulative area) 


Net: net81
  Pin: output81/A (sky130_fd_sc_hd__clkbuf_4)
    Layer: met2
      Partial area ratio:   31.94
      Required ratio:    0.00 (Gate area) 
      Partial area ratio:  160.23
      Required ratio: 2780.80 (Side area) 
      Cumulative area ratio:  122.48
      Required ratio:    0.00 (Cumulative area) 
      Cumulative area ratio:  615.26
      Required ratio:    0.00 (Cumulative side area) 

    Layer: met1
      Partial area ratio:   90.55
      Required ratio:    0.00 (Gate area) 
      Partial area ratio:  455.03
      Required ratio:  400.00 (Side area) (VIOLATED)
      Cumulative area ratio:   90.55
      Required ratio:    0.00 (Cumulative area) 
      Cumulative area ratio:  455.03
      Required ratio:    0.00 (Cumulative side area) 

    Layer: li1
      Partial area ratio:    0.00
      Required ratio:    0.00 (Gate area) 
      Partial area ratio:    0.00
      Required ratio:   75.00 (Side area) 
      Cumulative area ratio:    0.00
      Required ratio:    0.00 (Cumulative area) 
      Cumulative area ratio:    0.00
      Required ratio:    0.00 (Cumulative side area) 

    Via: M1M2_PR
      Partial area ratio:    0.11
      Required ratio:    6.00 (Gate area) 
      Cumulative area ratio:    0.24
      Required ratio:    0.00 (Cumulative area) 

    Via: L1M1_PR
      Partial area ratio:    0.14
      Required ratio:    3.00 (Gate area) 
      Cumulative area ratio:    0.14
      Required ratio:    0.00 (Cumulative area) 

  Pin: _7492_/C (sky130_fd_sc_hd__nor4_2)
    Layer: met1
      Partial area ratio:    0.00
      Required ratio:    0.00 (Gate area) 
      Partial area ratio:    0.00
      Required ratio:  400.00 (Side area) 
      Cumulative area ratio:    0.00
      Required ratio:    0.00 (Cumulative area) 
      Cumulative area ratio:    0.00
      Required ratio:    0.00 (Cumulative side area) 

    Layer: li1
      Partial area ratio:    0.00
      Required ratio:    0.00 (Gate area) 
      Partial area ratio:    0.00
      Required ratio:   75.00 (Side area) 
      Cumulative area ratio:    0.00
      Required ratio:    0.00 (Cumulative area) 
      Cumulative area ratio:    0.00
      Required ratio:    0.00 (Cumulative side area) 

    Via: M1M2_PR
      Partial area ratio:    0.05
      Required ratio:    6.00 (Gate area) 
      Cumulative area ratio:    0.10
      Required ratio:    0.00 (Cumulative area) 

    Via: L1M1_PR
      Partial area ratio:    0.06
      Required ratio:    3.00 (Gate area) 
      Cumulative area ratio:    0.06
      Required ratio:    0.00 (Cumulative area) 


Net: net86
  Pin: _7485_/A (sky130_fd_sc_hd__or3_4)
    Layer: met2
      Partial area ratio:   23.38
      Required ratio:    0.00 (Gate area) 
      Partial area ratio:  118.17
      Required ratio: 2780.80 (Side area) 
      Cumulative area ratio:   26.92
      Required ratio:    0.00 (Cumulative area) 
      Cumulative area ratio:  136.67
      Required ratio:    0.00 (Cumulative side area) 

    Layer: met1
      Partial area ratio:    3.54
      Required ratio:    0.00 (Gate area) 
      Partial area ratio:   18.50
      Required ratio:  400.00 (Side area) 
      Cumulative area ratio:    3.54
      Required ratio:    0.00 (Cumulative area) 
      Cumulative area ratio:   18.50
      Required ratio:    0.00 (Cumulative side area) 

    Layer: li1
      Partial area ratio:    0.00
      Required ratio:    0.00 (Gate area) 
      Partial area ratio:    0.00
      Required ratio:   75.00 (Side area) 
      Cumulative area ratio:    0.00
      Required ratio:    0.00 (Cumulative area) 
      Cumulative area ratio:    0.00
      Required ratio:    0.00 (Cumulative side area) 

    Via: M1M2_PR
      Partial area ratio:    0.18
      Required ratio:    6.00 (Gate area) 
      Cumulative area ratio:    0.30
      Required ratio:    0.00 (Cumulative area) 

    Via: L1M1_PR
      Partial area ratio:    0.12
      Required ratio:    3.00 (Gate area) 
      Cumulative area ratio:    0.12
      Required ratio:    0.00 (Cumulative area) 

  Pin: output86/A (sky130_fd_sc_hd__clkbuf_4)
    Layer: met2
      Partial area ratio:   23.38
      Required ratio:    0.00 (Gate area) 
      Partial area ratio:  118.17
      Required ratio: 2780.80 (Side area) 
      Cumulative area ratio:  199.95
      Required ratio:    0.00 (Cumulative area) 
      Cumulative area ratio: 1002.30
      Required ratio:    0.00 (Cumulative side area) 

    Layer: met1
      Partial area ratio:  173.03
      Required ratio:    0.00 (Gate area) 
      Partial area ratio:  865.63
      Required ratio:  400.00 (Side area) (VIOLATED)
      Cumulative area ratio:  173.03
      Required ratio:    0.00 (Cumulative area) 
      Cumulative area ratio:  865.63
      Required ratio:    0.00 (Cumulative side area) 

    Layer: li1
      Partial area ratio:    0.00
      Required ratio:    0.00 (Gate area) 
      Partial area ratio:    0.00
      Required ratio:   75.00 (Side area) 
      Cumulative area ratio:    0.00
      Required ratio:    0.00 (Cumulative area) 
      Cumulative area ratio:    0.00
      Required ratio:    0.00 (Cumulative side area) 

    Via: M1M2_PR
      Partial area ratio:    0.11
      Required ratio:    6.00 (Gate area) 
      Cumulative area ratio:    0.24
      Required ratio:    0.00 (Cumulative area) 

    Via: L1M1_PR
      Partial area ratio:    0.14
      Required ratio:    3.00 (Gate area) 
      Cumulative area ratio:    0.14
      Required ratio:    0.00 (Cumulative area) 


[INFO ANT-0002] Found 7 net violations.
[INFO ANT-0001] Found 9 pin violations.
