Fri Jul 18 08:04:32 UTC 2025 - Executing "openroad -exit -no_init -python /openlane/scripts/odbpy/lefutil.py get_metal_layers -o /openlane/designs/ALU/runs/RUN_2025.07.18_08.04.31/tmp/layers.list /home/prormrxcn/.ciel/sky130A/libs.ref/sky130_fd_sc_hd/techlef/sky130_fd_sc_hd__nom.tlef"

Fri Jul 18 08:04:32 UTC 2025 - Executing "/openlane/scripts/mergeLef.py -o /openlane/designs/ALU/runs/RUN_2025.07.18_08.04.31/tmp/merged.nom.lef -i /home/prormrxcn/.ciel/sky130A/libs.ref/sky130_fd_sc_hd/techlef/sky130_fd_sc_hd__nom.tlef {/home/prormrxcn/.ciel/sky130A/libs.ref/sky130_fd_sc_hd/lef/sky130_fd_sc_hd.lef /home/prormrxcn/.ciel/sky130A/libs.ref/sky130_fd_sc_hd/lef/sky130_ef_sc_hd.lef} |& tee /dev/null"

Fri Jul 18 08:04:32 UTC 2025 - Executing "/openlane/scripts/mergeLef.py -o /openlane/designs/ALU/runs/RUN_2025.07.18_08.04.31/tmp/merged.min.lef -i /home/prormrxcn/.ciel/sky130A/libs.ref/sky130_fd_sc_hd/techlef/sky130_fd_sc_hd__min.tlef {/home/prormrxcn/.ciel/sky130A/libs.ref/sky130_fd_sc_hd/lef/sky130_fd_sc_hd.lef /home/prormrxcn/.ciel/sky130A/libs.ref/sky130_fd_sc_hd/lef/sky130_ef_sc_hd.lef} |& tee /dev/null"

Fri Jul 18 08:04:32 UTC 2025 - Executing "/openlane/scripts/mergeLef.py -o /openlane/designs/ALU/runs/RUN_2025.07.18_08.04.31/tmp/merged.max.lef -i /home/prormrxcn/.ciel/sky130A/libs.ref/sky130_fd_sc_hd/techlef/sky130_fd_sc_hd__max.tlef {/home/prormrxcn/.ciel/sky130A/libs.ref/sky130_fd_sc_hd/lef/sky130_fd_sc_hd.lef /home/prormrxcn/.ciel/sky130A/libs.ref/sky130_fd_sc_hd/lef/sky130_ef_sc_hd.lef} |& tee /dev/null"

Fri Jul 18 08:04:33 UTC 2025 - Executing "python3 /openlane/scripts/mergeLib.py --output /openlane/designs/ALU/runs/RUN_2025.07.18_08.04.31/tmp/synthesis/merged.lib --name sky130A_merged /home/prormrxcn/.ciel/sky130A/libs.ref/sky130_fd_sc_hd/lib/sky130_fd_sc_hd__tt_025C_1v80.lib"

Fri Jul 18 08:04:33 UTC 2025 - Executing "python3 /openlane/scripts/libtrim.py --cell-file /openlane/designs/ALU/runs/RUN_2025.07.18_08.04.31/tmp/synthesis/trimmed.lib.exclude.list --output /openlane/designs/ALU/runs/RUN_2025.07.18_08.04.31/tmp/synthesis/trimmed.lib /openlane/designs/ALU/runs/RUN_2025.07.18_08.04.31/tmp/synthesis/merged.lib"

Fri Jul 18 08:04:33 UTC 2025 - Executing "python3 /openlane/scripts/libtrim.py --cell-file /openlane/designs/ALU/runs/RUN_2025.07.18_08.04.31/tmp/cts/cts.lib.exclude.list --output /openlane/designs/ALU/runs/RUN_2025.07.18_08.04.31/tmp/cts/cts.lib /home/prormrxcn/.ciel/sky130A/libs.ref/sky130_fd_sc_hd/lib/sky130_fd_sc_hd__tt_025C_1v80.lib"

Fri Jul 18 08:04:34 UTC 2025 - Executing "python3 /openlane/scripts/libtrim.py --cell-file /openlane/designs/ALU/runs/RUN_2025.07.18_08.04.31/tmp/cts/cts-fastest.lib.exclude.list --output /openlane/designs/ALU/runs/RUN_2025.07.18_08.04.31/tmp/cts/cts-fastest.lib /home/prormrxcn/.ciel/sky130A/libs.ref/sky130_fd_sc_hd/lib/sky130_fd_sc_hd__ff_n40C_1v95.lib"

Fri Jul 18 08:04:34 UTC 2025 - Executing "python3 /openlane/scripts/libtrim.py --cell-file /openlane/designs/ALU/runs/RUN_2025.07.18_08.04.31/tmp/cts/cts-slowest.lib.exclude.list --output /openlane/designs/ALU/runs/RUN_2025.07.18_08.04.31/tmp/cts/cts-slowest.lib /home/prormrxcn/.ciel/sky130A/libs.ref/sky130_fd_sc_hd/lib/sky130_fd_sc_hd__ss_100C_1v60.lib"

Fri Jul 18 08:04:35 UTC 2025 - Executing "python3 /openlane/scripts/new_tracks.py -i /home/prormrxcn/.ciel/sky130A/libs.tech/openlane/sky130_fd_sc_hd/tracks.info -o /openlane/designs/ALU/runs/RUN_2025.07.18_08.04.31/tmp/routing/config.tracks"

Fri Jul 18 08:04:35 UTC 2025 - Executing "echo {OpenLane 413d301090a476f8d34cf24dc2447da17dfab187} > /openlane/designs/ALU/runs/RUN_2025.07.18_08.04.31/OPENLANE_COMMIT"

Fri Jul 18 08:04:35 UTC 2025 - Executing "bash -c {verilator  --lint-only  -Wall  --Wno-DECLFILENAME  --top-module alu_32_bit  /openlane/designs/ALU/src/alu_32_bit.v -Wno-fatal --relative-includes |& tee /openlane/designs/ALU/runs/RUN_2025.07.18_08.04.31/logs/synthesis/linter.log /dev/null}"

Fri Jul 18 08:04:35 UTC 2025 - Executing "sed -E {s/^([[:space:]]+)pg_pin(.*)/\1pin\2\n\1    direction : "inout";/g} /home/prormrxcn/.ciel/sky130A/libs.ref/sky130_fd_sc_hd/lib/sky130_fd_sc_hd__tt_025C_1v80.lib > /openlane/designs/ALU/runs/RUN_2025.07.18_08.04.31/tmp/synthesis/1-sky130_fd_sc_hd__tt_025C_1v80.no_pg.lib"

Fri Jul 18 08:04:35 UTC 2025 - Executing "sed -E {s/^([[:space:]]+)pg_pin(.*)/\1pin\2\n\1    direction : "inout";/g} /openlane/designs/ALU/runs/RUN_2025.07.18_08.04.31/tmp/synthesis/trimmed.lib > /openlane/designs/ALU/runs/RUN_2025.07.18_08.04.31/tmp/synthesis/1-trimmed.no_pg.lib"

Fri Jul 18 08:04:36 UTC 2025 - Executing "yosys -c /openlane/scripts/yosys/synth.tcl |& tee /dev/null /openlane/designs/ALU/runs/RUN_2025.07.18_08.04.31/logs/synthesis/1-synthesis.log"

Fri Jul 18 08:04:54 UTC 2025 - Executing "sed -i.bak -e {s/\(set ::env(CURRENT_NETLIST)\).*/\1 \/openlane\/designs\/ALU\/runs\/RUN_2025.07.18_08.04.31\/results\/synthesis\/alu_32_bit.v/} /openlane/designs/ALU/runs/RUN_2025.07.18_08.04.31/config.tcl"

Fri Jul 18 08:04:54 UTC 2025 - Executing "sed -i.bak /defparam/d /openlane/designs/ALU/runs/RUN_2025.07.18_08.04.31/results/synthesis/alu_32_bit.v"

Fri Jul 18 08:04:54 UTC 2025 - Executing "sta -exit -no_init /openlane/scripts/openroad/sta/multi_corner.tcl |& tee /dev/null /openlane/designs/ALU/runs/RUN_2025.07.18_08.04.31/logs/synthesis/2-sta.log"

Fri Jul 18 08:04:55 UTC 2025 - Executing "openroad -exit /openlane/scripts/openroad/floorplan.tcl |& tee /dev/null /openlane/designs/ALU/runs/RUN_2025.07.18_08.04.31/logs/floorplan/3-initial_fp.log"

Fri Jul 18 08:04:56 UTC 2025 - Executing "openroad -exit -no_init -python /openlane/scripts/odbpy/defutil.py extract_core_dims --output-data /openlane/designs/ALU/runs/RUN_2025.07.18_08.04.31/tmp/dimensions.txt --input-lef /openlane/designs/ALU/runs/RUN_2025.07.18_08.04.31/tmp/merged.nom.lef /openlane/designs/ALU/runs/RUN_2025.07.18_08.04.31/tmp/floorplan/3-initial_fp.def"

Fri Jul 18 08:04:57 UTC 2025 - Executing "openroad -exit /openlane/scripts/openroad/ioplacer.tcl |& tee /dev/null /openlane/designs/ALU/runs/RUN_2025.07.18_08.04.31/logs/floorplan/4-io.log"

Fri Jul 18 08:04:58 UTC 2025 - Executing "openroad -exit /openlane/scripts/openroad/tapcell.tcl |& tee /dev/null /openlane/designs/ALU/runs/RUN_2025.07.18_08.04.31/logs/floorplan/5-tap.log"

Fri Jul 18 08:04:59 UTC 2025 - Executing "openroad -exit /openlane/scripts/openroad/pdn.tcl |& tee /dev/null /openlane/designs/ALU/runs/RUN_2025.07.18_08.04.31/logs/floorplan/6-pdn.log"

Fri Jul 18 08:05:00 UTC 2025 - Executing "openroad -exit /openlane/scripts/openroad/gpl.tcl |& tee /dev/null /openlane/designs/ALU/runs/RUN_2025.07.18_08.04.31/logs/placement/7-global.log"

Fri Jul 18 08:05:14 UTC 2025 - Executing "sed -i.bak -e {s/\(set ::env(CURRENT_NETLIST)\).*/\1 \/openlane\/designs\/ALU\/runs\/RUN_2025.07.18_08.04.31\/tmp\/placement\/7-global.nl.v/} /openlane/designs/ALU/runs/RUN_2025.07.18_08.04.31/config.tcl"

Fri Jul 18 08:05:14 UTC 2025 - Executing "openroad -exit /openlane/scripts/openroad/sta/multi_corner.tcl |& tee /dev/null /openlane/designs/ALU/runs/RUN_2025.07.18_08.04.31/logs/placement/8-gpl_sta.log"

Fri Jul 18 08:05:16 UTC 2025 - Executing "openroad -exit /openlane/scripts/openroad/resizer.tcl |& tee /dev/null /openlane/designs/ALU/runs/RUN_2025.07.18_08.04.31/logs/placement/9-resizer.log"

Fri Jul 18 08:05:22 UTC 2025 - Executing "sed -i.bak -e {s/\(set ::env(CURRENT_NETLIST)\).*/\1 \/openlane\/designs\/ALU\/runs\/RUN_2025.07.18_08.04.31\/tmp\/placement\/9-resizer.nl.v/} /openlane/designs/ALU/runs/RUN_2025.07.18_08.04.31/config.tcl"

Fri Jul 18 08:05:22 UTC 2025 - Executing "openroad -exit /openlane/scripts/openroad/dpl.tcl |& tee /dev/null /openlane/designs/ALU/runs/RUN_2025.07.18_08.04.31/logs/placement/10-detailed.log"

Fri Jul 18 08:05:23 UTC 2025 - Executing "sed -i.bak -e {s/\(set ::env(CURRENT_NETLIST)\).*/\1 \/openlane\/designs\/ALU\/runs\/RUN_2025.07.18_08.04.31\/results\/placement\/alu_32_bit.nl.v/} /openlane/designs/ALU/runs/RUN_2025.07.18_08.04.31/config.tcl"

Fri Jul 18 08:05:23 UTC 2025 - Executing "openroad -exit /openlane/scripts/openroad/sta/multi_corner.tcl |& tee /dev/null /openlane/designs/ALU/runs/RUN_2025.07.18_08.04.31/logs/placement/11-dpl_sta.log"

Fri Jul 18 08:05:25 UTC 2025 - Executing "openroad -exit /openlane/scripts/openroad/resizer_timing.tcl |& tee /dev/null /openlane/designs/ALU/runs/RUN_2025.07.18_08.04.31/logs/cts/12-resizer.log"

Fri Jul 18 08:05:54 UTC 2025 - Executing "sed -i.bak -e {s/\(set ::env(CURRENT_NETLIST)\).*/\1 \/openlane\/designs\/ALU\/runs\/RUN_2025.07.18_08.04.31\/tmp\/cts\/12-alu_32_bit.resized.nl.v/} /openlane/designs/ALU/runs/RUN_2025.07.18_08.04.31/config.tcl"

Fri Jul 18 08:05:54 UTC 2025 - Executing "openroad -exit /openlane/scripts/openroad/resizer_routing_design.tcl |& tee /dev/null /openlane/designs/ALU/runs/RUN_2025.07.18_08.04.31/logs/routing/13-resizer_design.log"

Fri Jul 18 08:06:04 UTC 2025 - Executing "sed -i.bak -e {s/\(set ::env(CURRENT_NETLIST)\).*/\1 \/openlane\/designs\/ALU\/runs\/RUN_2025.07.18_08.04.31\/tmp\/13-alu_32_bit.nl.v/} /openlane/designs/ALU/runs/RUN_2025.07.18_08.04.31/config.tcl"

Fri Jul 18 08:06:04 UTC 2025 - Executing "openroad -exit /openlane/scripts/openroad/sta/multi_corner.tcl |& tee /dev/null /openlane/designs/ALU/runs/RUN_2025.07.18_08.04.31/logs/routing/14-rsz_design_sta.log"

Fri Jul 18 08:06:09 UTC 2025 - Executing "openroad -exit /openlane/scripts/openroad/resizer_routing_timing.tcl |& tee /dev/null /openlane/designs/ALU/runs/RUN_2025.07.18_08.04.31/logs/routing/15-resizer_timing.log"

Fri Jul 18 08:06:29 UTC 2025 - Executing "sed -i.bak -e {s/\(set ::env(CURRENT_NETLIST)\).*/\1 \/openlane\/designs\/ALU\/runs\/RUN_2025.07.18_08.04.31\/tmp\/15-alu_32_bit.nl.v/} /openlane/designs/ALU/runs/RUN_2025.07.18_08.04.31/config.tcl"

Fri Jul 18 08:06:29 UTC 2025 - Executing "openroad -exit /openlane/scripts/openroad/sta/multi_corner.tcl |& tee /dev/null /openlane/designs/ALU/runs/RUN_2025.07.18_08.04.31/logs/routing/16-rsz_timing_sta.log"

Fri Jul 18 08:06:34 UTC 2025 - Executing "openroad -exit /openlane/scripts/openroad/groute.tcl |& tee /dev/null /openlane/designs/ALU/runs/RUN_2025.07.18_08.04.31/logs/routing/17-global.log"

Fri Jul 18 08:06:37 UTC 2025 - Executing "openroad -exit /openlane/scripts/openroad/write_views.tcl |& tee /dev/null /openlane/designs/ALU/runs/RUN_2025.07.18_08.04.31/logs/routing/17-global_write_netlist.log"

Fri Jul 18 08:06:38 UTC 2025 - Executing "sed -i.bak -e {s/\(set ::env(CURRENT_NETLIST)\).*/\1 \/openlane\/designs\/ALU\/runs\/RUN_2025.07.18_08.04.31\/tmp\/routing\/global.nl.v/} /openlane/designs/ALU/runs/RUN_2025.07.18_08.04.31/config.tcl"

Fri Jul 18 08:06:38 UTC 2025 - Executing "openroad -exit /openlane/scripts/openroad/sta/multi_corner.tcl |& tee /dev/null /openlane/designs/ALU/runs/RUN_2025.07.18_08.04.31/logs/routing/19-grt_sta.log"

Fri Jul 18 08:06:40 UTC 2025 - Executing "openroad -exit /openlane/scripts/openroad/fill.tcl |& tee /dev/null /openlane/designs/ALU/runs/RUN_2025.07.18_08.04.31/logs/routing/20-fill.log"

Fri Jul 18 08:06:41 UTC 2025 - Executing "sed -i.bak -e {s/\(set ::env(CURRENT_NETLIST)\).*/\1 \/openlane\/designs\/ALU\/runs\/RUN_2025.07.18_08.04.31\/tmp\/routing\/20-fill.nl.v/} /openlane/designs/ALU/runs/RUN_2025.07.18_08.04.31/config.tcl"

Fri Jul 18 08:06:41 UTC 2025 - Executing "openroad -exit /openlane/scripts/openroad/droute.tcl |& tee /dev/null /openlane/designs/ALU/runs/RUN_2025.07.18_08.04.31/logs/routing/21-detailed.log"

Fri Jul 18 08:14:54 UTC 2025 - Executing "sed -i.bak -e {s/\(set ::env(CURRENT_NETLIST)\).*/\1 \/openlane\/designs\/ALU\/runs\/RUN_2025.07.18_08.04.31\/results\/routing\/alu_32_bit.nl.v/} /openlane/designs/ALU/runs/RUN_2025.07.18_08.04.31/config.tcl"

Fri Jul 18 08:14:54 UTC 2025 - Executing "python3 /openlane/scripts/drc_rosetta.py tr to_klayout -o /openlane/designs/ALU/runs/RUN_2025.07.18_08.04.31/reports/routing/drt.klayout.xml --design-name alu_32_bit /openlane/designs/ALU/runs/RUN_2025.07.18_08.04.31/reports/routing/drt.drc"

Fri Jul 18 08:14:54 UTC 2025 - Executing "openroad -exit -no_init -python /openlane/scripts/odbpy/wire_lengths.py --report-out /openlane/designs/ALU/runs/RUN_2025.07.18_08.04.31/reports/routing/22-wire_lengths.csv --input-lef /openlane/designs/ALU/runs/RUN_2025.07.18_08.04.31/tmp/merged.nom.lef --output-def /dev/null --output /openlane/designs/ALU/runs/RUN_2025.07.18_08.04.31/results/routing/alu_32_bit.odb /openlane/designs/ALU/runs/RUN_2025.07.18_08.04.31/results/routing/alu_32_bit.odb |& tee /dev/null /openlane/designs/ALU/runs/RUN_2025.07.18_08.04.31/logs/routing/22-wire_lengths.log"

Fri Jul 18 08:14:55 UTC 2025 - Executing "openroad -exit /openlane/scripts/openroad/rcx.tcl |& tee /dev/null /openlane/designs/ALU/runs/RUN_2025.07.18_08.04.31/logs/signoff/23-parasitics_extraction.min.log"

Fri Jul 18 08:14:58 UTC 2025 - Executing "sta -exit -no_init /openlane/scripts/openroad/sta/multi_corner.tcl |& tee /dev/null /openlane/designs/ALU/runs/RUN_2025.07.18_08.04.31/logs/signoff/24-rcx_mcsta.min.log"

Fri Jul 18 08:15:21 UTC 2025 - Executing "openroad -exit /openlane/scripts/openroad/rcx.tcl |& tee /dev/null /openlane/designs/ALU/runs/RUN_2025.07.18_08.04.31/logs/signoff/25-parasitics_extraction.max.log"

Fri Jul 18 08:15:24 UTC 2025 - Executing "sta -exit -no_init /openlane/scripts/openroad/sta/multi_corner.tcl |& tee /dev/null /openlane/designs/ALU/runs/RUN_2025.07.18_08.04.31/logs/signoff/26-rcx_mcsta.max.log"

Fri Jul 18 08:15:47 UTC 2025 - Executing "openroad -exit /openlane/scripts/openroad/rcx.tcl |& tee /dev/null /openlane/designs/ALU/runs/RUN_2025.07.18_08.04.31/logs/signoff/27-parasitics_extraction.nom.log"

Fri Jul 18 08:15:50 UTC 2025 - Executing "sta -exit -no_init /openlane/scripts/openroad/sta/multi_corner.tcl |& tee /dev/null /openlane/designs/ALU/runs/RUN_2025.07.18_08.04.31/logs/signoff/28-rcx_mcsta.nom.log"

Fri Jul 18 08:16:13 UTC 2025 - Executing "sta -exit -no_init /openlane/scripts/openroad/sta/multi_corner.tcl |& tee /dev/null /openlane/designs/ALU/runs/RUN_2025.07.18_08.04.31/logs/signoff/29-rcx_sta.log"

Fri Jul 18 08:16:18 UTC 2025 - Executing "openroad -exit /openlane/scripts/openroad/irdrop.tcl |& tee /dev/null /openlane/designs/ALU/runs/RUN_2025.07.18_08.04.31/logs/signoff/30-irdrop.log"

Fri Jul 18 08:16:21 UTC 2025 - Executing "magic -noconsole -dnull -rcfile /home/prormrxcn/.ciel/sky130A/libs.tech/magic/sky130A.magicrc < /openlane/scripts/magic/wrapper.tcl |& tee /dev/null /openlane/designs/ALU/runs/RUN_2025.07.18_08.04.31/logs/signoff/31-gdsii.log"

Fri Jul 18 08:16:25 UTC 2025 - Executing "magic -noconsole -dnull -rcfile /home/prormrxcn/.ciel/sky130A/libs.tech/magic/sky130A.magicrc < /openlane/scripts/magic/wrapper.tcl |& tee /dev/null /openlane/designs/ALU/runs/RUN_2025.07.18_08.04.31/logs/signoff/31-gds_ptrs.log"

Fri Jul 18 08:16:29 UTC 2025 - Executing "sed -i.bak -n {/^<< properties >>/,/^<< end >>/p} /openlane/designs/ALU/runs/RUN_2025.07.18_08.04.31/tmp/signoff/gds_ptrs.mag"

Fri Jul 18 08:16:29 UTC 2025 - Executing "magic -noconsole -dnull -rcfile /home/prormrxcn/.ciel/sky130A/libs.tech/magic/sky130A.magicrc < /openlane/scripts/magic/wrapper.tcl |& tee /dev/null /openlane/designs/ALU/runs/RUN_2025.07.18_08.04.31/logs/signoff/31-lef.log"

Fri Jul 18 08:16:36 UTC 2025 - Executing "magic -noconsole -dnull -rcfile /home/prormrxcn/.ciel/sky130A/libs.tech/magic/sky130A.magicrc < /openlane/scripts/magic/wrapper.tcl |& tee /dev/null /openlane/designs/ALU/runs/RUN_2025.07.18_08.04.31/logs/signoff/31-maglef.log"

Fri Jul 18 08:16:37 UTC 2025 - Executing "python3 /openlane/scripts/klayout/stream_out.py --output /openlane/designs/ALU/runs/RUN_2025.07.18_08.04.31/results/signoff/alu_32_bit.klayout.gds --lyt /home/prormrxcn/.ciel/sky130A/libs.tech/klayout/tech/sky130A.lyt --lym /home/prormrxcn/.ciel/sky130A/libs.tech/klayout/tech/sky130A.map --lyp /home/prormrxcn/.ciel/sky130A/libs.tech/klayout/tech/sky130A.lyp --top alu_32_bit --with-gds-file /home/prormrxcn/.ciel/sky130A/libs.ref/sky130_fd_sc_hd/gds/sky130_fd_sc_hd.gds --input-lef /openlane/designs/ALU/runs/RUN_2025.07.18_08.04.31/tmp/merged.nom.lef /openlane/designs/ALU/runs/RUN_2025.07.18_08.04.31/results/routing/alu_32_bit.def |& tee /dev/null /openlane/designs/ALU/runs/RUN_2025.07.18_08.04.31/logs/signoff/32-gdsii-klayout.log"

Fri Jul 18 08:16:39 UTC 2025 - Executing "klayout -b -r /openlane/scripts/klayout/xor.drc -rd a=/openlane/designs/ALU/runs/RUN_2025.07.18_08.04.31/results/signoff/alu_32_bit.gds -rd b=/openlane/designs/ALU/runs/RUN_2025.07.18_08.04.31/results/signoff/alu_32_bit.klayout.gds -rd jobs=1 -rd rdb_out=/openlane/designs/ALU/runs/RUN_2025.07.18_08.04.31/reports/signoff/33-xor.xml -rd ignore=81/14 -rd rpt_out=/openlane/designs/ALU/runs/RUN_2025.07.18_08.04.31/reports/signoff/33-xor.rpt |& tee /dev/null /openlane/designs/ALU/runs/RUN_2025.07.18_08.04.31/logs/signoff/33-xor.log"

Fri Jul 18 08:16:54 UTC 2025 - Executing "magic -noconsole -dnull -rcfile /home/prormrxcn/.ciel/sky130A/libs.tech/magic/sky130A.magicrc < /openlane/scripts/magic/wrapper.tcl |& tee /dev/null /openlane/designs/ALU/runs/RUN_2025.07.18_08.04.31/logs/signoff/34-spice.log"

Fri Jul 18 08:17:09 UTC 2025 - Executing "openroad -exit -no_init -python /openlane/scripts/odbpy/power_utils.py write_powered_def --output /openlane/designs/ALU/runs/RUN_2025.07.18_08.04.31/tmp/signoff/34-alu_32_bit.p.def --input-lef /openlane/designs/ALU/runs/RUN_2025.07.18_08.04.31/tmp/merged.nom.lef --power-port VPWR --ground-port VGND --powered-netlist {} /openlane/designs/ALU/runs/RUN_2025.07.18_08.04.31/results/routing/alu_32_bit.def |& tee /dev/null /openlane/designs/ALU/runs/RUN_2025.07.18_08.04.31/logs/signoff/35-write_powered_def.log"

Fri Jul 18 08:17:10 UTC 2025 - Executing "openroad -exit /openlane/scripts/openroad/write_views.tcl |& tee /dev/null /openlane/designs/ALU/runs/RUN_2025.07.18_08.04.31/logs/signoff/35-write_powered_verilog.log"

Fri Jul 18 08:17:12 UTC 2025 - Executing "sed -i.bak -e {s/\(set ::env(CURRENT_NETLIST)\).*/\1 \/openlane\/designs\/ALU\/runs\/RUN_2025.07.18_08.04.31\/tmp\/signoff\/34-alu_32_bit.nl.v/} /openlane/designs/ALU/runs/RUN_2025.07.18_08.04.31/config.tcl"

Fri Jul 18 08:17:12 UTC 2025 - Executing "netgen -batch source /openlane/designs/ALU/runs/RUN_2025.07.18_08.04.31/tmp/signoff/37-setup_file.lef.lvs |& tee /dev/null /openlane/designs/ALU/runs/RUN_2025.07.18_08.04.31/logs/signoff/37-lvs.lef.log"

Fri Jul 18 08:17:15 UTC 2025 - Executing "magic -noconsole -dnull -rcfile /home/prormrxcn/.ciel/sky130A/libs.tech/magic/sky130A.magicrc < /openlane/scripts/magic/wrapper.tcl |& tee /dev/null /openlane/designs/ALU/runs/RUN_2025.07.18_08.04.31/logs/signoff/38-drc.log"

Fri Jul 18 08:17:19 UTC 2025 - Executing "python3 /openlane/scripts/drc_rosetta.py magic to_tcl -o /openlane/designs/ALU/runs/RUN_2025.07.18_08.04.31/reports/signoff/drc.tcl /openlane/designs/ALU/runs/RUN_2025.07.18_08.04.31/reports/signoff/drc.rpt"

Fri Jul 18 08:17:19 UTC 2025 - Executing "python3 /openlane/scripts/drc_rosetta.py magic to_tr -o /openlane/designs/ALU/runs/RUN_2025.07.18_08.04.31/reports/signoff/drc.tr /openlane/designs/ALU/runs/RUN_2025.07.18_08.04.31/reports/signoff/drc.rpt"

Fri Jul 18 08:17:20 UTC 2025 - Executing "python3 /openlane/scripts/drc_rosetta.py tr to_klayout -o /openlane/designs/ALU/runs/RUN_2025.07.18_08.04.31/reports/signoff/drc.klayout.xml --design-name alu_32_bit /openlane/designs/ALU/runs/RUN_2025.07.18_08.04.31/reports/signoff/drc.tr"

Fri Jul 18 08:17:20 UTC 2025 - Executing "python3 /openlane/scripts/drc_rosetta.py magic to_rdb -o /openlane/designs/ALU/runs/RUN_2025.07.18_08.04.31/reports/signoff/drc.rdb /openlane/designs/ALU/runs/RUN_2025.07.18_08.04.31/reports/signoff/drc.rpt"

Fri Jul 18 08:17:20 UTC 2025 - Executing "openroad -exit /openlane/scripts/openroad/antenna_check.tcl |& tee /dev/null /openlane/designs/ALU/runs/RUN_2025.07.18_08.04.31/logs/signoff/39-arc.log"

Fri Jul 18 08:17:22 UTC 2025 - Executing "python3 /openlane/scripts/extract_antenna_violators.py --output /openlane/designs/ALU/runs/RUN_2025.07.18_08.04.31/reports/signoff/39-antenna_violators.rpt --plain-out /openlane/designs/ALU/runs/RUN_2025.07.18_08.04.31/reports/signoff/39-antenna_violators_pins.txt /openlane/designs/ALU/runs/RUN_2025.07.18_08.04.31/logs/signoff/39-arc.log"

Fri Jul 18 08:17:22 UTC 2025 - Executing "awk -v vdd=VPWR -v gnd=VGND -f /home/prormrxcn/.ciel/sky130A/libs.tech/openlane/cvc/power.awk /openlane/designs/ALU/runs/RUN_2025.07.18_08.04.31/tmp/signoff/34-alu_32_bit.nl.v > /openlane/designs/ALU/runs/RUN_2025.07.18_08.04.31/tmp/signoff/alu_32_bit.power"

Fri Jul 18 08:17:22 UTC 2025 - Executing "awk -f /home/prormrxcn/.ciel/sky130A/libs.tech/openlane/cvc/cdl.awk /home/prormrxcn/.ciel/sky130A/libs.ref/sky130_fd_sc_hd/cdl/sky130_fd_sc_hd.cdl /openlane/designs/ALU/runs/RUN_2025.07.18_08.04.31/results/signoff/alu_32_bit.lef.spice > /openlane/designs/ALU/runs/RUN_2025.07.18_08.04.31/tmp/signoff/alu_32_bit.cdl"

Fri Jul 18 08:17:22 UTC 2025 - Executing "cvc_rv /home/prormrxcn/.ciel/sky130A/libs.tech/openlane/cvc/cvcrc |& tee /dev/null /openlane/designs/ALU/runs/RUN_2025.07.18_08.04.31/logs/signoff/40-erc_screen.log"

